[0.010s] Invoking command in '/home/joar/subvision_ws/src/build/ds4_driver': AMENT_PREFIX_PATH=/home/joar/subvision_ws/src/install/ds4_driver_msgs:${AMENT_PREFIX_PATH} CMAKE_PREFIX_PATH=/home/joar/subvision_ws/src/install/ds4_driver_msgs:/home/joar/subvision_ws/install/subvision:/opt/ros/humble LD_LIBRARY_PATH=/home/joar/subvision_ws/src/install/ds4_driver_msgs/lib:${LD_LIBRARY_PATH} PYTHONPATH=/home/joar/subvision_ws/src/install/ds4_driver_msgs/local/lib/python3.10/dist-packages:${PYTHONPATH} /usr/bin/cmake /home/joar/subvision_ws/src/ds4_driver/ds4_driver -DCMAKE_INSTALL_PREFIX=/home/joar/subvision_ws/src/install/ds4_driver
[0.065s] -- The C compiler identification is GNU 11.4.0
[0.119s] -- The CXX compiler identification is GNU 11.4.0
[0.127s] -- Detecting C compiler ABI info
[0.200s] -- Detecting C compiler ABI info - done
[0.206s] -- Check for working C compiler: /usr/bin/cc - skipped
[0.206s] -- Detecting C compile features
[0.206s] -- Detecting C compile features - done
[0.209s] -- Detecting CXX compiler ABI info
[0.291s] -- Detecting CXX compiler ABI info - done
[0.297s] -- Check for working CXX compiler: /usr/bin/c++ - skipped
[0.297s] -- Detecting CXX compile features
[0.297s] -- Detecting CXX compile features - done
[0.299s] -- Found ament_cmake: 1.3.10 (/opt/ros/humble/share/ament_cmake/cmake)
[0.433s] -- Found Python3: /usr/bin/python3 (found version "3.10.12") found components: Interpreter 
[0.510s] -- Found sensor_msgs: 4.2.4 (/opt/ros/humble/share/sensor_msgs/cmake)
[0.539s] -- Found rosidl_generator_c: 3.1.5 (/opt/ros/humble/share/rosidl_generator_c/cmake)
[0.543s] -- Found rosidl_adapter: 3.1.5 (/opt/ros/humble/share/rosidl_adapter/cmake)
[0.550s] -- Found rosidl_generator_cpp: 3.1.5 (/opt/ros/humble/share/rosidl_generator_cpp/cmake)
[0.560s] -- Using all available rosidl_typesupport_c: rosidl_typesupport_fastrtps_c;rosidl_typesupport_introspection_c
[0.573s] -- Using all available rosidl_typesupport_cpp: rosidl_typesupport_fastrtps_cpp;rosidl_typesupport_introspection_cpp
[0.620s] -- Found ds4_driver_msgs: 0.0.0 (/home/joar/subvision_ws/src/install/ds4_driver_msgs/share/ds4_driver_msgs/cmake)
[0.635s] -- Found ament_lint_auto: 0.12.11 (/opt/ros/humble/share/ament_lint_auto/cmake)
[0.759s] -- Added test 'copyright' to check source files copyright and LICENSE
[0.762s] -- Added test 'flake8' to check Python code syntax and style conventions
[0.762s] -- Added test 'lint_cmake' to check CMake code style
[0.763s] -- Added test 'pep257' to check Python code against some of the docstring style conventions in PEP 257
[0.764s] -- Added test 'xmllint' to check XML markup files
[0.765s] -- Configuring done
[0.770s] -- Generating done
[0.771s] -- Build files have been written to: /home/joar/subvision_ws/src/build/ds4_driver
[0.779s] Invoked command in '/home/joar/subvision_ws/src/build/ds4_driver' returned '0': AMENT_PREFIX_PATH=/home/joar/subvision_ws/src/install/ds4_driver_msgs:${AMENT_PREFIX_PATH} CMAKE_PREFIX_PATH=/home/joar/subvision_ws/src/install/ds4_driver_msgs:/home/joar/subvision_ws/install/subvision:/opt/ros/humble LD_LIBRARY_PATH=/home/joar/subvision_ws/src/install/ds4_driver_msgs/lib:${LD_LIBRARY_PATH} PYTHONPATH=/home/joar/subvision_ws/src/install/ds4_driver_msgs/local/lib/python3.10/dist-packages:${PYTHONPATH} /usr/bin/cmake /home/joar/subvision_ws/src/ds4_driver/ds4_driver -DCMAKE_INSTALL_PREFIX=/home/joar/subvision_ws/src/install/ds4_driver
[0.780s] Invoking command in '/home/joar/subvision_ws/src/build/ds4_driver': AMENT_PREFIX_PATH=/home/joar/subvision_ws/src/install/ds4_driver_msgs:${AMENT_PREFIX_PATH} CMAKE_PREFIX_PATH=/home/joar/subvision_ws/src/install/ds4_driver_msgs:/home/joar/subvision_ws/install/subvision:/opt/ros/humble LD_LIBRARY_PATH=/home/joar/subvision_ws/src/install/ds4_driver_msgs/lib:${LD_LIBRARY_PATH} PYTHONPATH=/home/joar/subvision_ws/src/install/ds4_driver_msgs/local/lib/python3.10/dist-packages:${PYTHONPATH} /usr/bin/cmake --build /home/joar/subvision_ws/src/build/ds4_driver -- -j16 -l16
[0.839s] Built target ament_cmake_python_copy_ds4_driver
[1.024s] running egg_info
[1.024s] creating ds4_driver.egg-info
[1.024s] writing ds4_driver.egg-info/PKG-INFO
[1.024s] writing dependency_links to ds4_driver.egg-info/dependency_links.txt
[1.024s] writing top-level names to ds4_driver.egg-info/top_level.txt
[1.025s] writing manifest file 'ds4_driver.egg-info/SOURCES.txt'
[1.026s] reading manifest file 'ds4_driver.egg-info/SOURCES.txt'
[1.026s] writing manifest file 'ds4_driver.egg-info/SOURCES.txt'
[1.058s] Built target ament_cmake_python_build_ds4_driver_egg
[1.070s] Invoked command in '/home/joar/subvision_ws/src/build/ds4_driver' returned '0': AMENT_PREFIX_PATH=/home/joar/subvision_ws/src/install/ds4_driver_msgs:${AMENT_PREFIX_PATH} CMAKE_PREFIX_PATH=/home/joar/subvision_ws/src/install/ds4_driver_msgs:/home/joar/subvision_ws/install/subvision:/opt/ros/humble LD_LIBRARY_PATH=/home/joar/subvision_ws/src/install/ds4_driver_msgs/lib:${LD_LIBRARY_PATH} PYTHONPATH=/home/joar/subvision_ws/src/install/ds4_driver_msgs/local/lib/python3.10/dist-packages:${PYTHONPATH} /usr/bin/cmake --build /home/joar/subvision_ws/src/build/ds4_driver -- -j16 -l16
[1.096s] Invoking command in '/home/joar/subvision_ws/src/build/ds4_driver': AMENT_PREFIX_PATH=/home/joar/subvision_ws/src/install/ds4_driver_msgs:${AMENT_PREFIX_PATH} CMAKE_PREFIX_PATH=/home/joar/subvision_ws/src/install/ds4_driver_msgs:/home/joar/subvision_ws/install/subvision:/opt/ros/humble LD_LIBRARY_PATH=/home/joar/subvision_ws/src/install/ds4_driver_msgs/lib:${LD_LIBRARY_PATH} PYTHONPATH=/home/joar/subvision_ws/src/install/ds4_driver_msgs/local/lib/python3.10/dist-packages:${PYTHONPATH} /usr/bin/cmake --install /home/joar/subvision_ws/src/build/ds4_driver
[1.102s] -- Install configuration: ""
[1.103s] -- Installing: /home/joar/subvision_ws/src/install/ds4_driver/share/ds4_driver/environment/pythonpath.sh
[1.103s] -- Installing: /home/joar/subvision_ws/src/install/ds4_driver/share/ds4_driver/environment/pythonpath.dsv
[1.103s] -- Installing: /home/joar/subvision_ws/src/install/ds4_driver/local/lib/python3.10/dist-packages/ds4_driver-0.2.1-py3.10.egg-info
[1.103s] -- Installing: /home/joar/subvision_ws/src/install/ds4_driver/local/lib/python3.10/dist-packages/ds4_driver-0.2.1-py3.10.egg-info/top_level.txt
[1.103s] -- Installing: /home/joar/subvision_ws/src/install/ds4_driver/local/lib/python3.10/dist-packages/ds4_driver-0.2.1-py3.10.egg-info/SOURCES.txt
[1.103s] -- Installing: /home/joar/subvision_ws/src/install/ds4_driver/local/lib/python3.10/dist-packages/ds4_driver-0.2.1-py3.10.egg-info/PKG-INFO
[1.103s] -- Installing: /home/joar/subvision_ws/src/install/ds4_driver/local/lib/python3.10/dist-packages/ds4_driver-0.2.1-py3.10.egg-info/dependency_links.txt
[1.103s] -- Installing: /home/joar/subvision_ws/src/install/ds4_driver/local/lib/python3.10/dist-packages/ds4_driver
[1.103s] -- Installing: /home/joar/subvision_ws/src/install/ds4_driver/local/lib/python3.10/dist-packages/ds4_driver/controller.py
[1.103s] -- Installing: /home/joar/subvision_ws/src/install/ds4_driver/local/lib/python3.10/dist-packages/ds4_driver/__init__.py
[1.103s] -- Installing: /home/joar/subvision_ws/src/install/ds4_driver/local/lib/python3.10/dist-packages/ds4_driver/logger.py
[1.104s] -- Installing: /home/joar/subvision_ws/src/install/ds4_driver/local/lib/python3.10/dist-packages/ds4_driver/controller_ros.py
[1.132s] Listing '/home/joar/subvision_ws/src/install/ds4_driver/local/lib/python3.10/dist-packages/ds4_driver'...
[1.132s] Compiling '/home/joar/subvision_ws/src/install/ds4_driver/local/lib/python3.10/dist-packages/ds4_driver/__init__.py'...
[1.133s] Compiling '/home/joar/subvision_ws/src/install/ds4_driver/local/lib/python3.10/dist-packages/ds4_driver/controller.py'...
[1.133s] Compiling '/home/joar/subvision_ws/src/install/ds4_driver/local/lib/python3.10/dist-packages/ds4_driver/controller_ros.py'...
[1.133s] Compiling '/home/joar/subvision_ws/src/install/ds4_driver/local/lib/python3.10/dist-packages/ds4_driver/logger.py'...
[1.137s] -- Installing: /home/joar/subvision_ws/src/install/ds4_driver/share/ds4_driver//config
[1.137s] -- Installing: /home/joar/subvision_ws/src/install/ds4_driver/share/ds4_driver//config/twist_6dof.yaml
[1.137s] -- Installing: /home/joar/subvision_ws/src/install/ds4_driver/share/ds4_driver//config/params.yaml
[1.138s] -- Installing: /home/joar/subvision_ws/src/install/ds4_driver/share/ds4_driver//config/twist_2dof.yaml
[1.138s] -- Installing: /home/joar/subvision_ws/src/install/ds4_driver/share/ds4_driver//launch
[1.138s] -- Installing: /home/joar/subvision_ws/src/install/ds4_driver/share/ds4_driver//launch/ds4_twist.launch.xml
[1.138s] -- Installing: /home/joar/subvision_ws/src/install/ds4_driver/share/ds4_driver//launch/ds4_driver.launch.xml
[1.138s] -- Installing: /home/joar/subvision_ws/src/install/ds4_driver/share/ds4_driver//launch/demo.launch.xml
[1.138s] -- Installing: /home/joar/subvision_ws/src/install/ds4_driver/lib/ds4_driver/demo.py
[1.138s] -- Installing: /home/joar/subvision_ws/src/install/ds4_driver/lib/ds4_driver/ds4_driver_node.py
[1.138s] -- Installing: /home/joar/subvision_ws/src/install/ds4_driver/lib/ds4_driver/ds4_twist_node.py
[1.138s] -- Installing: /home/joar/subvision_ws/src/install/ds4_driver/share/ament_index/resource_index/package_run_dependencies/ds4_driver
[1.138s] -- Installing: /home/joar/subvision_ws/src/install/ds4_driver/share/ament_index/resource_index/parent_prefix_path/ds4_driver
[1.139s] -- Installing: /home/joar/subvision_ws/src/install/ds4_driver/share/ds4_driver/environment/ament_prefix_path.sh
[1.139s] -- Installing: /home/joar/subvision_ws/src/install/ds4_driver/share/ds4_driver/environment/ament_prefix_path.dsv
[1.139s] -- Installing: /home/joar/subvision_ws/src/install/ds4_driver/share/ds4_driver/environment/path.sh
[1.139s] -- Installing: /home/joar/subvision_ws/src/install/ds4_driver/share/ds4_driver/environment/path.dsv
[1.139s] -- Installing: /home/joar/subvision_ws/src/install/ds4_driver/share/ds4_driver/local_setup.bash
[1.139s] -- Installing: /home/joar/subvision_ws/src/install/ds4_driver/share/ds4_driver/local_setup.sh
[1.139s] -- Installing: /home/joar/subvision_ws/src/install/ds4_driver/share/ds4_driver/local_setup.zsh
[1.139s] -- Installing: /home/joar/subvision_ws/src/install/ds4_driver/share/ds4_driver/local_setup.dsv
[1.140s] -- Installing: /home/joar/subvision_ws/src/install/ds4_driver/share/ds4_driver/package.dsv
[1.140s] -- Installing: /home/joar/subvision_ws/src/install/ds4_driver/share/ament_index/resource_index/packages/ds4_driver
[1.140s] -- Installing: /home/joar/subvision_ws/src/install/ds4_driver/share/ds4_driver/cmake/ds4_driverConfig.cmake
[1.140s] -- Installing: /home/joar/subvision_ws/src/install/ds4_driver/share/ds4_driver/cmake/ds4_driverConfig-version.cmake
[1.140s] -- Installing: /home/joar/subvision_ws/src/install/ds4_driver/share/ds4_driver/package.xml
[1.143s] Invoked command in '/home/joar/subvision_ws/src/build/ds4_driver' returned '0': AMENT_PREFIX_PATH=/home/joar/subvision_ws/src/install/ds4_driver_msgs:${AMENT_PREFIX_PATH} CMAKE_PREFIX_PATH=/home/joar/subvision_ws/src/install/ds4_driver_msgs:/home/joar/subvision_ws/install/subvision:/opt/ros/humble LD_LIBRARY_PATH=/home/joar/subvision_ws/src/install/ds4_driver_msgs/lib:${LD_LIBRARY_PATH} PYTHONPATH=/home/joar/subvision_ws/src/install/ds4_driver_msgs/local/lib/python3.10/dist-packages:${PYTHONPATH} /usr/bin/cmake --install /home/joar/subvision_ws/src/build/ds4_driver
