[0.020s] Invoking command in '/home/joar/subvision_ws/src/build/ds4_driver_msgs': CMAKE_PREFIX_PATH=${CMAKE_PREFIX_PATH}:/home/joar/subvision_ws/install/subvision:/opt/ros/humble /usr/bin/cmake --build /home/joar/subvision_ws/src/build/ds4_driver_msgs -- -j16 -l16
[0.246s] [35m[1mConsolidate compiler generated dependencies of target ds4_driver_msgs__rosidl_generator_c[0m
[0.246s] [  1%] Built target ds4_driver_msgs__cpp
[0.246s] [ 12%] Built target ds4_driver_msgs__rosidl_generator_c
[0.247s] [ 12%] Built target ament_cmake_python_copy_ds4_driver_msgs
[0.247s] [35m[1mConsolidate compiler generated dependencies of target ds4_driver_msgs__rosidl_typesupport_cpp[0m
[0.247s] [35m[1mConsolidate compiler generated dependencies of target ds4_driver_msgs__rosidl_typesupport_fastrtps_cpp[0m
[0.247s] [35m[1mConsolidate compiler generated dependencies of target ds4_driver_msgs__rosidl_typesupport_introspection_cpp[0m
[0.247s] [35m[1mConsolidate compiler generated dependencies of target ds4_driver_msgs__rosidl_typesupport_c[0m
[0.247s] [35m[1mConsolidate compiler generated dependencies of target ds4_driver_msgs__rosidl_typesupport_introspection_c[0m
[0.247s] [35m[1mConsolidate compiler generated dependencies of target ds4_driver_msgs__rosidl_typesupport_fastrtps_c[0m
[0.247s] [ 34%] Built target ds4_driver_msgs__rosidl_typesupport_fastrtps_cpp
[0.247s] [ 34%] Built target ds4_driver_msgs__rosidl_typesupport_cpp
[0.248s] [ 45%] Built target ds4_driver_msgs__rosidl_typesupport_introspection_cpp
[0.248s] [ 56%] Built target ds4_driver_msgs__rosidl_typesupport_c
[0.248s] [ 67%] Built target ds4_driver_msgs__rosidl_typesupport_introspection_c
[0.248s] [ 78%] Built target ds4_driver_msgs__rosidl_typesupport_fastrtps_c
[0.248s] [ 78%] Built target ds4_driver_msgs
[0.248s] [ 80%] Built target ds4_driver_msgs__py
[0.248s] [35m[1mConsolidate compiler generated dependencies of target ds4_driver_msgs__rosidl_generator_py[0m
[0.248s] [ 89%] Built target ds4_driver_msgs__rosidl_generator_py
[0.248s] [35m[1mConsolidate compiler generated dependencies of target ds4_driver_msgs__rosidl_typesupport_introspection_c__pyext[0m
[0.248s] [35m[1mConsolidate compiler generated dependencies of target ds4_driver_msgs__rosidl_typesupport_fastrtps_c__pyext[0m
[0.248s] [35m[1mConsolidate compiler generated dependencies of target ds4_driver_msgs__rosidl_typesupport_c__pyext[0m
[0.248s] [ 96%] Built target ds4_driver_msgs__rosidl_typesupport_introspection_c__pyext
[0.248s] [ 96%] Built target ds4_driver_msgs__rosidl_typesupport_c__pyext
[0.248s] [100%] Built target ds4_driver_msgs__rosidl_typesupport_fastrtps_c__pyext
[0.297s] running egg_info
[0.298s] writing ds4_driver_msgs.egg-info/PKG-INFO
[0.298s] writing dependency_links to ds4_driver_msgs.egg-info/dependency_links.txt
[0.298s] writing top-level names to ds4_driver_msgs.egg-info/top_level.txt
[0.301s] reading manifest file 'ds4_driver_msgs.egg-info/SOURCES.txt'
[0.301s] writing manifest file 'ds4_driver_msgs.egg-info/SOURCES.txt'
[0.344s] [100%] Built target ament_cmake_python_build_ds4_driver_msgs_egg
[0.479s] Invoked command in '/home/joar/subvision_ws/src/build/ds4_driver_msgs' returned '0': CMAKE_PREFIX_PATH=${CMAKE_PREFIX_PATH}:/home/joar/subvision_ws/install/subvision:/opt/ros/humble /usr/bin/cmake --build /home/joar/subvision_ws/src/build/ds4_driver_msgs -- -j16 -l16
[0.629s] Invoking command in '/home/joar/subvision_ws/src/build/ds4_driver_msgs': CMAKE_PREFIX_PATH=${CMAKE_PREFIX_PATH}:/home/joar/subvision_ws/install/subvision:/opt/ros/humble /usr/bin/cmake --install /home/joar/subvision_ws/src/build/ds4_driver_msgs
[0.638s] -- Install configuration: ""
[0.639s] -- Up-to-date: /home/joar/subvision_ws/src/install/ds4_driver_msgs/share/ament_index/resource_index/rosidl_interfaces/ds4_driver_msgs
[0.639s] -- Up-to-date: /home/joar/subvision_ws/src/install/ds4_driver_msgs/include/ds4_driver_msgs/ds4_driver_msgs
[0.639s] -- Up-to-date: /home/joar/subvision_ws/src/install/ds4_driver_msgs/include/ds4_driver_msgs/ds4_driver_msgs/msg
[0.639s] -- Up-to-date: /home/joar/subvision_ws/src/install/ds4_driver_msgs/include/ds4_driver_msgs/ds4_driver_msgs/msg/detail
[0.639s] -- Up-to-date: /home/joar/subvision_ws/src/install/ds4_driver_msgs/include/ds4_driver_msgs/ds4_driver_msgs/msg/detail/feedback__struct.h
[0.640s] -- Up-to-date: /home/joar/subvision_ws/src/install/ds4_driver_msgs/include/ds4_driver_msgs/ds4_driver_msgs/msg/detail/status__functions.h
[0.640s] -- Up-to-date: /home/joar/subvision_ws/src/install/ds4_driver_msgs/include/ds4_driver_msgs/ds4_driver_msgs/msg/detail/feedback__functions.h
[0.640s] -- Up-to-date: /home/joar/subvision_ws/src/install/ds4_driver_msgs/include/ds4_driver_msgs/ds4_driver_msgs/msg/detail/trackpad__type_support.h
[0.640s] -- Up-to-date: /home/joar/subvision_ws/src/install/ds4_driver_msgs/include/ds4_driver_msgs/ds4_driver_msgs/msg/detail/trackpad__functions.c
[0.640s] -- Up-to-date: /home/joar/subvision_ws/src/install/ds4_driver_msgs/include/ds4_driver_msgs/ds4_driver_msgs/msg/detail/report__functions.h
[0.640s] -- Up-to-date: /home/joar/subvision_ws/src/install/ds4_driver_msgs/include/ds4_driver_msgs/ds4_driver_msgs/msg/detail/trackpad__functions.h
[0.640s] -- Up-to-date: /home/joar/subvision_ws/src/install/ds4_driver_msgs/include/ds4_driver_msgs/ds4_driver_msgs/msg/detail/trackpad__struct.h
[0.640s] -- Up-to-date: /home/joar/subvision_ws/src/install/ds4_driver_msgs/include/ds4_driver_msgs/ds4_driver_msgs/msg/detail/status__struct.h
[0.640s] -- Up-to-date: /home/joar/subvision_ws/src/install/ds4_driver_msgs/include/ds4_driver_msgs/ds4_driver_msgs/msg/detail/status__type_support.h
[0.641s] -- Up-to-date: /home/joar/subvision_ws/src/install/ds4_driver_msgs/include/ds4_driver_msgs/ds4_driver_msgs/msg/detail/report__functions.c
[0.641s] -- Up-to-date: /home/joar/subvision_ws/src/install/ds4_driver_msgs/include/ds4_driver_msgs/ds4_driver_msgs/msg/detail/report__type_support.h
[0.641s] -- Up-to-date: /home/joar/subvision_ws/src/install/ds4_driver_msgs/include/ds4_driver_msgs/ds4_driver_msgs/msg/detail/status__functions.c
[0.641s] -- Up-to-date: /home/joar/subvision_ws/src/install/ds4_driver_msgs/include/ds4_driver_msgs/ds4_driver_msgs/msg/detail/feedback__functions.c
[0.641s] -- Up-to-date: /home/joar/subvision_ws/src/install/ds4_driver_msgs/include/ds4_driver_msgs/ds4_driver_msgs/msg/detail/report__struct.h
[0.641s] -- Up-to-date: /home/joar/subvision_ws/src/install/ds4_driver_msgs/include/ds4_driver_msgs/ds4_driver_msgs/msg/detail/feedback__type_support.h
[0.641s] -- Up-to-date: /home/joar/subvision_ws/src/install/ds4_driver_msgs/include/ds4_driver_msgs/ds4_driver_msgs/msg/trackpad.h
[0.641s] -- Up-to-date: /home/joar/subvision_ws/src/install/ds4_driver_msgs/include/ds4_driver_msgs/ds4_driver_msgs/msg/rosidl_generator_c__visibility_control.h
[0.641s] -- Up-to-date: /home/joar/subvision_ws/src/install/ds4_driver_msgs/include/ds4_driver_msgs/ds4_driver_msgs/msg/status.h
[0.642s] -- Up-to-date: /home/joar/subvision_ws/src/install/ds4_driver_msgs/include/ds4_driver_msgs/ds4_driver_msgs/msg/report.h
[0.642s] -- Up-to-date: /home/joar/subvision_ws/src/install/ds4_driver_msgs/include/ds4_driver_msgs/ds4_driver_msgs/msg/feedback.h
[0.642s] -- Up-to-date: /home/joar/subvision_ws/src/install/ds4_driver_msgs/share/ds4_driver_msgs/environment/library_path.sh
[0.642s] -- Up-to-date: /home/joar/subvision_ws/src/install/ds4_driver_msgs/share/ds4_driver_msgs/environment/library_path.dsv
[0.642s] -- Up-to-date: /home/joar/subvision_ws/src/install/ds4_driver_msgs/lib/libds4_driver_msgs__rosidl_generator_c.so
[0.642s] -- Up-to-date: /home/joar/subvision_ws/src/install/ds4_driver_msgs/include/ds4_driver_msgs/ds4_driver_msgs
[0.642s] -- Up-to-date: /home/joar/subvision_ws/src/install/ds4_driver_msgs/include/ds4_driver_msgs/ds4_driver_msgs/msg
[0.642s] -- Up-to-date: /home/joar/subvision_ws/src/install/ds4_driver_msgs/include/ds4_driver_msgs/ds4_driver_msgs/msg/rosidl_typesupport_fastrtps_c__visibility_control.h
[0.642s] -- Up-to-date: /home/joar/subvision_ws/src/install/ds4_driver_msgs/include/ds4_driver_msgs/ds4_driver_msgs/msg/detail
[0.642s] -- Up-to-date: /home/joar/subvision_ws/src/install/ds4_driver_msgs/include/ds4_driver_msgs/ds4_driver_msgs/msg/detail/status__rosidl_typesupport_fastrtps_c.h
[0.643s] -- Up-to-date: /home/joar/subvision_ws/src/install/ds4_driver_msgs/include/ds4_driver_msgs/ds4_driver_msgs/msg/detail/feedback__rosidl_typesupport_fastrtps_c.h
[0.643s] -- Up-to-date: /home/joar/subvision_ws/src/install/ds4_driver_msgs/include/ds4_driver_msgs/ds4_driver_msgs/msg/detail/report__rosidl_typesupport_fastrtps_c.h
[0.643s] -- Up-to-date: /home/joar/subvision_ws/src/install/ds4_driver_msgs/include/ds4_driver_msgs/ds4_driver_msgs/msg/detail/trackpad__rosidl_typesupport_fastrtps_c.h
[0.643s] -- Up-to-date: /home/joar/subvision_ws/src/install/ds4_driver_msgs/lib/libds4_driver_msgs__rosidl_typesupport_fastrtps_c.so
[0.643s] -- Up-to-date: /home/joar/subvision_ws/src/install/ds4_driver_msgs/include/ds4_driver_msgs/ds4_driver_msgs
[0.643s] -- Up-to-date: /home/joar/subvision_ws/src/install/ds4_driver_msgs/include/ds4_driver_msgs/ds4_driver_msgs/msg
[0.643s] -- Up-to-date: /home/joar/subvision_ws/src/install/ds4_driver_msgs/include/ds4_driver_msgs/ds4_driver_msgs/msg/detail
[0.643s] -- Up-to-date: /home/joar/subvision_ws/src/install/ds4_driver_msgs/include/ds4_driver_msgs/ds4_driver_msgs/msg/detail/trackpad__traits.hpp
[0.643s] -- Up-to-date: /home/joar/subvision_ws/src/install/ds4_driver_msgs/include/ds4_driver_msgs/ds4_driver_msgs/msg/detail/status__builder.hpp
[0.644s] -- Up-to-date: /home/joar/subvision_ws/src/install/ds4_driver_msgs/include/ds4_driver_msgs/ds4_driver_msgs/msg/detail/feedback__traits.hpp
[0.644s] -- Up-to-date: /home/joar/subvision_ws/src/install/ds4_driver_msgs/include/ds4_driver_msgs/ds4_driver_msgs/msg/detail/report__builder.hpp
[0.644s] -- Up-to-date: /home/joar/subvision_ws/src/install/ds4_driver_msgs/include/ds4_driver_msgs/ds4_driver_msgs/msg/detail/trackpad__struct.hpp
[0.644s] -- Up-to-date: /home/joar/subvision_ws/src/install/ds4_driver_msgs/include/ds4_driver_msgs/ds4_driver_msgs/msg/detail/report__struct.hpp
[0.644s] -- Up-to-date: /home/joar/subvision_ws/src/install/ds4_driver_msgs/include/ds4_driver_msgs/ds4_driver_msgs/msg/detail/feedback__builder.hpp
[0.644s] -- Up-to-date: /home/joar/subvision_ws/src/install/ds4_driver_msgs/include/ds4_driver_msgs/ds4_driver_msgs/msg/detail/feedback__struct.hpp
[0.644s] -- Up-to-date: /home/joar/subvision_ws/src/install/ds4_driver_msgs/include/ds4_driver_msgs/ds4_driver_msgs/msg/detail/status__traits.hpp
[0.644s] -- Up-to-date: /home/joar/subvision_ws/src/install/ds4_driver_msgs/include/ds4_driver_msgs/ds4_driver_msgs/msg/detail/status__struct.hpp
[0.644s] -- Up-to-date: /home/joar/subvision_ws/src/install/ds4_driver_msgs/include/ds4_driver_msgs/ds4_driver_msgs/msg/detail/report__traits.hpp
[0.645s] -- Up-to-date: /home/joar/subvision_ws/src/install/ds4_driver_msgs/include/ds4_driver_msgs/ds4_driver_msgs/msg/detail/trackpad__builder.hpp
[0.645s] -- Up-to-date: /home/joar/subvision_ws/src/install/ds4_driver_msgs/include/ds4_driver_msgs/ds4_driver_msgs/msg/trackpad.hpp
[0.645s] -- Up-to-date: /home/joar/subvision_ws/src/install/ds4_driver_msgs/include/ds4_driver_msgs/ds4_driver_msgs/msg/status.hpp
[0.645s] -- Up-to-date: /home/joar/subvision_ws/src/install/ds4_driver_msgs/include/ds4_driver_msgs/ds4_driver_msgs/msg/report.hpp
[0.645s] -- Up-to-date: /home/joar/subvision_ws/src/install/ds4_driver_msgs/include/ds4_driver_msgs/ds4_driver_msgs/msg/feedback.hpp
[0.645s] -- Up-to-date: /home/joar/subvision_ws/src/install/ds4_driver_msgs/include/ds4_driver_msgs/ds4_driver_msgs
[0.645s] -- Up-to-date: /home/joar/subvision_ws/src/install/ds4_driver_msgs/include/ds4_driver_msgs/ds4_driver_msgs/msg
[0.645s] -- Up-to-date: /home/joar/subvision_ws/src/install/ds4_driver_msgs/include/ds4_driver_msgs/ds4_driver_msgs/msg/detail
[0.645s] -- Up-to-date: /home/joar/subvision_ws/src/install/ds4_driver_msgs/include/ds4_driver_msgs/ds4_driver_msgs/msg/detail/trackpad__rosidl_typesupport_fastrtps_cpp.hpp
[0.645s] -- Up-to-date: /home/joar/subvision_ws/src/install/ds4_driver_msgs/include/ds4_driver_msgs/ds4_driver_msgs/msg/detail/report__rosidl_typesupport_fastrtps_cpp.hpp
[0.645s] -- Up-to-date: /home/joar/subvision_ws/src/install/ds4_driver_msgs/include/ds4_driver_msgs/ds4_driver_msgs/msg/detail/feedback__rosidl_typesupport_fastrtps_cpp.hpp
[0.646s] -- Up-to-date: /home/joar/subvision_ws/src/install/ds4_driver_msgs/include/ds4_driver_msgs/ds4_driver_msgs/msg/detail/dds_fastrtps
[0.646s] -- Up-to-date: /home/joar/subvision_ws/src/install/ds4_driver_msgs/include/ds4_driver_msgs/ds4_driver_msgs/msg/detail/status__rosidl_typesupport_fastrtps_cpp.hpp
[0.646s] -- Up-to-date: /home/joar/subvision_ws/src/install/ds4_driver_msgs/include/ds4_driver_msgs/ds4_driver_msgs/msg/rosidl_typesupport_fastrtps_cpp__visibility_control.h
[0.646s] -- Up-to-date: /home/joar/subvision_ws/src/install/ds4_driver_msgs/lib/libds4_driver_msgs__rosidl_typesupport_fastrtps_cpp.so
[0.646s] -- Up-to-date: /home/joar/subvision_ws/src/install/ds4_driver_msgs/include/ds4_driver_msgs/ds4_driver_msgs
[0.646s] -- Up-to-date: /home/joar/subvision_ws/src/install/ds4_driver_msgs/include/ds4_driver_msgs/ds4_driver_msgs/msg
[0.646s] -- Up-to-date: /home/joar/subvision_ws/src/install/ds4_driver_msgs/include/ds4_driver_msgs/ds4_driver_msgs/msg/detail
[0.646s] -- Up-to-date: /home/joar/subvision_ws/src/install/ds4_driver_msgs/include/ds4_driver_msgs/ds4_driver_msgs/msg/detail/status__rosidl_typesupport_introspection_c.h
[0.646s] -- Up-to-date: /home/joar/subvision_ws/src/install/ds4_driver_msgs/include/ds4_driver_msgs/ds4_driver_msgs/msg/detail/feedback__rosidl_typesupport_introspection_c.h
[0.647s] -- Up-to-date: /home/joar/subvision_ws/src/install/ds4_driver_msgs/include/ds4_driver_msgs/ds4_driver_msgs/msg/detail/feedback__type_support.c
[0.647s] -- Up-to-date: /home/joar/subvision_ws/src/install/ds4_driver_msgs/include/ds4_driver_msgs/ds4_driver_msgs/msg/detail/report__rosidl_typesupport_introspection_c.h
[0.647s] -- Up-to-date: /home/joar/subvision_ws/src/install/ds4_driver_msgs/include/ds4_driver_msgs/ds4_driver_msgs/msg/detail/trackpad__type_support.c
[0.647s] -- Up-to-date: /home/joar/subvision_ws/src/install/ds4_driver_msgs/include/ds4_driver_msgs/ds4_driver_msgs/msg/detail/trackpad__rosidl_typesupport_introspection_c.h
[0.647s] -- Up-to-date: /home/joar/subvision_ws/src/install/ds4_driver_msgs/include/ds4_driver_msgs/ds4_driver_msgs/msg/detail/status__type_support.c
[0.647s] -- Up-to-date: /home/joar/subvision_ws/src/install/ds4_driver_msgs/include/ds4_driver_msgs/ds4_driver_msgs/msg/detail/report__type_support.c
[0.647s] -- Up-to-date: /home/joar/subvision_ws/src/install/ds4_driver_msgs/include/ds4_driver_msgs/ds4_driver_msgs/msg/rosidl_typesupport_introspection_c__visibility_control.h
[0.647s] -- Up-to-date: /home/joar/subvision_ws/src/install/ds4_driver_msgs/lib/libds4_driver_msgs__rosidl_typesupport_introspection_c.so
[0.647s] -- Up-to-date: /home/joar/subvision_ws/src/install/ds4_driver_msgs/lib/libds4_driver_msgs__rosidl_typesupport_c.so
[0.647s] -- Up-to-date: /home/joar/subvision_ws/src/install/ds4_driver_msgs/include/ds4_driver_msgs/ds4_driver_msgs
[0.648s] -- Up-to-date: /home/joar/subvision_ws/src/install/ds4_driver_msgs/include/ds4_driver_msgs/ds4_driver_msgs/msg
[0.648s] -- Up-to-date: /home/joar/subvision_ws/src/install/ds4_driver_msgs/include/ds4_driver_msgs/ds4_driver_msgs/msg/detail
[0.648s] -- Up-to-date: /home/joar/subvision_ws/src/install/ds4_driver_msgs/include/ds4_driver_msgs/ds4_driver_msgs/msg/detail/feedback__rosidl_typesupport_introspection_cpp.hpp
[0.648s] -- Up-to-date: /home/joar/subvision_ws/src/install/ds4_driver_msgs/include/ds4_driver_msgs/ds4_driver_msgs/msg/detail/report__rosidl_typesupport_introspection_cpp.hpp
[0.648s] -- Up-to-date: /home/joar/subvision_ws/src/install/ds4_driver_msgs/include/ds4_driver_msgs/ds4_driver_msgs/msg/detail/report__type_support.cpp
[0.648s] -- Up-to-date: /home/joar/subvision_ws/src/install/ds4_driver_msgs/include/ds4_driver_msgs/ds4_driver_msgs/msg/detail/feedback__type_support.cpp
[0.648s] -- Up-to-date: /home/joar/subvision_ws/src/install/ds4_driver_msgs/include/ds4_driver_msgs/ds4_driver_msgs/msg/detail/trackpad__rosidl_typesupport_introspection_cpp.hpp
[0.648s] -- Up-to-date: /home/joar/subvision_ws/src/install/ds4_driver_msgs/include/ds4_driver_msgs/ds4_driver_msgs/msg/detail/trackpad__type_support.cpp
[0.648s] -- Up-to-date: /home/joar/subvision_ws/src/install/ds4_driver_msgs/include/ds4_driver_msgs/ds4_driver_msgs/msg/detail/status__type_support.cpp
[0.648s] -- Up-to-date: /home/joar/subvision_ws/src/install/ds4_driver_msgs/include/ds4_driver_msgs/ds4_driver_msgs/msg/detail/status__rosidl_typesupport_introspection_cpp.hpp
[0.649s] -- Up-to-date: /home/joar/subvision_ws/src/install/ds4_driver_msgs/lib/libds4_driver_msgs__rosidl_typesupport_introspection_cpp.so
[0.649s] -- Up-to-date: /home/joar/subvision_ws/src/install/ds4_driver_msgs/lib/libds4_driver_msgs__rosidl_typesupport_cpp.so
[0.649s] -- Up-to-date: /home/joar/subvision_ws/src/install/ds4_driver_msgs/share/ds4_driver_msgs/environment/pythonpath.sh
[0.649s] -- Up-to-date: /home/joar/subvision_ws/src/install/ds4_driver_msgs/share/ds4_driver_msgs/environment/pythonpath.dsv
[0.649s] -- Up-to-date: /home/joar/subvision_ws/src/install/ds4_driver_msgs/local/lib/python3.10/dist-packages/ds4_driver_msgs-0.0.0-py3.10.egg-info
[0.649s] -- Installing: /home/joar/subvision_ws/src/install/ds4_driver_msgs/local/lib/python3.10/dist-packages/ds4_driver_msgs-0.0.0-py3.10.egg-info/top_level.txt
[0.649s] -- Installing: /home/joar/subvision_ws/src/install/ds4_driver_msgs/local/lib/python3.10/dist-packages/ds4_driver_msgs-0.0.0-py3.10.egg-info/SOURCES.txt
[0.649s] -- Installing: /home/joar/subvision_ws/src/install/ds4_driver_msgs/local/lib/python3.10/dist-packages/ds4_driver_msgs-0.0.0-py3.10.egg-info/PKG-INFO
[0.649s] -- Installing: /home/joar/subvision_ws/src/install/ds4_driver_msgs/local/lib/python3.10/dist-packages/ds4_driver_msgs-0.0.0-py3.10.egg-info/dependency_links.txt
[0.649s] -- Up-to-date: /home/joar/subvision_ws/src/install/ds4_driver_msgs/local/lib/python3.10/dist-packages/ds4_driver_msgs
[0.649s] -- Up-to-date: /home/joar/subvision_ws/src/install/ds4_driver_msgs/local/lib/python3.10/dist-packages/ds4_driver_msgs/_ds4_driver_msgs_s.ep.rosidl_typesupport_c.c
[0.650s] -- Up-to-date: /home/joar/subvision_ws/src/install/ds4_driver_msgs/local/lib/python3.10/dist-packages/ds4_driver_msgs/__init__.py
[0.650s] -- Up-to-date: /home/joar/subvision_ws/src/install/ds4_driver_msgs/local/lib/python3.10/dist-packages/ds4_driver_msgs/ds4_driver_msgs_s__rosidl_typesupport_c.cpython-310-x86_64-linux-gnu.so
[0.650s] -- Up-to-date: /home/joar/subvision_ws/src/install/ds4_driver_msgs/local/lib/python3.10/dist-packages/ds4_driver_msgs/_ds4_driver_msgs_s.ep.rosidl_typesupport_introspection_c.c
[0.650s] -- Up-to-date: /home/joar/subvision_ws/src/install/ds4_driver_msgs/local/lib/python3.10/dist-packages/ds4_driver_msgs/_ds4_driver_msgs_s.ep.rosidl_typesupport_fastrtps_c.c
[0.650s] -- Up-to-date: /home/joar/subvision_ws/src/install/ds4_driver_msgs/local/lib/python3.10/dist-packages/ds4_driver_msgs/libds4_driver_msgs__rosidl_generator_py.so
[0.650s] -- Up-to-date: /home/joar/subvision_ws/src/install/ds4_driver_msgs/local/lib/python3.10/dist-packages/ds4_driver_msgs/ds4_driver_msgs_s__rosidl_typesupport_fastrtps_c.cpython-310-x86_64-linux-gnu.so
[0.650s] -- Up-to-date: /home/joar/subvision_ws/src/install/ds4_driver_msgs/local/lib/python3.10/dist-packages/ds4_driver_msgs/ds4_driver_msgs_s__rosidl_typesupport_introspection_c.cpython-310-x86_64-linux-gnu.so
[0.650s] -- Up-to-date: /home/joar/subvision_ws/src/install/ds4_driver_msgs/local/lib/python3.10/dist-packages/ds4_driver_msgs/msg
[0.650s] -- Up-to-date: /home/joar/subvision_ws/src/install/ds4_driver_msgs/local/lib/python3.10/dist-packages/ds4_driver_msgs/msg/_status_s.c
[0.650s] -- Up-to-date: /home/joar/subvision_ws/src/install/ds4_driver_msgs/local/lib/python3.10/dist-packages/ds4_driver_msgs/msg/__init__.py
[0.650s] -- Up-to-date: /home/joar/subvision_ws/src/install/ds4_driver_msgs/local/lib/python3.10/dist-packages/ds4_driver_msgs/msg/_feedback_s.c
[0.651s] -- Up-to-date: /home/joar/subvision_ws/src/install/ds4_driver_msgs/local/lib/python3.10/dist-packages/ds4_driver_msgs/msg/_feedback.py
[0.651s] -- Up-to-date: /home/joar/subvision_ws/src/install/ds4_driver_msgs/local/lib/python3.10/dist-packages/ds4_driver_msgs/msg/_trackpad_s.c
[0.651s] -- Up-to-date: /home/joar/subvision_ws/src/install/ds4_driver_msgs/local/lib/python3.10/dist-packages/ds4_driver_msgs/msg/_report_s.c
[0.651s] -- Up-to-date: /home/joar/subvision_ws/src/install/ds4_driver_msgs/local/lib/python3.10/dist-packages/ds4_driver_msgs/msg/_report.py
[0.651s] -- Up-to-date: /home/joar/subvision_ws/src/install/ds4_driver_msgs/local/lib/python3.10/dist-packages/ds4_driver_msgs/msg/_status.py
[0.651s] -- Up-to-date: /home/joar/subvision_ws/src/install/ds4_driver_msgs/local/lib/python3.10/dist-packages/ds4_driver_msgs/msg/_trackpad.py
[0.678s] Listing '/home/joar/subvision_ws/src/install/ds4_driver_msgs/local/lib/python3.10/dist-packages/ds4_driver_msgs'...
[0.678s] Listing '/home/joar/subvision_ws/src/install/ds4_driver_msgs/local/lib/python3.10/dist-packages/ds4_driver_msgs/msg'...
[0.685s] -- Up-to-date: /home/joar/subvision_ws/src/install/ds4_driver_msgs/local/lib/python3.10/dist-packages/ds4_driver_msgs/ds4_driver_msgs_s__rosidl_typesupport_fastrtps_c.cpython-310-x86_64-linux-gnu.so
[0.685s] -- Up-to-date: /home/joar/subvision_ws/src/install/ds4_driver_msgs/local/lib/python3.10/dist-packages/ds4_driver_msgs/ds4_driver_msgs_s__rosidl_typesupport_introspection_c.cpython-310-x86_64-linux-gnu.so
[0.686s] -- Up-to-date: /home/joar/subvision_ws/src/install/ds4_driver_msgs/local/lib/python3.10/dist-packages/ds4_driver_msgs/ds4_driver_msgs_s__rosidl_typesupport_c.cpython-310-x86_64-linux-gnu.so
[0.686s] -- Up-to-date: /home/joar/subvision_ws/src/install/ds4_driver_msgs/lib/libds4_driver_msgs__rosidl_generator_py.so
[0.686s] -- Up-to-date: /home/joar/subvision_ws/src/install/ds4_driver_msgs/share/ds4_driver_msgs/msg/Feedback.idl
[0.687s] -- Up-to-date: /home/joar/subvision_ws/src/install/ds4_driver_msgs/share/ds4_driver_msgs/msg/Status.idl
[0.687s] -- Up-to-date: /home/joar/subvision_ws/src/install/ds4_driver_msgs/share/ds4_driver_msgs/msg/Report.idl
[0.687s] -- Up-to-date: /home/joar/subvision_ws/src/install/ds4_driver_msgs/share/ds4_driver_msgs/msg/Trackpad.idl
[0.687s] -- Up-to-date: /home/joar/subvision_ws/src/install/ds4_driver_msgs/share/ds4_driver_msgs/msg/Feedback.msg
[0.687s] -- Up-to-date: /home/joar/subvision_ws/src/install/ds4_driver_msgs/share/ds4_driver_msgs/msg/Status.msg
[0.687s] -- Up-to-date: /home/joar/subvision_ws/src/install/ds4_driver_msgs/share/ds4_driver_msgs/msg/Report.msg
[0.688s] -- Up-to-date: /home/joar/subvision_ws/src/install/ds4_driver_msgs/share/ds4_driver_msgs/msg/Trackpad.msg
[0.688s] -- Up-to-date: /home/joar/subvision_ws/src/install/ds4_driver_msgs/share/ament_index/resource_index/package_run_dependencies/ds4_driver_msgs
[0.688s] -- Up-to-date: /home/joar/subvision_ws/src/install/ds4_driver_msgs/share/ament_index/resource_index/parent_prefix_path/ds4_driver_msgs
[0.688s] -- Up-to-date: /home/joar/subvision_ws/src/install/ds4_driver_msgs/share/ds4_driver_msgs/environment/ament_prefix_path.sh
[0.688s] -- Up-to-date: /home/joar/subvision_ws/src/install/ds4_driver_msgs/share/ds4_driver_msgs/environment/ament_prefix_path.dsv
[0.688s] -- Up-to-date: /home/joar/subvision_ws/src/install/ds4_driver_msgs/share/ds4_driver_msgs/environment/path.sh
[0.688s] -- Up-to-date: /home/joar/subvision_ws/src/install/ds4_driver_msgs/share/ds4_driver_msgs/environment/path.dsv
[0.688s] -- Up-to-date: /home/joar/subvision_ws/src/install/ds4_driver_msgs/share/ds4_driver_msgs/local_setup.bash
[0.688s] -- Up-to-date: /home/joar/subvision_ws/src/install/ds4_driver_msgs/share/ds4_driver_msgs/local_setup.sh
[0.688s] -- Up-to-date: /home/joar/subvision_ws/src/install/ds4_driver_msgs/share/ds4_driver_msgs/local_setup.zsh
[0.688s] -- Up-to-date: /home/joar/subvision_ws/src/install/ds4_driver_msgs/share/ds4_driver_msgs/local_setup.dsv
[0.688s] -- Installing: /home/joar/subvision_ws/src/install/ds4_driver_msgs/share/ds4_driver_msgs/package.dsv
[0.689s] -- Up-to-date: /home/joar/subvision_ws/src/install/ds4_driver_msgs/share/ament_index/resource_index/packages/ds4_driver_msgs
[0.689s] -- Up-to-date: /home/joar/subvision_ws/src/install/ds4_driver_msgs/share/ds4_driver_msgs/cmake/export_ds4_driver_msgs__rosidl_generator_cExport.cmake
[0.689s] -- Up-to-date: /home/joar/subvision_ws/src/install/ds4_driver_msgs/share/ds4_driver_msgs/cmake/export_ds4_driver_msgs__rosidl_generator_cExport-noconfig.cmake
[0.689s] -- Up-to-date: /home/joar/subvision_ws/src/install/ds4_driver_msgs/share/ds4_driver_msgs/cmake/export_ds4_driver_msgs__rosidl_typesupport_fastrtps_cExport.cmake
[0.689s] -- Up-to-date: /home/joar/subvision_ws/src/install/ds4_driver_msgs/share/ds4_driver_msgs/cmake/export_ds4_driver_msgs__rosidl_typesupport_fastrtps_cExport-noconfig.cmake
[0.689s] -- Up-to-date: /home/joar/subvision_ws/src/install/ds4_driver_msgs/share/ds4_driver_msgs/cmake/export_ds4_driver_msgs__rosidl_generator_cppExport.cmake
[0.689s] -- Up-to-date: /home/joar/subvision_ws/src/install/ds4_driver_msgs/share/ds4_driver_msgs/cmake/export_ds4_driver_msgs__rosidl_typesupport_fastrtps_cppExport.cmake
[0.689s] -- Up-to-date: /home/joar/subvision_ws/src/install/ds4_driver_msgs/share/ds4_driver_msgs/cmake/export_ds4_driver_msgs__rosidl_typesupport_fastrtps_cppExport-noconfig.cmake
[0.689s] -- Up-to-date: /home/joar/subvision_ws/src/install/ds4_driver_msgs/share/ds4_driver_msgs/cmake/ds4_driver_msgs__rosidl_typesupport_introspection_cExport.cmake
[0.689s] -- Up-to-date: /home/joar/subvision_ws/src/install/ds4_driver_msgs/share/ds4_driver_msgs/cmake/ds4_driver_msgs__rosidl_typesupport_introspection_cExport-noconfig.cmake
[0.690s] -- Up-to-date: /home/joar/subvision_ws/src/install/ds4_driver_msgs/share/ds4_driver_msgs/cmake/ds4_driver_msgs__rosidl_typesupport_cExport.cmake
[0.690s] -- Up-to-date: /home/joar/subvision_ws/src/install/ds4_driver_msgs/share/ds4_driver_msgs/cmake/ds4_driver_msgs__rosidl_typesupport_cExport-noconfig.cmake
[0.690s] -- Up-to-date: /home/joar/subvision_ws/src/install/ds4_driver_msgs/share/ds4_driver_msgs/cmake/ds4_driver_msgs__rosidl_typesupport_introspection_cppExport.cmake
[0.690s] -- Up-to-date: /home/joar/subvision_ws/src/install/ds4_driver_msgs/share/ds4_driver_msgs/cmake/ds4_driver_msgs__rosidl_typesupport_introspection_cppExport-noconfig.cmake
[0.690s] -- Up-to-date: /home/joar/subvision_ws/src/install/ds4_driver_msgs/share/ds4_driver_msgs/cmake/ds4_driver_msgs__rosidl_typesupport_cppExport.cmake
[0.690s] -- Up-to-date: /home/joar/subvision_ws/src/install/ds4_driver_msgs/share/ds4_driver_msgs/cmake/ds4_driver_msgs__rosidl_typesupport_cppExport-noconfig.cmake
[0.690s] -- Up-to-date: /home/joar/subvision_ws/src/install/ds4_driver_msgs/share/ds4_driver_msgs/cmake/export_ds4_driver_msgs__rosidl_generator_pyExport.cmake
[0.690s] -- Up-to-date: /home/joar/subvision_ws/src/install/ds4_driver_msgs/share/ds4_driver_msgs/cmake/export_ds4_driver_msgs__rosidl_generator_pyExport-noconfig.cmake
[0.690s] -- Up-to-date: /home/joar/subvision_ws/src/install/ds4_driver_msgs/share/ds4_driver_msgs/cmake/rosidl_cmake-extras.cmake
[0.690s] -- Up-to-date: /home/joar/subvision_ws/src/install/ds4_driver_msgs/share/ds4_driver_msgs/cmake/ament_cmake_export_dependencies-extras.cmake
[0.691s] -- Up-to-date: /home/joar/subvision_ws/src/install/ds4_driver_msgs/share/ds4_driver_msgs/cmake/ament_cmake_export_include_directories-extras.cmake
[0.691s] -- Up-to-date: /home/joar/subvision_ws/src/install/ds4_driver_msgs/share/ds4_driver_msgs/cmake/ament_cmake_export_libraries-extras.cmake
[0.691s] -- Up-to-date: /home/joar/subvision_ws/src/install/ds4_driver_msgs/share/ds4_driver_msgs/cmake/ament_cmake_export_targets-extras.cmake
[0.691s] -- Up-to-date: /home/joar/subvision_ws/src/install/ds4_driver_msgs/share/ds4_driver_msgs/cmake/rosidl_cmake_export_typesupport_targets-extras.cmake
[0.691s] -- Up-to-date: /home/joar/subvision_ws/src/install/ds4_driver_msgs/share/ds4_driver_msgs/cmake/rosidl_cmake_export_typesupport_libraries-extras.cmake
[0.691s] -- Up-to-date: /home/joar/subvision_ws/src/install/ds4_driver_msgs/share/ds4_driver_msgs/cmake/ds4_driver_msgsConfig.cmake
[0.691s] -- Up-to-date: /home/joar/subvision_ws/src/install/ds4_driver_msgs/share/ds4_driver_msgs/cmake/ds4_driver_msgsConfig-version.cmake
[0.691s] -- Up-to-date: /home/joar/subvision_ws/src/install/ds4_driver_msgs/share/ds4_driver_msgs/package.xml
[0.694s] Invoked command in '/home/joar/subvision_ws/src/build/ds4_driver_msgs' returned '0': CMAKE_PREFIX_PATH=${CMAKE_PREFIX_PATH}:/home/joar/subvision_ws/install/subvision:/opt/ros/humble /usr/bin/cmake --install /home/joar/subvision_ws/src/build/ds4_driver_msgs
