[0.707s] Invoking command in '/home/joar/subvision_ws/src/subvision': PYTHONPATH=/home/joar/subvision_ws/build/subvision/prefix_override:/usr/lib/python3/dist-packages/colcon_core/task/python/colcon_distutils_commands:/home/joar/subvision_ws/install/subvision/lib/python3.10/site-packages:${PYTHONPATH} /usr/bin/python3 -W ignore:setup.py install is deprecated setup.py egg_info --egg-base ../../build/subvision build --build-base /home/joar/subvision_ws/build/subvision/build install --record /home/joar/subvision_ws/build/subvision/install.log --single-version-externally-managed install_data
[0.912s] running egg_info
[0.913s] writing ../../build/subvision/subvision.egg-info/PKG-INFO
[0.913s] writing dependency_links to ../../build/subvision/subvision.egg-info/dependency_links.txt
[0.913s] writing entry points to ../../build/subvision/subvision.egg-info/entry_points.txt
[0.914s] writing requirements to ../../build/subvision/subvision.egg-info/requires.txt
[0.914s] writing top-level names to ../../build/subvision/subvision.egg-info/top_level.txt
[0.916s] reading manifest file '../../build/subvision/subvision.egg-info/SOURCES.txt'
[0.916s] writing manifest file '../../build/subvision/subvision.egg-info/SOURCES.txt'
[0.917s] running build
[0.917s] running build_py
[0.917s] running install
[0.918s] running install_lib
[0.919s] running install_data
[0.919s] running install_egg_info
[0.921s] removing '/home/joar/subvision_ws/install/subvision/lib/python3.10/site-packages/subvision-0.0.0-py3.10.egg-info' (and everything under it)
[0.921s] Copying ../../build/subvision/subvision.egg-info to /home/joar/subvision_ws/install/subvision/lib/python3.10/site-packages/subvision-0.0.0-py3.10.egg-info
[0.922s] running install_scripts
[0.942s] Installing read_controller script to /home/joar/subvision_ws/install/subvision/lib/subvision
[0.942s] writing list of installed files to '/home/joar/subvision_ws/build/subvision/install.log'
[0.989s] Invoked command in '/home/joar/subvision_ws/src/subvision' returned '0': PYTHONPATH=/home/joar/subvision_ws/build/subvision/prefix_override:/usr/lib/python3/dist-packages/colcon_core/task/python/colcon_distutils_commands:/home/joar/subvision_ws/install/subvision/lib/python3.10/site-packages:${PYTHONPATH} /usr/bin/python3 -W ignore:setup.py install is deprecated setup.py egg_info --egg-base ../../build/subvision build --build-base /home/joar/subvision_ws/build/subvision/build install --record /home/joar/subvision_ws/build/subvision/install.log --single-version-externally-managed install_data
