[0.023s] Invoking command in '/home/joar/subvision_ws/build/p9n_interface': CMAKE_PREFIX_PATH=${CMAKE_PREFIX_PATH}:/home/joar/subvision_ws/install/subvision:/opt/ros/humble /usr/bin/cmake /home/joar/subvision_ws/src/PlayStation-JoyInterface-ROS2-humble/p9n_interface -DCMAKE_INSTALL_PREFIX=/home/joar/subvision_ws/install/p9n_interface
[0.207s] -- The C compiler identification is GNU 11.4.0
[0.333s] -- The CXX compiler identification is GNU 11.4.0
[0.345s] -- Detecting C compiler ABI info
[0.448s] -- Detecting C compiler ABI info - done
[0.454s] -- Check for working C compiler: /usr/bin/cc - skipped
[0.454s] -- Detecting C compile features
[0.455s] -- Detecting C compile features - done
[0.458s] -- Detecting CXX compiler ABI info
[0.558s] -- Detecting CXX compiler ABI info - done
[0.565s] -- Check for working CXX compiler: /usr/bin/c++ - skipped
[0.565s] -- Detecting CXX compile features
[0.565s] -- Detecting CXX compile features - done
[0.568s] -- Found ament_cmake_auto: 1.3.10 (/opt/ros/humble/share/ament_cmake_auto/cmake)
[0.740s] -- Found Python3: /usr/bin/python3 (found version "3.10.12") found components: Interpreter 
[0.982s] -- Found rosidl_generator_c: 3.1.5 (/opt/ros/humble/share/rosidl_generator_c/cmake)
[0.987s] -- Found rosidl_adapter: 3.1.5 (/opt/ros/humble/share/rosidl_adapter/cmake)
[0.999s] -- Found rosidl_generator_cpp: 3.1.5 (/opt/ros/humble/share/rosidl_generator_cpp/cmake)
[1.016s] -- Using all available rosidl_typesupport_c: rosidl_typesupport_fastrtps_c;rosidl_typesupport_introspection_c
[1.036s] -- Using all available rosidl_typesupport_cpp: rosidl_typesupport_fastrtps_cpp;rosidl_typesupport_introspection_cpp
[1.089s] -- Found rmw_implementation_cmake: 6.1.2 (/opt/ros/humble/share/rmw_implementation_cmake/cmake)
[1.092s] -- Found rmw_fastrtps_cpp: 6.2.7 (/opt/ros/humble/share/rmw_fastrtps_cpp/cmake)
[1.221s] -- Found OpenSSL: /usr/lib/x86_64-linux-gnu/libcrypto.so (found version "3.0.2")  
[1.250s] -- Found FastRTPS: /opt/ros/humble/include  
[1.294s] -- Using RMW implementation 'rmw_fastrtps_cpp' as default
[1.305s] -- Looking for pthread.h
[1.401s] -- Looking for pthread.h - found
[1.401s] -- Performing Test CMAKE_HAVE_LIBC_PTHREAD
[1.488s] -- Performing Test CMAKE_HAVE_LIBC_PTHREAD - Success
[1.489s] -- Found Threads: TRUE  
[1.579s] -- Found ament_lint_auto: 0.12.11 (/opt/ros/humble/share/ament_lint_auto/cmake)
[1.609s] -- Added test 'cppcheck' to perform static code analysis on C / C++ code
[1.609s] -- Configured cppcheck include dirs: /home/joar/subvision_ws/src/PlayStation-JoyInterface-ROS2-humble/p9n_interface/include
[1.609s] -- Configured cppcheck exclude dirs and/or files: 
[1.609s] -- Added test 'lint_cmake' to check CMake code style
[1.611s] -- Added test 'uncrustify' to check C / C++ code style
[1.611s] -- Configured uncrustify additional arguments: 
[1.611s] -- Added test 'xmllint' to check XML markup files
[1.615s] -- Configuring done
[1.625s] -- Generating done
[1.626s] -- Build files have been written to: /home/joar/subvision_ws/build/p9n_interface
[1.639s] Invoked command in '/home/joar/subvision_ws/build/p9n_interface' returned '0': CMAKE_PREFIX_PATH=${CMAKE_PREFIX_PATH}:/home/joar/subvision_ws/install/subvision:/opt/ros/humble /usr/bin/cmake /home/joar/subvision_ws/src/PlayStation-JoyInterface-ROS2-humble/p9n_interface -DCMAKE_INSTALL_PREFIX=/home/joar/subvision_ws/install/p9n_interface
[1.641s] Invoking command in '/home/joar/subvision_ws/build/p9n_interface': CMAKE_PREFIX_PATH=${CMAKE_PREFIX_PATH}:/home/joar/subvision_ws/install/subvision:/opt/ros/humble /usr/bin/cmake --build /home/joar/subvision_ws/build/p9n_interface -- -j16 -l16
[1.700s] [ 50%] [32mBuilding CXX object CMakeFiles/p9n_interface.dir/src/p9n_interface.cpp.o[0m
[4.220s] [100%] [32m[1mLinking CXX static library libp9n_interface.a[0m
[4.258s] [100%] Built target p9n_interface
[4.271s] Invoked command in '/home/joar/subvision_ws/build/p9n_interface' returned '0': CMAKE_PREFIX_PATH=${CMAKE_PREFIX_PATH}:/home/joar/subvision_ws/install/subvision:/opt/ros/humble /usr/bin/cmake --build /home/joar/subvision_ws/build/p9n_interface -- -j16 -l16
[4.300s] Invoking command in '/home/joar/subvision_ws/build/p9n_interface': CMAKE_PREFIX_PATH=${CMAKE_PREFIX_PATH}:/home/joar/subvision_ws/install/subvision:/opt/ros/humble /usr/bin/cmake --install /home/joar/subvision_ws/build/p9n_interface
[4.308s] -- Install configuration: ""
[4.308s] -- Installing: /home/joar/subvision_ws/install/p9n_interface/include
[4.308s] -- Installing: /home/joar/subvision_ws/install/p9n_interface/include/p9n_interface
[4.308s] -- Installing: /home/joar/subvision_ws/install/p9n_interface/include/p9n_interface/ps4_dualshock4.hpp
[4.309s] -- Installing: /home/joar/subvision_ws/install/p9n_interface/include/p9n_interface/ps5_dualsense.hpp
[4.309s] -- Installing: /home/joar/subvision_ws/install/p9n_interface/include/p9n_interface/hw_types.hpp
[4.309s] -- Installing: /home/joar/subvision_ws/install/p9n_interface/include/p9n_interface/p9n_interface.hpp
[4.309s] -- Installing: /home/joar/subvision_ws/install/p9n_interface/include/p9n_interface/ps3_dualshock3.hpp
[4.309s] -- Installing: /home/joar/subvision_ws/install/p9n_interface/share/p9n_interface/environment/library_path.sh
[4.309s] -- Installing: /home/joar/subvision_ws/install/p9n_interface/share/p9n_interface/environment/library_path.dsv
[4.310s] -- Installing: /home/joar/subvision_ws/install/p9n_interface/lib/libp9n_interface.a
[4.310s] -- Installing: /home/joar/subvision_ws/install/p9n_interface/share/ament_index/resource_index/package_run_dependencies/p9n_interface
[4.310s] -- Installing: /home/joar/subvision_ws/install/p9n_interface/share/ament_index/resource_index/parent_prefix_path/p9n_interface
[4.310s] -- Installing: /home/joar/subvision_ws/install/p9n_interface/share/p9n_interface/environment/ament_prefix_path.sh
[4.310s] -- Installing: /home/joar/subvision_ws/install/p9n_interface/share/p9n_interface/environment/ament_prefix_path.dsv
[4.310s] -- Installing: /home/joar/subvision_ws/install/p9n_interface/share/p9n_interface/environment/path.sh
[4.310s] -- Installing: /home/joar/subvision_ws/install/p9n_interface/share/p9n_interface/environment/path.dsv
[4.310s] -- Installing: /home/joar/subvision_ws/install/p9n_interface/share/p9n_interface/local_setup.bash
[4.310s] -- Installing: /home/joar/subvision_ws/install/p9n_interface/share/p9n_interface/local_setup.sh
[4.310s] -- Installing: /home/joar/subvision_ws/install/p9n_interface/share/p9n_interface/local_setup.zsh
[4.310s] -- Installing: /home/joar/subvision_ws/install/p9n_interface/share/p9n_interface/local_setup.dsv
[4.310s] -- Installing: /home/joar/subvision_ws/install/p9n_interface/share/p9n_interface/package.dsv
[4.311s] -- Installing: /home/joar/subvision_ws/install/p9n_interface/share/ament_index/resource_index/packages/p9n_interface
[4.311s] -- Installing: /home/joar/subvision_ws/install/p9n_interface/share/p9n_interface/cmake/ament_cmake_export_dependencies-extras.cmake
[4.311s] -- Installing: /home/joar/subvision_ws/install/p9n_interface/share/p9n_interface/cmake/ament_cmake_export_include_directories-extras.cmake
[4.311s] -- Installing: /home/joar/subvision_ws/install/p9n_interface/share/p9n_interface/cmake/ament_cmake_export_libraries-extras.cmake
[4.311s] -- Installing: /home/joar/subvision_ws/install/p9n_interface/share/p9n_interface/cmake/p9n_interfaceConfig.cmake
[4.311s] -- Installing: /home/joar/subvision_ws/install/p9n_interface/share/p9n_interface/cmake/p9n_interfaceConfig-version.cmake
[4.311s] -- Installing: /home/joar/subvision_ws/install/p9n_interface/share/p9n_interface/package.xml
[4.315s] Invoked command in '/home/joar/subvision_ws/build/p9n_interface' returned '0': CMAKE_PREFIX_PATH=${CMAKE_PREFIX_PATH}:/home/joar/subvision_ws/install/subvision:/opt/ros/humble /usr/bin/cmake --install /home/joar/subvision_ws/build/p9n_interface
