[0.019s] Invoking command in '/home/joar/subvision_ws/build/p9n_example': AMENT_PREFIX_PATH=/home/joar/subvision_ws/install/p9n_interface:${AMENT_PREFIX_PATH} CMAKE_PREFIX_PATH=/home/joar/subvision_ws/install/p9n_interface:/home/joar/subvision_ws/install/ds4_driver:/home/joar/subvision_ws/install/ds4_driver_msgs:/home/joar/subvision_ws/install/subvision:/opt/ros/humble LD_LIBRARY_PATH=/home/joar/subvision_ws/install/p9n_interface/lib:${LD_LIBRARY_PATH} /usr/bin/cmake --build /home/joar/subvision_ws/build/p9n_example -- -j16 -l16
[0.091s] [ 50%] Built target display_node_exec
[0.092s] [100%] Built target display_node
[0.110s] Invoked command in '/home/joar/subvision_ws/build/p9n_example' returned '0': AMENT_PREFIX_PATH=/home/joar/subvision_ws/install/p9n_interface:${AMENT_PREFIX_PATH} CMAKE_PREFIX_PATH=/home/joar/subvision_ws/install/p9n_interface:/home/joar/subvision_ws/install/ds4_driver:/home/joar/subvision_ws/install/ds4_driver_msgs:/home/joar/subvision_ws/install/subvision:/opt/ros/humble LD_LIBRARY_PATH=/home/joar/subvision_ws/install/p9n_interface/lib:${LD_LIBRARY_PATH} /usr/bin/cmake --build /home/joar/subvision_ws/build/p9n_example -- -j16 -l16
[0.152s] Invoking command in '/home/joar/subvision_ws/build/p9n_example': AMENT_PREFIX_PATH=/home/joar/subvision_ws/install/p9n_interface:${AMENT_PREFIX_PATH} CMAKE_PREFIX_PATH=/home/joar/subvision_ws/install/p9n_interface:/home/joar/subvision_ws/install/ds4_driver:/home/joar/subvision_ws/install/ds4_driver_msgs:/home/joar/subvision_ws/install/subvision:/opt/ros/humble LD_LIBRARY_PATH=/home/joar/subvision_ws/install/p9n_interface/lib:${LD_LIBRARY_PATH} /usr/bin/cmake --install /home/joar/subvision_ws/build/p9n_example
[0.171s] -- Install configuration: ""
[0.173s] -- Up-to-date: /home/joar/subvision_ws/install/p9n_example/lib/p9n_example/display_node_exec
[0.173s] -- Up-to-date: /home/joar/subvision_ws/install/p9n_example/include
[0.173s] -- Up-to-date: /home/joar/subvision_ws/install/p9n_example/include/p9n_example
[0.173s] -- Up-to-date: /home/joar/subvision_ws/install/p9n_example/include/p9n_example/display_node.hpp
[0.173s] -- Up-to-date: /home/joar/subvision_ws/install/p9n_example/share/p9n_example/environment/library_path.sh
[0.173s] -- Up-to-date: /home/joar/subvision_ws/install/p9n_example/share/p9n_example/environment/library_path.dsv
[0.174s] -- Up-to-date: /home/joar/subvision_ws/install/p9n_example/lib/libdisplay_node.so
[0.174s] -- Up-to-date: /home/joar/subvision_ws/install/p9n_example/share/p9n_example/launch
[0.174s] -- Up-to-date: /home/joar/subvision_ws/install/p9n_example/share/p9n_example/launch/display.launch.py
[0.174s] -- Up-to-date: /home/joar/subvision_ws/install/p9n_example/share/ament_index/resource_index/package_run_dependencies/p9n_example
[0.174s] -- Up-to-date: /home/joar/subvision_ws/install/p9n_example/share/ament_index/resource_index/parent_prefix_path/p9n_example
[0.174s] -- Up-to-date: /home/joar/subvision_ws/install/p9n_example/share/p9n_example/environment/ament_prefix_path.sh
[0.174s] -- Up-to-date: /home/joar/subvision_ws/install/p9n_example/share/p9n_example/environment/ament_prefix_path.dsv
[0.174s] -- Up-to-date: /home/joar/subvision_ws/install/p9n_example/share/p9n_example/environment/path.sh
[0.174s] -- Up-to-date: /home/joar/subvision_ws/install/p9n_example/share/p9n_example/environment/path.dsv
[0.174s] -- Up-to-date: /home/joar/subvision_ws/install/p9n_example/share/p9n_example/local_setup.bash
[0.174s] -- Up-to-date: /home/joar/subvision_ws/install/p9n_example/share/p9n_example/local_setup.sh
[0.174s] -- Up-to-date: /home/joar/subvision_ws/install/p9n_example/share/p9n_example/local_setup.zsh
[0.175s] -- Up-to-date: /home/joar/subvision_ws/install/p9n_example/share/p9n_example/local_setup.dsv
[0.175s] -- Installing: /home/joar/subvision_ws/install/p9n_example/share/p9n_example/package.dsv
[0.175s] -- Up-to-date: /home/joar/subvision_ws/install/p9n_example/share/ament_index/resource_index/packages/p9n_example
[0.175s] -- Up-to-date: /home/joar/subvision_ws/install/p9n_example/share/ament_index/resource_index/rclcpp_components/p9n_example
[0.175s] -- Up-to-date: /home/joar/subvision_ws/install/p9n_example/share/p9n_example/cmake/ament_cmake_export_dependencies-extras.cmake
[0.175s] -- Up-to-date: /home/joar/subvision_ws/install/p9n_example/share/p9n_example/cmake/ament_cmake_export_include_directories-extras.cmake
[0.175s] -- Up-to-date: /home/joar/subvision_ws/install/p9n_example/share/p9n_example/cmake/ament_cmake_export_libraries-extras.cmake
[0.175s] -- Up-to-date: /home/joar/subvision_ws/install/p9n_example/share/p9n_example/cmake/p9n_exampleConfig.cmake
[0.175s] -- Up-to-date: /home/joar/subvision_ws/install/p9n_example/share/p9n_example/cmake/p9n_exampleConfig-version.cmake
[0.175s] -- Up-to-date: /home/joar/subvision_ws/install/p9n_example/share/p9n_example/package.xml
[0.189s] Invoked command in '/home/joar/subvision_ws/build/p9n_example' returned '0': AMENT_PREFIX_PATH=/home/joar/subvision_ws/install/p9n_interface:${AMENT_PREFIX_PATH} CMAKE_PREFIX_PATH=/home/joar/subvision_ws/install/p9n_interface:/home/joar/subvision_ws/install/ds4_driver:/home/joar/subvision_ws/install/ds4_driver_msgs:/home/joar/subvision_ws/install/subvision:/opt/ros/humble LD_LIBRARY_PATH=/home/joar/subvision_ws/install/p9n_interface/lib:${LD_LIBRARY_PATH} /usr/bin/cmake --install /home/joar/subvision_ws/build/p9n_example
