[0.543s] Invoking command in '/home/joar/subvision_ws/src/PlayStation-JoyInterface-ROS2-humble/p9n_bringup': AMENT_PREFIX_PATH=/home/joar/subvision_ws/install/p9n_node:/home/joar/subvision_ws/install/p9n_interface:${AMENT_PREFIX_PATH} CMAKE_PREFIX_PATH=/home/joar/subvision_ws/install/p9n_node:/home/joar/subvision_ws/install/p9n_interface:${CMAKE_PREFIX_PATH} LD_LIBRARY_PATH=/home/joar/subvision_ws/install/p9n_node/lib:/home/joar/subvision_ws/install/p9n_interface/lib:${LD_LIBRARY_PATH} PYTHONPATH=/home/joar/subvision_ws/build/p9n_bringup/prefix_override:/usr/lib/python3/dist-packages/colcon_core/task/python/colcon_distutils_commands:/home/joar/subvision_ws/install/p9n_bringup/lib/python3.10/site-packages:${PYTHONPATH} /usr/bin/python3 -W ignore:setup.py install is deprecated setup.py egg_info --egg-base ../../../build/p9n_bringup build --build-base /home/joar/subvision_ws/build/p9n_bringup/build install --record /home/joar/subvision_ws/build/p9n_bringup/install.log --single-version-externally-managed install_data
[0.723s] running egg_info
[0.723s] writing ../../../build/p9n_bringup/p9n_bringup.egg-info/PKG-INFO
[0.724s] writing dependency_links to ../../../build/p9n_bringup/p9n_bringup.egg-info/dependency_links.txt
[0.724s] writing entry points to ../../../build/p9n_bringup/p9n_bringup.egg-info/entry_points.txt
[0.724s] writing requirements to ../../../build/p9n_bringup/p9n_bringup.egg-info/requires.txt
[0.724s] writing top-level names to ../../../build/p9n_bringup/p9n_bringup.egg-info/top_level.txt
[0.726s] reading manifest file '../../../build/p9n_bringup/p9n_bringup.egg-info/SOURCES.txt'
[0.726s] writing manifest file '../../../build/p9n_bringup/p9n_bringup.egg-info/SOURCES.txt'
[0.726s] running build
[0.726s] running build_py
[0.726s] running install
[0.727s] running install_lib
[0.728s] running install_data
[0.728s] running install_egg_info
[0.730s] removing '/home/joar/subvision_ws/install/p9n_bringup/lib/python3.10/site-packages/p9n_bringup-1.1.1-py3.10.egg-info' (and everything under it)
[0.730s] Copying ../../../build/p9n_bringup/p9n_bringup.egg-info to /home/joar/subvision_ws/install/p9n_bringup/lib/python3.10/site-packages/p9n_bringup-1.1.1-py3.10.egg-info
[0.731s] running install_scripts
[0.748s] writing list of installed files to '/home/joar/subvision_ws/build/p9n_bringup/install.log'
[0.781s] Invoked command in '/home/joar/subvision_ws/src/PlayStation-JoyInterface-ROS2-humble/p9n_bringup' returned '0': AMENT_PREFIX_PATH=/home/joar/subvision_ws/install/p9n_node:/home/joar/subvision_ws/install/p9n_interface:${AMENT_PREFIX_PATH} CMAKE_PREFIX_PATH=/home/joar/subvision_ws/install/p9n_node:/home/joar/subvision_ws/install/p9n_interface:${CMAKE_PREFIX_PATH} LD_LIBRARY_PATH=/home/joar/subvision_ws/install/p9n_node/lib:/home/joar/subvision_ws/install/p9n_interface/lib:${LD_LIBRARY_PATH} PYTHONPATH=/home/joar/subvision_ws/build/p9n_bringup/prefix_override:/usr/lib/python3/dist-packages/colcon_core/task/python/colcon_distutils_commands:/home/joar/subvision_ws/install/p9n_bringup/lib/python3.10/site-packages:${PYTHONPATH} /usr/bin/python3 -W ignore:setup.py install is deprecated setup.py egg_info --egg-base ../../../build/p9n_bringup build --build-base /home/joar/subvision_ws/build/p9n_bringup/build install --record /home/joar/subvision_ws/build/p9n_bringup/install.log --single-version-externally-managed install_data
