[0.019s] Invoking command in '/home/joar/subvision_ws/build/p9n_node': AMENT_PREFIX_PATH=/home/joar/subvision_ws/install/p9n_interface:${AMENT_PREFIX_PATH} CMAKE_PREFIX_PATH=/home/joar/subvision_ws/install/p9n_interface:/home/joar/subvision_ws/install/ds4_driver:/home/joar/subvision_ws/install/ds4_driver_msgs:/home/joar/subvision_ws/install/subvision:/opt/ros/humble LD_LIBRARY_PATH=/home/joar/subvision_ws/install/p9n_interface/lib:${LD_LIBRARY_PATH} /usr/bin/cmake --build /home/joar/subvision_ws/build/p9n_node -- -j16 -l16
[0.094s] [100%] Built target teleop_twist_joy_node_exec
[0.094s] [100%] Built target p9n_node_teleop_twist_joy_node
[0.111s] Invoked command in '/home/joar/subvision_ws/build/p9n_node' returned '0': AMENT_PREFIX_PATH=/home/joar/subvision_ws/install/p9n_interface:${AMENT_PREFIX_PATH} CMAKE_PREFIX_PATH=/home/joar/subvision_ws/install/p9n_interface:/home/joar/subvision_ws/install/ds4_driver:/home/joar/subvision_ws/install/ds4_driver_msgs:/home/joar/subvision_ws/install/subvision:/opt/ros/humble LD_LIBRARY_PATH=/home/joar/subvision_ws/install/p9n_interface/lib:${LD_LIBRARY_PATH} /usr/bin/cmake --build /home/joar/subvision_ws/build/p9n_node -- -j16 -l16
[0.153s] Invoking command in '/home/joar/subvision_ws/build/p9n_node': AMENT_PREFIX_PATH=/home/joar/subvision_ws/install/p9n_interface:${AMENT_PREFIX_PATH} CMAKE_PREFIX_PATH=/home/joar/subvision_ws/install/p9n_interface:/home/joar/subvision_ws/install/ds4_driver:/home/joar/subvision_ws/install/ds4_driver_msgs:/home/joar/subvision_ws/install/subvision:/opt/ros/humble LD_LIBRARY_PATH=/home/joar/subvision_ws/install/p9n_interface/lib:${LD_LIBRARY_PATH} /usr/bin/cmake --install /home/joar/subvision_ws/build/p9n_node
[0.167s] -- Install configuration: ""
[0.167s] -- Up-to-date: /home/joar/subvision_ws/install/p9n_node/lib/p9n_node/teleop_twist_joy_node_exec
[0.168s] -- Up-to-date: /home/joar/subvision_ws/install/p9n_node/include
[0.168s] -- Up-to-date: /home/joar/subvision_ws/install/p9n_node/include/p9n_node
[0.168s] -- Up-to-date: /home/joar/subvision_ws/install/p9n_node/include/p9n_node/teleop_twist_joy_node.hpp
[0.168s] -- Up-to-date: /home/joar/subvision_ws/install/p9n_node/share/p9n_node/environment/library_path.sh
[0.170s] -- Up-to-date: /home/joar/subvision_ws/install/p9n_node/share/p9n_node/environment/library_path.dsv
[0.170s] -- Up-to-date: /home/joar/subvision_ws/install/p9n_node/lib/libp9n_node_teleop_twist_joy_node.so
[0.170s] -- Up-to-date: /home/joar/subvision_ws/install/p9n_node/share/ament_index/resource_index/package_run_dependencies/p9n_node
[0.170s] -- Up-to-date: /home/joar/subvision_ws/install/p9n_node/share/ament_index/resource_index/parent_prefix_path/p9n_node
[0.170s] -- Up-to-date: /home/joar/subvision_ws/install/p9n_node/share/p9n_node/environment/ament_prefix_path.sh
[0.170s] -- Up-to-date: /home/joar/subvision_ws/install/p9n_node/share/p9n_node/environment/ament_prefix_path.dsv
[0.170s] -- Up-to-date: /home/joar/subvision_ws/install/p9n_node/share/p9n_node/environment/path.sh
[0.171s] -- Up-to-date: /home/joar/subvision_ws/install/p9n_node/share/p9n_node/environment/path.dsv
[0.171s] -- Up-to-date: /home/joar/subvision_ws/install/p9n_node/share/p9n_node/local_setup.bash
[0.171s] -- Up-to-date: /home/joar/subvision_ws/install/p9n_node/share/p9n_node/local_setup.sh
[0.171s] -- Up-to-date: /home/joar/subvision_ws/install/p9n_node/share/p9n_node/local_setup.zsh
[0.171s] -- Up-to-date: /home/joar/subvision_ws/install/p9n_node/share/p9n_node/local_setup.dsv
[0.171s] -- Installing: /home/joar/subvision_ws/install/p9n_node/share/p9n_node/package.dsv
[0.174s] -- Up-to-date: /home/joar/subvision_ws/install/p9n_node/share/ament_index/resource_index/packages/p9n_node
[0.174s] -- Up-to-date: /home/joar/subvision_ws/install/p9n_node/share/ament_index/resource_index/rclcpp_components/p9n_node
[0.174s] -- Up-to-date: /home/joar/subvision_ws/install/p9n_node/share/p9n_node/cmake/ament_cmake_export_dependencies-extras.cmake
[0.174s] -- Up-to-date: /home/joar/subvision_ws/install/p9n_node/share/p9n_node/cmake/ament_cmake_export_include_directories-extras.cmake
[0.174s] -- Up-to-date: /home/joar/subvision_ws/install/p9n_node/share/p9n_node/cmake/ament_cmake_export_libraries-extras.cmake
[0.174s] -- Up-to-date: /home/joar/subvision_ws/install/p9n_node/share/p9n_node/cmake/p9n_nodeConfig.cmake
[0.174s] -- Up-to-date: /home/joar/subvision_ws/install/p9n_node/share/p9n_node/cmake/p9n_nodeConfig-version.cmake
[0.174s] -- Up-to-date: /home/joar/subvision_ws/install/p9n_node/share/p9n_node/package.xml
[0.180s] Invoked command in '/home/joar/subvision_ws/build/p9n_node' returned '0': AMENT_PREFIX_PATH=/home/joar/subvision_ws/install/p9n_interface:${AMENT_PREFIX_PATH} CMAKE_PREFIX_PATH=/home/joar/subvision_ws/install/p9n_interface:/home/joar/subvision_ws/install/ds4_driver:/home/joar/subvision_ws/install/ds4_driver_msgs:/home/joar/subvision_ws/install/subvision:/opt/ros/humble LD_LIBRARY_PATH=/home/joar/subvision_ws/install/p9n_interface/lib:${LD_LIBRARY_PATH} /usr/bin/cmake --install /home/joar/subvision_ws/build/p9n_node
