[0.027s] Invoking command in '/home/joar/subvision_ws/build/p9n': AMENT_PREFIX_PATH=/home/joar/subvision_ws/install/p9n_bringup:/home/joar/subvision_ws/install/p9n_test:/home/joar/subvision_ws/install/p9n_node:/home/joar/subvision_ws/install/p9n_example:/home/joar/subvision_ws/install/p9n_interface:${AMENT_PREFIX_PATH} CMAKE_PREFIX_PATH=/home/joar/subvision_ws/install/p9n_test:/home/joar/subvision_ws/install/p9n_node:/home/joar/subvision_ws/install/p9n_example:/home/joar/subvision_ws/install/p9n_interface:/home/joar/subvision_ws/install/ds4_driver:/home/joar/subvision_ws/install/ds4_driver_msgs:/home/joar/subvision_ws/install/subvision:/opt/ros/humble LD_LIBRARY_PATH=/home/joar/subvision_ws/install/p9n_test/lib:/home/joar/subvision_ws/install/p9n_node/lib:/home/joar/subvision_ws/install/p9n_example/lib:/home/joar/subvision_ws/install/p9n_interface/lib:${LD_LIBRARY_PATH} PYTHONPATH=/home/joar/subvision_ws/install/p9n_bringup/lib/python3.10/site-packages:${PYTHONPATH} /usr/bin/cmake --build /home/joar/subvision_ws/build/p9n -- -j16 -l16
[0.080s] Invoked command in '/home/joar/subvision_ws/build/p9n' returned '0': AMENT_PREFIX_PATH=/home/joar/subvision_ws/install/p9n_bringup:/home/joar/subvision_ws/install/p9n_test:/home/joar/subvision_ws/install/p9n_node:/home/joar/subvision_ws/install/p9n_example:/home/joar/subvision_ws/install/p9n_interface:${AMENT_PREFIX_PATH} CMAKE_PREFIX_PATH=/home/joar/subvision_ws/install/p9n_test:/home/joar/subvision_ws/install/p9n_node:/home/joar/subvision_ws/install/p9n_example:/home/joar/subvision_ws/install/p9n_interface:/home/joar/subvision_ws/install/ds4_driver:/home/joar/subvision_ws/install/ds4_driver_msgs:/home/joar/subvision_ws/install/subvision:/opt/ros/humble LD_LIBRARY_PATH=/home/joar/subvision_ws/install/p9n_test/lib:/home/joar/subvision_ws/install/p9n_node/lib:/home/joar/subvision_ws/install/p9n_example/lib:/home/joar/subvision_ws/install/p9n_interface/lib:${LD_LIBRARY_PATH} PYTHONPATH=/home/joar/subvision_ws/install/p9n_bringup/lib/python3.10/site-packages:${PYTHONPATH} /usr/bin/cmake --build /home/joar/subvision_ws/build/p9n -- -j16 -l16
[0.111s] Invoking command in '/home/joar/subvision_ws/build/p9n': AMENT_PREFIX_PATH=/home/joar/subvision_ws/install/p9n_bringup:/home/joar/subvision_ws/install/p9n_test:/home/joar/subvision_ws/install/p9n_node:/home/joar/subvision_ws/install/p9n_example:/home/joar/subvision_ws/install/p9n_interface:${AMENT_PREFIX_PATH} CMAKE_PREFIX_PATH=/home/joar/subvision_ws/install/p9n_test:/home/joar/subvision_ws/install/p9n_node:/home/joar/subvision_ws/install/p9n_example:/home/joar/subvision_ws/install/p9n_interface:/home/joar/subvision_ws/install/ds4_driver:/home/joar/subvision_ws/install/ds4_driver_msgs:/home/joar/subvision_ws/install/subvision:/opt/ros/humble LD_LIBRARY_PATH=/home/joar/subvision_ws/install/p9n_test/lib:/home/joar/subvision_ws/install/p9n_node/lib:/home/joar/subvision_ws/install/p9n_example/lib:/home/joar/subvision_ws/install/p9n_interface/lib:${LD_LIBRARY_PATH} PYTHONPATH=/home/joar/subvision_ws/install/p9n_bringup/lib/python3.10/site-packages:${PYTHONPATH} /usr/bin/cmake --install /home/joar/subvision_ws/build/p9n
[0.121s] -- Install configuration: ""
[0.121s] -- Up-to-date: /home/joar/subvision_ws/install/p9n/share/ament_index/resource_index/package_run_dependencies/p9n
[0.121s] -- Up-to-date: /home/joar/subvision_ws/install/p9n/share/ament_index/resource_index/parent_prefix_path/p9n
[0.121s] -- Up-to-date: /home/joar/subvision_ws/install/p9n/share/p9n/environment/ament_prefix_path.sh
[0.122s] -- Up-to-date: /home/joar/subvision_ws/install/p9n/share/p9n/environment/ament_prefix_path.dsv
[0.122s] -- Up-to-date: /home/joar/subvision_ws/install/p9n/share/p9n/environment/path.sh
[0.122s] -- Up-to-date: /home/joar/subvision_ws/install/p9n/share/p9n/environment/path.dsv
[0.122s] -- Up-to-date: /home/joar/subvision_ws/install/p9n/share/p9n/local_setup.bash
[0.122s] -- Up-to-date: /home/joar/subvision_ws/install/p9n/share/p9n/local_setup.sh
[0.122s] -- Up-to-date: /home/joar/subvision_ws/install/p9n/share/p9n/local_setup.zsh
[0.122s] -- Up-to-date: /home/joar/subvision_ws/install/p9n/share/p9n/local_setup.dsv
[0.122s] -- Installing: /home/joar/subvision_ws/install/p9n/share/p9n/package.dsv
[0.122s] -- Up-to-date: /home/joar/subvision_ws/install/p9n/share/ament_index/resource_index/packages/p9n
[0.122s] -- Up-to-date: /home/joar/subvision_ws/install/p9n/share/p9n/cmake/p9nConfig.cmake
[0.123s] -- Up-to-date: /home/joar/subvision_ws/install/p9n/share/p9n/cmake/p9nConfig-version.cmake
[0.123s] -- Up-to-date: /home/joar/subvision_ws/install/p9n/share/p9n/package.xml
[0.125s] Invoked command in '/home/joar/subvision_ws/build/p9n' returned '0': AMENT_PREFIX_PATH=/home/joar/subvision_ws/install/p9n_bringup:/home/joar/subvision_ws/install/p9n_test:/home/joar/subvision_ws/install/p9n_node:/home/joar/subvision_ws/install/p9n_example:/home/joar/subvision_ws/install/p9n_interface:${AMENT_PREFIX_PATH} CMAKE_PREFIX_PATH=/home/joar/subvision_ws/install/p9n_test:/home/joar/subvision_ws/install/p9n_node:/home/joar/subvision_ws/install/p9n_example:/home/joar/subvision_ws/install/p9n_interface:/home/joar/subvision_ws/install/ds4_driver:/home/joar/subvision_ws/install/ds4_driver_msgs:/home/joar/subvision_ws/install/subvision:/opt/ros/humble LD_LIBRARY_PATH=/home/joar/subvision_ws/install/p9n_test/lib:/home/joar/subvision_ws/install/p9n_node/lib:/home/joar/subvision_ws/install/p9n_example/lib:/home/joar/subvision_ws/install/p9n_interface/lib:${LD_LIBRARY_PATH} PYTHONPATH=/home/joar/subvision_ws/install/p9n_bringup/lib/python3.10/site-packages:${PYTHONPATH} /usr/bin/cmake --install /home/joar/subvision_ws/build/p9n
