[0.083s] DEBUG:colcon:Command line arguments: ['/usr/bin/colcon', 'build']
[0.083s] DEBUG:colcon:Parsed command line arguments: Namespace(log_base=None, log_level=None, verb_name='build', build_base='build', install_base='install', merge_install=False, symlink_install=False, test_result_base=None, continue_on_error=False, executor='parallel', parallel_workers=16, event_handlers=None, ignore_user_meta=False, metas=['./colcon.meta'], base_paths=['.'], packages_ignore=None, packages_ignore_regex=None, paths=None, packages_up_to=None, packages_up_to_regex=None, packages_above=None, packages_above_and_dependencies=None, packages_above_depth=None, packages_select_by_dep=None, packages_skip_by_dep=None, packages_skip_up_to=None, packages_select_build_failed=False, packages_skip_build_finished=False, packages_select_test_failures=False, packages_skip_test_passed=False, packages_select=None, packages_skip=None, packages_select_regex=None, packages_skip_regex=None, packages_start=None, packages_end=None, allow_overriding=[], cmake_args=None, cmake_target=None, cmake_target_skip_unavailable=False, cmake_clean_cache=False, cmake_clean_first=False, cmake_force_configure=False, ament_cmake_args=None, catkin_cmake_args=None, catkin_skip_building_tests=False, verb_parser=<colcon_defaults.argument_parser.defaults.DefaultArgumentsDecorator object at 0x797d4746c040>, verb_extension=<colcon_core.verb.build.BuildVerb object at 0x797d47437a90>, main=<bound method BuildVerb.main of <colcon_core.verb.build.BuildVerb object at 0x797d47437a90>>)
[0.204s] Level 1:colcon.colcon_core.package_discovery:discover_packages(colcon_meta) check parameters
[0.204s] Level 1:colcon.colcon_core.package_discovery:discover_packages(recursive) check parameters
[0.204s] Level 1:colcon.colcon_core.package_discovery:discover_packages(ignore) check parameters
[0.204s] Level 1:colcon.colcon_core.package_discovery:discover_packages(path) check parameters
[0.204s] Level 1:colcon.colcon_core.package_discovery:discover_packages(colcon_meta) discover
[0.204s] Level 1:colcon.colcon_core.package_discovery:discover_packages(recursive) discover
[0.204s] INFO:colcon.colcon_core.package_discovery:Crawling recursively for packages in '/home/joar/subvision_ws/src'
[0.204s] Level 1:colcon.colcon_core.package_identification:_identify(.) by extensions ['ignore', 'ignore_ament_install']
[0.204s] Level 1:colcon.colcon_core.package_identification:_identify(.) by extension 'ignore'
[0.204s] Level 1:colcon.colcon_core.package_identification:_identify(.) by extension 'ignore_ament_install'
[0.204s] Level 1:colcon.colcon_core.package_identification:_identify(.) by extensions ['colcon_pkg']
[0.204s] Level 1:colcon.colcon_core.package_identification:_identify(.) by extension 'colcon_pkg'
[0.204s] Level 1:colcon.colcon_core.package_identification:_identify(.) by extensions ['colcon_meta']
[0.204s] Level 1:colcon.colcon_core.package_identification:_identify(.) by extension 'colcon_meta'
[0.204s] Level 1:colcon.colcon_core.package_identification:_identify(.) by extensions ['ros']
[0.204s] Level 1:colcon.colcon_core.package_identification:_identify(.) by extension 'ros'
[0.214s] Level 1:colcon.colcon_core.package_identification:_identify(.) by extensions ['cmake', 'python']
[0.214s] Level 1:colcon.colcon_core.package_identification:_identify(.) by extension 'cmake'
[0.214s] Level 1:colcon.colcon_core.package_identification:_identify(.) by extension 'python'
[0.214s] Level 1:colcon.colcon_core.package_identification:_identify(.) by extensions ['python_setup_py']
[0.214s] Level 1:colcon.colcon_core.package_identification:_identify(.) by extension 'python_setup_py'
[0.214s] Level 1:colcon.colcon_core.package_identification:_identify(build) by extensions ['ignore', 'ignore_ament_install']
[0.214s] Level 1:colcon.colcon_core.package_identification:_identify(build) by extension 'ignore'
[0.214s] Level 1:colcon.colcon_core.package_identification:_identify(build) ignored
[0.214s] Level 1:colcon.colcon_core.package_identification:_identify(ds4_driver) by extensions ['ignore', 'ignore_ament_install']
[0.214s] Level 1:colcon.colcon_core.package_identification:_identify(ds4_driver) by extension 'ignore'
[0.214s] Level 1:colcon.colcon_core.package_identification:_identify(ds4_driver) by extension 'ignore_ament_install'
[0.215s] Level 1:colcon.colcon_core.package_identification:_identify(ds4_driver) by extensions ['colcon_pkg']
[0.215s] Level 1:colcon.colcon_core.package_identification:_identify(ds4_driver) by extension 'colcon_pkg'
[0.215s] Level 1:colcon.colcon_core.package_identification:_identify(ds4_driver) by extensions ['colcon_meta']
[0.215s] Level 1:colcon.colcon_core.package_identification:_identify(ds4_driver) by extension 'colcon_meta'
[0.215s] Level 1:colcon.colcon_core.package_identification:_identify(ds4_driver) by extensions ['ros']
[0.215s] Level 1:colcon.colcon_core.package_identification:_identify(ds4_driver) by extension 'ros'
[0.215s] Level 1:colcon.colcon_core.package_identification:_identify(ds4_driver) by extensions ['cmake', 'python']
[0.215s] Level 1:colcon.colcon_core.package_identification:_identify(ds4_driver) by extension 'cmake'
[0.215s] Level 1:colcon.colcon_core.package_identification:_identify(ds4_driver) by extension 'python'
[0.215s] Level 1:colcon.colcon_core.package_identification:_identify(ds4_driver) by extensions ['python_setup_py']
[0.215s] Level 1:colcon.colcon_core.package_identification:_identify(ds4_driver) by extension 'python_setup_py'
[0.215s] Level 1:colcon.colcon_core.package_identification:_identify(ds4_driver/docker) by extensions ['ignore', 'ignore_ament_install']
[0.215s] Level 1:colcon.colcon_core.package_identification:_identify(ds4_driver/docker) by extension 'ignore'
[0.215s] Level 1:colcon.colcon_core.package_identification:_identify(ds4_driver/docker) by extension 'ignore_ament_install'
[0.215s] Level 1:colcon.colcon_core.package_identification:_identify(ds4_driver/docker) by extensions ['colcon_pkg']
[0.215s] Level 1:colcon.colcon_core.package_identification:_identify(ds4_driver/docker) by extension 'colcon_pkg'
[0.215s] Level 1:colcon.colcon_core.package_identification:_identify(ds4_driver/docker) by extensions ['colcon_meta']
[0.215s] Level 1:colcon.colcon_core.package_identification:_identify(ds4_driver/docker) by extension 'colcon_meta'
[0.215s] Level 1:colcon.colcon_core.package_identification:_identify(ds4_driver/docker) by extensions ['ros']
[0.215s] Level 1:colcon.colcon_core.package_identification:_identify(ds4_driver/docker) by extension 'ros'
[0.215s] Level 1:colcon.colcon_core.package_identification:_identify(ds4_driver/docker) by extensions ['cmake', 'python']
[0.215s] Level 1:colcon.colcon_core.package_identification:_identify(ds4_driver/docker) by extension 'cmake'
[0.215s] Level 1:colcon.colcon_core.package_identification:_identify(ds4_driver/docker) by extension 'python'
[0.215s] Level 1:colcon.colcon_core.package_identification:_identify(ds4_driver/docker) by extensions ['python_setup_py']
[0.215s] Level 1:colcon.colcon_core.package_identification:_identify(ds4_driver/docker) by extension 'python_setup_py'
[0.215s] Level 1:colcon.colcon_core.package_identification:_identify(ds4_driver/ds4_driver) by extensions ['ignore', 'ignore_ament_install']
[0.215s] Level 1:colcon.colcon_core.package_identification:_identify(ds4_driver/ds4_driver) by extension 'ignore'
[0.215s] Level 1:colcon.colcon_core.package_identification:_identify(ds4_driver/ds4_driver) by extension 'ignore_ament_install'
[0.215s] Level 1:colcon.colcon_core.package_identification:_identify(ds4_driver/ds4_driver) by extensions ['colcon_pkg']
[0.216s] Level 1:colcon.colcon_core.package_identification:_identify(ds4_driver/ds4_driver) by extension 'colcon_pkg'
[0.216s] Level 1:colcon.colcon_core.package_identification:_identify(ds4_driver/ds4_driver) by extensions ['colcon_meta']
[0.216s] Level 1:colcon.colcon_core.package_identification:_identify(ds4_driver/ds4_driver) by extension 'colcon_meta'
[0.216s] Level 1:colcon.colcon_core.package_identification:_identify(ds4_driver/ds4_driver) by extensions ['ros']
[0.216s] Level 1:colcon.colcon_core.package_identification:_identify(ds4_driver/ds4_driver) by extension 'ros'
[0.218s] DEBUG:colcon.colcon_core.package_identification:Package 'ds4_driver/ds4_driver' with type 'ros.ament_cmake' and name 'ds4_driver'
[0.218s] Level 1:colcon.colcon_core.package_identification:_identify(ds4_driver/ds4_driver_msgs) by extensions ['ignore', 'ignore_ament_install']
[0.218s] Level 1:colcon.colcon_core.package_identification:_identify(ds4_driver/ds4_driver_msgs) by extension 'ignore'
[0.218s] Level 1:colcon.colcon_core.package_identification:_identify(ds4_driver/ds4_driver_msgs) by extension 'ignore_ament_install'
[0.218s] Level 1:colcon.colcon_core.package_identification:_identify(ds4_driver/ds4_driver_msgs) by extensions ['colcon_pkg']
[0.218s] Level 1:colcon.colcon_core.package_identification:_identify(ds4_driver/ds4_driver_msgs) by extension 'colcon_pkg'
[0.218s] Level 1:colcon.colcon_core.package_identification:_identify(ds4_driver/ds4_driver_msgs) by extensions ['colcon_meta']
[0.218s] Level 1:colcon.colcon_core.package_identification:_identify(ds4_driver/ds4_driver_msgs) by extension 'colcon_meta'
[0.218s] Level 1:colcon.colcon_core.package_identification:_identify(ds4_driver/ds4_driver_msgs) by extensions ['ros']
[0.218s] Level 1:colcon.colcon_core.package_identification:_identify(ds4_driver/ds4_driver_msgs) by extension 'ros'
[0.219s] DEBUG:colcon.colcon_core.package_identification:Package 'ds4_driver/ds4_driver_msgs' with type 'ros.ament_cmake' and name 'ds4_driver_msgs'
[0.219s] Level 1:colcon.colcon_core.package_identification:_identify(ds4drv) by extensions ['ignore', 'ignore_ament_install']
[0.219s] Level 1:colcon.colcon_core.package_identification:_identify(ds4drv) by extension 'ignore'
[0.219s] Level 1:colcon.colcon_core.package_identification:_identify(ds4drv) by extension 'ignore_ament_install'
[0.219s] Level 1:colcon.colcon_core.package_identification:_identify(ds4drv) by extensions ['colcon_pkg']
[0.219s] Level 1:colcon.colcon_core.package_identification:_identify(ds4drv) by extension 'colcon_pkg'
[0.219s] Level 1:colcon.colcon_core.package_identification:_identify(ds4drv) by extensions ['colcon_meta']
[0.219s] Level 1:colcon.colcon_core.package_identification:_identify(ds4drv) by extension 'colcon_meta'
[0.219s] Level 1:colcon.colcon_core.package_identification:_identify(ds4drv) by extensions ['ros']
[0.219s] Level 1:colcon.colcon_core.package_identification:_identify(ds4drv) by extension 'ros'
[0.219s] Level 1:colcon.colcon_core.package_identification:_identify(ds4drv) by extensions ['cmake', 'python']
[0.219s] Level 1:colcon.colcon_core.package_identification:_identify(ds4drv) by extension 'cmake'
[0.219s] Level 1:colcon.colcon_core.package_identification:_identify(ds4drv) by extension 'python'
[0.219s] DEBUG:colcon.colcon_core.package_identification:Python package in 'ds4drv' passes arguments to the setup() function which requires a different identification extension than 'python'
[0.219s] Level 1:colcon.colcon_core.package_identification:_identify(ds4drv) by extensions ['python_setup_py']
[0.219s] Level 1:colcon.colcon_core.package_identification:_identify(ds4drv) by extension 'python_setup_py'
[0.412s] DEBUG:colcon.colcon_core.package_identification:Package 'ds4drv' with type 'python' and name 'ds4drv'
[0.412s] Level 1:colcon.colcon_core.package_identification:_identify(install) by extensions ['ignore', 'ignore_ament_install']
[0.412s] Level 1:colcon.colcon_core.package_identification:_identify(install) by extension 'ignore'
[0.412s] Level 1:colcon.colcon_core.package_identification:_identify(install) ignored
[0.412s] Level 1:colcon.colcon_core.package_identification:_identify(log) by extensions ['ignore', 'ignore_ament_install']
[0.412s] Level 1:colcon.colcon_core.package_identification:_identify(log) by extension 'ignore'
[0.412s] Level 1:colcon.colcon_core.package_identification:_identify(log) ignored
[0.412s] Level 1:colcon.colcon_core.package_identification:_identify(subvision) by extensions ['ignore', 'ignore_ament_install']
[0.412s] Level 1:colcon.colcon_core.package_identification:_identify(subvision) by extension 'ignore'
[0.412s] Level 1:colcon.colcon_core.package_identification:_identify(subvision) by extension 'ignore_ament_install'
[0.412s] Level 1:colcon.colcon_core.package_identification:_identify(subvision) by extensions ['colcon_pkg']
[0.412s] Level 1:colcon.colcon_core.package_identification:_identify(subvision) by extension 'colcon_pkg'
[0.412s] Level 1:colcon.colcon_core.package_identification:_identify(subvision) by extensions ['colcon_meta']
[0.412s] Level 1:colcon.colcon_core.package_identification:_identify(subvision) by extension 'colcon_meta'
[0.412s] Level 1:colcon.colcon_core.package_identification:_identify(subvision) by extensions ['ros']
[0.412s] Level 1:colcon.colcon_core.package_identification:_identify(subvision) by extension 'ros'
[0.413s] DEBUG:colcon.colcon_core.package_identification:Package 'subvision' with type 'ros.ament_python' and name 'subvision'
[0.413s] Level 1:colcon.colcon_core.package_discovery:discover_packages(recursive) using defaults
[0.413s] Level 1:colcon.colcon_core.package_discovery:discover_packages(ignore) discover
[0.413s] Level 1:colcon.colcon_core.package_discovery:discover_packages(ignore) using defaults
[0.413s] Level 1:colcon.colcon_core.package_discovery:discover_packages(path) discover
[0.413s] Level 1:colcon.colcon_core.package_discovery:discover_packages(path) using defaults
[0.429s] Level 1:colcon.colcon_core.package_discovery:discover_packages(prefix_path) check parameters
[0.429s] Level 1:colcon.colcon_core.package_discovery:discover_packages(prefix_path) discover
[0.430s] DEBUG:colcon.colcon_installed_package_information.package_discovery:Found 4 installed packages in /home/joar/subvision_ws/install
[0.431s] DEBUG:colcon.colcon_installed_package_information.package_discovery:Found 270 installed packages in /opt/ros/humble
[0.433s] Level 1:colcon.colcon_core.package_discovery:discover_packages(prefix_path) using defaults
[0.474s] Level 5:colcon.colcon_core.verb:set package 'ds4_driver_msgs' build argument 'cmake_args' from command line to 'None'
[0.474s] Level 5:colcon.colcon_core.verb:set package 'ds4_driver_msgs' build argument 'cmake_target' from command line to 'None'
[0.474s] Level 5:colcon.colcon_core.verb:set package 'ds4_driver_msgs' build argument 'cmake_target_skip_unavailable' from command line to 'False'
[0.474s] Level 5:colcon.colcon_core.verb:set package 'ds4_driver_msgs' build argument 'cmake_clean_cache' from command line to 'False'
[0.474s] Level 5:colcon.colcon_core.verb:set package 'ds4_driver_msgs' build argument 'cmake_clean_first' from command line to 'False'
[0.474s] Level 5:colcon.colcon_core.verb:set package 'ds4_driver_msgs' build argument 'cmake_force_configure' from command line to 'False'
[0.474s] Level 5:colcon.colcon_core.verb:set package 'ds4_driver_msgs' build argument 'ament_cmake_args' from command line to 'None'
[0.474s] Level 5:colcon.colcon_core.verb:set package 'ds4_driver_msgs' build argument 'catkin_cmake_args' from command line to 'None'
[0.474s] Level 5:colcon.colcon_core.verb:set package 'ds4_driver_msgs' build argument 'catkin_skip_building_tests' from command line to 'False'
[0.474s] DEBUG:colcon.colcon_core.verb:Building package 'ds4_driver_msgs' with the following arguments: {'ament_cmake_args': None, 'build_base': '/home/joar/subvision_ws/src/build/ds4_driver_msgs', 'catkin_cmake_args': None, 'catkin_skip_building_tests': False, 'cmake_args': None, 'cmake_clean_cache': False, 'cmake_clean_first': False, 'cmake_force_configure': False, 'cmake_target': None, 'cmake_target_skip_unavailable': False, 'install_base': '/home/joar/subvision_ws/src/install/ds4_driver_msgs', 'merge_install': False, 'path': '/home/joar/subvision_ws/src/ds4_driver/ds4_driver_msgs', 'symlink_install': False, 'test_result_base': None}
[0.474s] Level 5:colcon.colcon_core.verb:set package 'ds4drv' build argument 'cmake_args' from command line to 'None'
[0.474s] Level 5:colcon.colcon_core.verb:set package 'ds4drv' build argument 'cmake_target' from command line to 'None'
[0.474s] Level 5:colcon.colcon_core.verb:set package 'ds4drv' build argument 'cmake_target_skip_unavailable' from command line to 'False'
[0.474s] Level 5:colcon.colcon_core.verb:set package 'ds4drv' build argument 'cmake_clean_cache' from command line to 'False'
[0.474s] Level 5:colcon.colcon_core.verb:set package 'ds4drv' build argument 'cmake_clean_first' from command line to 'False'
[0.474s] Level 5:colcon.colcon_core.verb:set package 'ds4drv' build argument 'cmake_force_configure' from command line to 'False'
[0.474s] Level 5:colcon.colcon_core.verb:set package 'ds4drv' build argument 'ament_cmake_args' from command line to 'None'
[0.474s] Level 5:colcon.colcon_core.verb:set package 'ds4drv' build argument 'catkin_cmake_args' from command line to 'None'
[0.474s] Level 5:colcon.colcon_core.verb:set package 'ds4drv' build argument 'catkin_skip_building_tests' from command line to 'False'
[0.474s] DEBUG:colcon.colcon_core.verb:Building package 'ds4drv' with the following arguments: {'ament_cmake_args': None, 'build_base': '/home/joar/subvision_ws/src/build/ds4drv', 'catkin_cmake_args': None, 'catkin_skip_building_tests': False, 'cmake_args': None, 'cmake_clean_cache': False, 'cmake_clean_first': False, 'cmake_force_configure': False, 'cmake_target': None, 'cmake_target_skip_unavailable': False, 'install_base': '/home/joar/subvision_ws/src/install/ds4drv', 'merge_install': False, 'path': '/home/joar/subvision_ws/src/ds4drv', 'symlink_install': False, 'test_result_base': None}
[0.475s] Level 5:colcon.colcon_core.verb:set package 'subvision' build argument 'cmake_args' from command line to 'None'
[0.475s] Level 5:colcon.colcon_core.verb:set package 'subvision' build argument 'cmake_target' from command line to 'None'
[0.475s] Level 5:colcon.colcon_core.verb:set package 'subvision' build argument 'cmake_target_skip_unavailable' from command line to 'False'
[0.475s] Level 5:colcon.colcon_core.verb:set package 'subvision' build argument 'cmake_clean_cache' from command line to 'False'
[0.475s] Level 5:colcon.colcon_core.verb:set package 'subvision' build argument 'cmake_clean_first' from command line to 'False'
[0.475s] Level 5:colcon.colcon_core.verb:set package 'subvision' build argument 'cmake_force_configure' from command line to 'False'
[0.475s] Level 5:colcon.colcon_core.verb:set package 'subvision' build argument 'ament_cmake_args' from command line to 'None'
[0.475s] Level 5:colcon.colcon_core.verb:set package 'subvision' build argument 'catkin_cmake_args' from command line to 'None'
[0.475s] Level 5:colcon.colcon_core.verb:set package 'subvision' build argument 'catkin_skip_building_tests' from command line to 'False'
[0.475s] DEBUG:colcon.colcon_core.verb:Building package 'subvision' with the following arguments: {'ament_cmake_args': None, 'build_base': '/home/joar/subvision_ws/src/build/subvision', 'catkin_cmake_args': None, 'catkin_skip_building_tests': False, 'cmake_args': None, 'cmake_clean_cache': False, 'cmake_clean_first': False, 'cmake_force_configure': False, 'cmake_target': None, 'cmake_target_skip_unavailable': False, 'install_base': '/home/joar/subvision_ws/src/install/subvision', 'merge_install': False, 'path': '/home/joar/subvision_ws/src/subvision', 'symlink_install': False, 'test_result_base': None}
[0.475s] Level 5:colcon.colcon_core.verb:set package 'ds4_driver' build argument 'cmake_args' from command line to 'None'
[0.475s] Level 5:colcon.colcon_core.verb:set package 'ds4_driver' build argument 'cmake_target' from command line to 'None'
[0.475s] Level 5:colcon.colcon_core.verb:set package 'ds4_driver' build argument 'cmake_target_skip_unavailable' from command line to 'False'
[0.475s] Level 5:colcon.colcon_core.verb:set package 'ds4_driver' build argument 'cmake_clean_cache' from command line to 'False'
[0.475s] Level 5:colcon.colcon_core.verb:set package 'ds4_driver' build argument 'cmake_clean_first' from command line to 'False'
[0.475s] Level 5:colcon.colcon_core.verb:set package 'ds4_driver' build argument 'cmake_force_configure' from command line to 'False'
[0.475s] Level 5:colcon.colcon_core.verb:set package 'ds4_driver' build argument 'ament_cmake_args' from command line to 'None'
[0.475s] Level 5:colcon.colcon_core.verb:set package 'ds4_driver' build argument 'catkin_cmake_args' from command line to 'None'
[0.475s] Level 5:colcon.colcon_core.verb:set package 'ds4_driver' build argument 'catkin_skip_building_tests' from command line to 'False'
[0.475s] DEBUG:colcon.colcon_core.verb:Building package 'ds4_driver' with the following arguments: {'ament_cmake_args': None, 'build_base': '/home/joar/subvision_ws/src/build/ds4_driver', 'catkin_cmake_args': None, 'catkin_skip_building_tests': False, 'cmake_args': None, 'cmake_clean_cache': False, 'cmake_clean_first': False, 'cmake_force_configure': False, 'cmake_target': None, 'cmake_target_skip_unavailable': False, 'install_base': '/home/joar/subvision_ws/src/install/ds4_driver', 'merge_install': False, 'path': '/home/joar/subvision_ws/src/ds4_driver/ds4_driver', 'symlink_install': False, 'test_result_base': None}
[0.475s] INFO:colcon.colcon_core.executor:Executing jobs using 'parallel' executor
[0.477s] DEBUG:colcon.colcon_parallel_executor.executor.parallel:run_until_complete
[0.477s] INFO:colcon.colcon_ros.task.ament_cmake.build:Building ROS package in '/home/joar/subvision_ws/src/ds4_driver/ds4_driver_msgs' with build type 'ament_cmake'
[0.478s] INFO:colcon.colcon_cmake.task.cmake.build:Building CMake package in '/home/joar/subvision_ws/src/ds4_driver/ds4_driver_msgs'
[0.479s] INFO:colcon.colcon_core.plugin_system:Skipping extension 'colcon_core.shell.bat': Not used on non-Windows systems
[0.479s] INFO:colcon.colcon_core.shell:Skip shell extension 'powershell' for command environment: Not usable outside of PowerShell
[0.479s] DEBUG:colcon.colcon_core.shell:Skip shell extension 'dsv' for command environment
[0.482s] INFO:colcon.colcon_core.task.python.build:Building Python package in '/home/joar/subvision_ws/src/ds4drv'
[0.482s] INFO:colcon.colcon_core.shell:Skip shell extension 'powershell' for command environment: Not usable outside of PowerShell
[0.483s] DEBUG:colcon.colcon_core.shell:Skip shell extension 'dsv' for command environment
[0.485s] INFO:colcon.colcon_ros.task.ament_python.build:Building ROS package in '/home/joar/subvision_ws/src/subvision' with build type 'ament_python'
[0.485s] Level 1:colcon.colcon_core.shell:create_environment_hook('subvision', 'ament_prefix_path')
[0.486s] INFO:colcon.colcon_core.shell:Creating environment hook '/home/joar/subvision_ws/src/install/subvision/share/subvision/hook/ament_prefix_path.ps1'
[0.486s] INFO:colcon.colcon_core.shell:Creating environment descriptor '/home/joar/subvision_ws/src/install/subvision/share/subvision/hook/ament_prefix_path.dsv'
[0.487s] INFO:colcon.colcon_core.shell:Creating environment hook '/home/joar/subvision_ws/src/install/subvision/share/subvision/hook/ament_prefix_path.sh'
[0.487s] INFO:colcon.colcon_core.shell:Skip shell extension 'powershell' for command environment: Not usable outside of PowerShell
[0.487s] DEBUG:colcon.colcon_core.shell:Skip shell extension 'dsv' for command environment
[0.495s] DEBUG:colcon.colcon_core.event_handler.log_command:Invoking command in '/home/joar/subvision_ws/src/build/ds4_driver_msgs': CMAKE_PREFIX_PATH=/home/joar/subvision_ws/install/subvision:/opt/ros/humble /usr/bin/cmake /home/joar/subvision_ws/src/ds4_driver/ds4_driver_msgs -DCMAKE_INSTALL_PREFIX=/home/joar/subvision_ws/src/install/ds4_driver_msgs
[0.907s] INFO:colcon.colcon_core.task.python.build:Building Python package in '/home/joar/subvision_ws/src/subvision'
[0.907s] INFO:colcon.colcon_core.shell:Skip shell extension 'powershell' for command environment: Not usable outside of PowerShell
[0.907s] DEBUG:colcon.colcon_core.shell:Skip shell extension 'dsv' for command environment
[0.977s] DEBUG:colcon.colcon_core.event_handler.log_command:Invoking command in '/home/joar/subvision_ws/src/ds4drv': PYTHONPATH=/home/joar/subvision_ws/src/build/ds4drv/prefix_override:/usr/lib/python3/dist-packages/colcon_core/task/python/colcon_distutils_commands:/home/joar/subvision_ws/src/install/ds4drv/lib/python3.10/site-packages:${PYTHONPATH} /usr/bin/python3 -W ignore:setup.py install is deprecated setup.py egg_info --egg-base ../build/ds4drv build --build-base /home/joar/subvision_ws/src/build/ds4drv/build install --record /home/joar/subvision_ws/src/build/ds4drv/install.log --single-version-externally-managed
[1.188s] DEBUG:colcon.colcon_core.event_handler.log_command:Invoking command in '/home/joar/subvision_ws/src/subvision': PYTHONPATH=/home/joar/subvision_ws/src/build/subvision/prefix_override:/usr/lib/python3/dist-packages/colcon_core/task/python/colcon_distutils_commands:/home/joar/subvision_ws/src/install/subvision/lib/python3.10/site-packages:${PYTHONPATH} /usr/bin/python3 -W ignore:setup.py install is deprecated setup.py egg_info --egg-base ../build/subvision build --build-base /home/joar/subvision_ws/src/build/subvision/build install --record /home/joar/subvision_ws/src/build/subvision/install.log --single-version-externally-managed install_data
[1.238s] DEBUG:colcon.colcon_core.event_handler.log_command:Invoked command in '/home/joar/subvision_ws/src/ds4drv' returned '0': PYTHONPATH=/home/joar/subvision_ws/src/build/ds4drv/prefix_override:/usr/lib/python3/dist-packages/colcon_core/task/python/colcon_distutils_commands:/home/joar/subvision_ws/src/install/ds4drv/lib/python3.10/site-packages:${PYTHONPATH} /usr/bin/python3 -W ignore:setup.py install is deprecated setup.py egg_info --egg-base ../build/ds4drv build --build-base /home/joar/subvision_ws/src/build/ds4drv/build install --record /home/joar/subvision_ws/src/build/ds4drv/install.log --single-version-externally-managed
[1.240s] Level 1:colcon.colcon_core.environment:checking '/home/joar/subvision_ws/src/install/ds4drv' for CMake module files
[1.240s] Level 1:colcon.colcon_core.environment:checking '/home/joar/subvision_ws/src/install/ds4drv' for CMake config files
[1.241s] Level 1:colcon.colcon_core.environment:checking '/home/joar/subvision_ws/src/install/ds4drv/lib'
[1.241s] Level 1:colcon.colcon_core.environment:checking '/home/joar/subvision_ws/src/install/ds4drv/bin'
[1.241s] Level 1:colcon.colcon_core.shell:create_environment_hook('ds4drv', 'path')
[1.242s] INFO:colcon.colcon_core.shell:Creating environment hook '/home/joar/subvision_ws/src/install/ds4drv/share/ds4drv/hook/path.ps1'
[1.242s] INFO:colcon.colcon_core.shell:Creating environment descriptor '/home/joar/subvision_ws/src/install/ds4drv/share/ds4drv/hook/path.dsv'
[1.242s] INFO:colcon.colcon_core.shell:Creating environment hook '/home/joar/subvision_ws/src/install/ds4drv/share/ds4drv/hook/path.sh'
[1.243s] Level 1:colcon.colcon_core.environment:checking '/home/joar/subvision_ws/src/install/ds4drv/lib/pkgconfig/ds4drv.pc'
[1.243s] Level 1:colcon.colcon_core.environment:checking '/home/joar/subvision_ws/src/install/ds4drv/lib/python3.10/site-packages'
[1.243s] Level 1:colcon.colcon_core.shell:create_environment_hook('ds4drv', 'pythonpath')
[1.243s] INFO:colcon.colcon_core.shell:Creating environment hook '/home/joar/subvision_ws/src/install/ds4drv/share/ds4drv/hook/pythonpath.ps1'
[1.243s] INFO:colcon.colcon_core.shell:Creating environment descriptor '/home/joar/subvision_ws/src/install/ds4drv/share/ds4drv/hook/pythonpath.dsv'
[1.243s] INFO:colcon.colcon_core.shell:Creating environment hook '/home/joar/subvision_ws/src/install/ds4drv/share/ds4drv/hook/pythonpath.sh'
[1.244s] Level 1:colcon.colcon_core.environment:checking '/home/joar/subvision_ws/src/install/ds4drv/bin'
[1.244s] Level 1:colcon.colcon_core.shell:create_environment_hook('ds4drv', 'pythonscriptspath')
[1.244s] INFO:colcon.colcon_core.shell:Creating environment hook '/home/joar/subvision_ws/src/install/ds4drv/share/ds4drv/hook/pythonscriptspath.ps1'
[1.244s] INFO:colcon.colcon_core.shell:Creating environment descriptor '/home/joar/subvision_ws/src/install/ds4drv/share/ds4drv/hook/pythonscriptspath.dsv'
[1.245s] INFO:colcon.colcon_core.shell:Creating environment hook '/home/joar/subvision_ws/src/install/ds4drv/share/ds4drv/hook/pythonscriptspath.sh'
[1.245s] Level 1:colcon.colcon_core.environment:create_environment_scripts_only(ds4drv)
[1.245s] INFO:colcon.colcon_core.shell:Creating package script '/home/joar/subvision_ws/src/install/ds4drv/share/ds4drv/package.ps1'
[1.246s] INFO:colcon.colcon_core.shell:Creating package descriptor '/home/joar/subvision_ws/src/install/ds4drv/share/ds4drv/package.dsv'
[1.246s] INFO:colcon.colcon_core.shell:Creating package script '/home/joar/subvision_ws/src/install/ds4drv/share/ds4drv/package.sh'
[1.247s] INFO:colcon.colcon_core.shell:Creating package script '/home/joar/subvision_ws/src/install/ds4drv/share/ds4drv/package.bash'
[1.247s] INFO:colcon.colcon_core.shell:Creating package script '/home/joar/subvision_ws/src/install/ds4drv/share/ds4drv/package.zsh'
[1.247s] Level 1:colcon.colcon_core.environment:create_file_with_runtime_dependencies(/home/joar/subvision_ws/src/install/ds4drv/share/colcon-core/packages/ds4drv)
[1.427s] Level 1:colcon.colcon_core.environment:checking '/home/joar/subvision_ws/src/install/subvision' for CMake module files
[1.428s] DEBUG:colcon.colcon_core.event_handler.log_command:Invoked command in '/home/joar/subvision_ws/src/subvision' returned '0': PYTHONPATH=/home/joar/subvision_ws/src/build/subvision/prefix_override:/usr/lib/python3/dist-packages/colcon_core/task/python/colcon_distutils_commands:/home/joar/subvision_ws/src/install/subvision/lib/python3.10/site-packages:${PYTHONPATH} /usr/bin/python3 -W ignore:setup.py install is deprecated setup.py egg_info --egg-base ../build/subvision build --build-base /home/joar/subvision_ws/src/build/subvision/build install --record /home/joar/subvision_ws/src/build/subvision/install.log --single-version-externally-managed install_data
[1.428s] Level 1:colcon.colcon_core.environment:checking '/home/joar/subvision_ws/src/install/subvision' for CMake config files
[1.429s] Level 1:colcon.colcon_core.environment:checking '/home/joar/subvision_ws/src/install/subvision/lib'
[1.429s] Level 1:colcon.colcon_core.environment:checking '/home/joar/subvision_ws/src/install/subvision/bin'
[1.429s] Level 1:colcon.colcon_core.environment:checking '/home/joar/subvision_ws/src/install/subvision/lib/pkgconfig/subvision.pc'
[1.429s] Level 1:colcon.colcon_core.environment:checking '/home/joar/subvision_ws/src/install/subvision/lib/python3.10/site-packages'
[1.429s] Level 1:colcon.colcon_core.shell:create_environment_hook('subvision', 'pythonpath')
[1.429s] INFO:colcon.colcon_core.shell:Creating environment hook '/home/joar/subvision_ws/src/install/subvision/share/subvision/hook/pythonpath.ps1'
[1.430s] INFO:colcon.colcon_core.shell:Creating environment descriptor '/home/joar/subvision_ws/src/install/subvision/share/subvision/hook/pythonpath.dsv'
[1.430s] INFO:colcon.colcon_core.shell:Creating environment hook '/home/joar/subvision_ws/src/install/subvision/share/subvision/hook/pythonpath.sh'
[1.430s] Level 1:colcon.colcon_core.environment:checking '/home/joar/subvision_ws/src/install/subvision/bin'
[1.430s] Level 1:colcon.colcon_core.environment:create_environment_scripts_only(subvision)
[1.431s] INFO:colcon.colcon_core.shell:Creating package script '/home/joar/subvision_ws/src/install/subvision/share/subvision/package.ps1'
[1.431s] INFO:colcon.colcon_core.shell:Creating package descriptor '/home/joar/subvision_ws/src/install/subvision/share/subvision/package.dsv'
[1.431s] INFO:colcon.colcon_core.shell:Creating package script '/home/joar/subvision_ws/src/install/subvision/share/subvision/package.sh'
[1.432s] INFO:colcon.colcon_core.shell:Creating package script '/home/joar/subvision_ws/src/install/subvision/share/subvision/package.bash'
[1.432s] INFO:colcon.colcon_core.shell:Creating package script '/home/joar/subvision_ws/src/install/subvision/share/subvision/package.zsh'
[1.433s] Level 1:colcon.colcon_core.environment:create_file_with_runtime_dependencies(/home/joar/subvision_ws/src/install/subvision/share/colcon-core/packages/subvision)
[2.214s] DEBUG:colcon.colcon_core.event_handler.log_command:Invoked command in '/home/joar/subvision_ws/src/build/ds4_driver_msgs' returned '0': CMAKE_PREFIX_PATH=/home/joar/subvision_ws/install/subvision:/opt/ros/humble /usr/bin/cmake /home/joar/subvision_ws/src/ds4_driver/ds4_driver_msgs -DCMAKE_INSTALL_PREFIX=/home/joar/subvision_ws/src/install/ds4_driver_msgs
[2.216s] DEBUG:colcon.colcon_core.event_handler.log_command:Invoking command in '/home/joar/subvision_ws/src/build/ds4_driver_msgs': CMAKE_PREFIX_PATH=/home/joar/subvision_ws/install/subvision:/opt/ros/humble /usr/bin/cmake --build /home/joar/subvision_ws/src/build/ds4_driver_msgs -- -j16 -l16
[5.985s] DEBUG:colcon.colcon_core.event_handler.log_command:Invoked command in '/home/joar/subvision_ws/src/build/ds4_driver_msgs' returned '0': CMAKE_PREFIX_PATH=/home/joar/subvision_ws/install/subvision:/opt/ros/humble /usr/bin/cmake --build /home/joar/subvision_ws/src/build/ds4_driver_msgs -- -j16 -l16
[6.141s] DEBUG:colcon.colcon_core.event_handler.log_command:Invoking command in '/home/joar/subvision_ws/src/build/ds4_driver_msgs': CMAKE_PREFIX_PATH=/home/joar/subvision_ws/install/subvision:/opt/ros/humble /usr/bin/cmake --install /home/joar/subvision_ws/src/build/ds4_driver_msgs
[6.216s] Level 1:colcon.colcon_core.environment:create_environment_scripts_only(ds4_driver_msgs)
[6.216s] DEBUG:colcon.colcon_core.event_handler.log_command:Invoked command in '/home/joar/subvision_ws/src/build/ds4_driver_msgs' returned '0': CMAKE_PREFIX_PATH=/home/joar/subvision_ws/install/subvision:/opt/ros/humble /usr/bin/cmake --install /home/joar/subvision_ws/src/build/ds4_driver_msgs
[6.216s] Level 1:colcon.colcon_core.environment:checking '/home/joar/subvision_ws/src/install/ds4_driver_msgs' for CMake module files
[6.217s] Level 1:colcon.colcon_core.environment:checking '/home/joar/subvision_ws/src/install/ds4_driver_msgs' for CMake config files
[6.217s] Level 1:colcon.colcon_core.shell:create_environment_hook('ds4_driver_msgs', 'cmake_prefix_path')
[6.217s] INFO:colcon.colcon_core.shell:Creating environment hook '/home/joar/subvision_ws/src/install/ds4_driver_msgs/share/ds4_driver_msgs/hook/cmake_prefix_path.ps1'
[6.218s] INFO:colcon.colcon_core.shell:Creating environment descriptor '/home/joar/subvision_ws/src/install/ds4_driver_msgs/share/ds4_driver_msgs/hook/cmake_prefix_path.dsv'
[6.218s] INFO:colcon.colcon_core.shell:Creating environment hook '/home/joar/subvision_ws/src/install/ds4_driver_msgs/share/ds4_driver_msgs/hook/cmake_prefix_path.sh'
[6.218s] Level 1:colcon.colcon_core.environment:checking '/home/joar/subvision_ws/src/install/ds4_driver_msgs/lib'
[6.218s] Level 1:colcon.colcon_core.shell:create_environment_hook('ds4_driver_msgs', 'ld_library_path_lib')
[6.219s] INFO:colcon.colcon_core.shell:Creating environment hook '/home/joar/subvision_ws/src/install/ds4_driver_msgs/share/ds4_driver_msgs/hook/ld_library_path_lib.ps1'
[6.219s] INFO:colcon.colcon_core.shell:Creating environment descriptor '/home/joar/subvision_ws/src/install/ds4_driver_msgs/share/ds4_driver_msgs/hook/ld_library_path_lib.dsv'
[6.219s] INFO:colcon.colcon_core.shell:Creating environment hook '/home/joar/subvision_ws/src/install/ds4_driver_msgs/share/ds4_driver_msgs/hook/ld_library_path_lib.sh'
[6.219s] Level 1:colcon.colcon_core.environment:checking '/home/joar/subvision_ws/src/install/ds4_driver_msgs/bin'
[6.219s] Level 1:colcon.colcon_core.environment:checking '/home/joar/subvision_ws/src/install/ds4_driver_msgs/lib/pkgconfig/ds4_driver_msgs.pc'
[6.220s] Level 1:colcon.colcon_core.environment:checking '/home/joar/subvision_ws/src/install/ds4_driver_msgs/lib/python3.10/site-packages'
[6.220s] Level 1:colcon.colcon_core.environment:checking '/home/joar/subvision_ws/src/install/ds4_driver_msgs/bin'
[6.220s] INFO:colcon.colcon_core.shell:Creating package script '/home/joar/subvision_ws/src/install/ds4_driver_msgs/share/ds4_driver_msgs/package.ps1'
[6.221s] INFO:colcon.colcon_core.shell:Creating package descriptor '/home/joar/subvision_ws/src/install/ds4_driver_msgs/share/ds4_driver_msgs/package.dsv'
[6.221s] INFO:colcon.colcon_core.shell:Creating package script '/home/joar/subvision_ws/src/install/ds4_driver_msgs/share/ds4_driver_msgs/package.sh'
[6.222s] INFO:colcon.colcon_core.shell:Creating package script '/home/joar/subvision_ws/src/install/ds4_driver_msgs/share/ds4_driver_msgs/package.bash'
[6.223s] INFO:colcon.colcon_core.shell:Creating package script '/home/joar/subvision_ws/src/install/ds4_driver_msgs/share/ds4_driver_msgs/package.zsh'
[6.223s] Level 1:colcon.colcon_core.environment:create_file_with_runtime_dependencies(/home/joar/subvision_ws/src/install/ds4_driver_msgs/share/colcon-core/packages/ds4_driver_msgs)
[6.324s] Level 1:colcon.colcon_core.environment:create_environment_scripts_only(ds4_driver_msgs)
[6.325s] Level 1:colcon.colcon_core.environment:checking '/home/joar/subvision_ws/src/install/ds4_driver_msgs' for CMake module files
[6.325s] Level 1:colcon.colcon_core.environment:checking '/home/joar/subvision_ws/src/install/ds4_driver_msgs' for CMake config files
[6.326s] Level 1:colcon.colcon_core.shell:create_environment_hook('ds4_driver_msgs', 'cmake_prefix_path')
[6.326s] INFO:colcon.colcon_core.shell:Creating environment hook '/home/joar/subvision_ws/src/install/ds4_driver_msgs/share/ds4_driver_msgs/hook/cmake_prefix_path.ps1'
[6.326s] INFO:colcon.colcon_core.shell:Creating environment descriptor '/home/joar/subvision_ws/src/install/ds4_driver_msgs/share/ds4_driver_msgs/hook/cmake_prefix_path.dsv'
[6.327s] INFO:colcon.colcon_core.shell:Creating environment hook '/home/joar/subvision_ws/src/install/ds4_driver_msgs/share/ds4_driver_msgs/hook/cmake_prefix_path.sh'
[6.327s] Level 1:colcon.colcon_core.environment:checking '/home/joar/subvision_ws/src/install/ds4_driver_msgs/lib'
[6.327s] Level 1:colcon.colcon_core.shell:create_environment_hook('ds4_driver_msgs', 'ld_library_path_lib')
[6.327s] INFO:colcon.colcon_core.shell:Creating environment hook '/home/joar/subvision_ws/src/install/ds4_driver_msgs/share/ds4_driver_msgs/hook/ld_library_path_lib.ps1'
[6.327s] INFO:colcon.colcon_core.shell:Creating environment descriptor '/home/joar/subvision_ws/src/install/ds4_driver_msgs/share/ds4_driver_msgs/hook/ld_library_path_lib.dsv'
[6.328s] INFO:colcon.colcon_core.shell:Creating environment hook '/home/joar/subvision_ws/src/install/ds4_driver_msgs/share/ds4_driver_msgs/hook/ld_library_path_lib.sh'
[6.328s] Level 1:colcon.colcon_core.environment:checking '/home/joar/subvision_ws/src/install/ds4_driver_msgs/bin'
[6.328s] Level 1:colcon.colcon_core.environment:checking '/home/joar/subvision_ws/src/install/ds4_driver_msgs/lib/pkgconfig/ds4_driver_msgs.pc'
[6.328s] Level 1:colcon.colcon_core.environment:checking '/home/joar/subvision_ws/src/install/ds4_driver_msgs/lib/python3.10/site-packages'
[6.328s] Level 1:colcon.colcon_core.environment:checking '/home/joar/subvision_ws/src/install/ds4_driver_msgs/bin'
[6.329s] INFO:colcon.colcon_core.shell:Creating package script '/home/joar/subvision_ws/src/install/ds4_driver_msgs/share/ds4_driver_msgs/package.ps1'
[6.329s] INFO:colcon.colcon_core.shell:Creating package descriptor '/home/joar/subvision_ws/src/install/ds4_driver_msgs/share/ds4_driver_msgs/package.dsv'
[6.330s] INFO:colcon.colcon_core.shell:Creating package script '/home/joar/subvision_ws/src/install/ds4_driver_msgs/share/ds4_driver_msgs/package.sh'
[6.330s] INFO:colcon.colcon_core.shell:Creating package script '/home/joar/subvision_ws/src/install/ds4_driver_msgs/share/ds4_driver_msgs/package.bash'
[6.330s] INFO:colcon.colcon_core.shell:Creating package script '/home/joar/subvision_ws/src/install/ds4_driver_msgs/share/ds4_driver_msgs/package.zsh'
[6.331s] Level 1:colcon.colcon_core.environment:create_file_with_runtime_dependencies(/home/joar/subvision_ws/src/install/ds4_driver_msgs/share/colcon-core/packages/ds4_driver_msgs)
[6.331s] INFO:colcon.colcon_ros.task.ament_cmake.build:Building ROS package in '/home/joar/subvision_ws/src/ds4_driver/ds4_driver' with build type 'ament_cmake'
[6.331s] INFO:colcon.colcon_cmake.task.cmake.build:Building CMake package in '/home/joar/subvision_ws/src/ds4_driver/ds4_driver'
[6.331s] INFO:colcon.colcon_core.shell:Skip shell extension 'powershell' for command environment: Not usable outside of PowerShell
[6.331s] DEBUG:colcon.colcon_core.shell:Skip shell extension 'dsv' for command environment
[6.342s] DEBUG:colcon.colcon_core.event_handler.log_command:Invoking command in '/home/joar/subvision_ws/src/build/ds4_driver': AMENT_PREFIX_PATH=/home/joar/subvision_ws/src/install/ds4_driver_msgs:${AMENT_PREFIX_PATH} CMAKE_PREFIX_PATH=/home/joar/subvision_ws/src/install/ds4_driver_msgs:/home/joar/subvision_ws/install/subvision:/opt/ros/humble LD_LIBRARY_PATH=/home/joar/subvision_ws/src/install/ds4_driver_msgs/lib:${LD_LIBRARY_PATH} PYTHONPATH=/home/joar/subvision_ws/src/install/ds4_driver_msgs/local/lib/python3.10/dist-packages:${PYTHONPATH} /usr/bin/cmake /home/joar/subvision_ws/src/ds4_driver/ds4_driver -DCMAKE_INSTALL_PREFIX=/home/joar/subvision_ws/src/install/ds4_driver
[7.111s] DEBUG:colcon.colcon_core.event_handler.log_command:Invoked command in '/home/joar/subvision_ws/src/build/ds4_driver' returned '0': AMENT_PREFIX_PATH=/home/joar/subvision_ws/src/install/ds4_driver_msgs:${AMENT_PREFIX_PATH} CMAKE_PREFIX_PATH=/home/joar/subvision_ws/src/install/ds4_driver_msgs:/home/joar/subvision_ws/install/subvision:/opt/ros/humble LD_LIBRARY_PATH=/home/joar/subvision_ws/src/install/ds4_driver_msgs/lib:${LD_LIBRARY_PATH} PYTHONPATH=/home/joar/subvision_ws/src/install/ds4_driver_msgs/local/lib/python3.10/dist-packages:${PYTHONPATH} /usr/bin/cmake /home/joar/subvision_ws/src/ds4_driver/ds4_driver -DCMAKE_INSTALL_PREFIX=/home/joar/subvision_ws/src/install/ds4_driver
[7.113s] DEBUG:colcon.colcon_core.event_handler.log_command:Invoking command in '/home/joar/subvision_ws/src/build/ds4_driver': AMENT_PREFIX_PATH=/home/joar/subvision_ws/src/install/ds4_driver_msgs:${AMENT_PREFIX_PATH} CMAKE_PREFIX_PATH=/home/joar/subvision_ws/src/install/ds4_driver_msgs:/home/joar/subvision_ws/install/subvision:/opt/ros/humble LD_LIBRARY_PATH=/home/joar/subvision_ws/src/install/ds4_driver_msgs/lib:${LD_LIBRARY_PATH} PYTHONPATH=/home/joar/subvision_ws/src/install/ds4_driver_msgs/local/lib/python3.10/dist-packages:${PYTHONPATH} /usr/bin/cmake --build /home/joar/subvision_ws/src/build/ds4_driver -- -j16 -l16
[7.403s] DEBUG:colcon.colcon_core.event_handler.log_command:Invoked command in '/home/joar/subvision_ws/src/build/ds4_driver' returned '0': AMENT_PREFIX_PATH=/home/joar/subvision_ws/src/install/ds4_driver_msgs:${AMENT_PREFIX_PATH} CMAKE_PREFIX_PATH=/home/joar/subvision_ws/src/install/ds4_driver_msgs:/home/joar/subvision_ws/install/subvision:/opt/ros/humble LD_LIBRARY_PATH=/home/joar/subvision_ws/src/install/ds4_driver_msgs/lib:${LD_LIBRARY_PATH} PYTHONPATH=/home/joar/subvision_ws/src/install/ds4_driver_msgs/local/lib/python3.10/dist-packages:${PYTHONPATH} /usr/bin/cmake --build /home/joar/subvision_ws/src/build/ds4_driver -- -j16 -l16
[7.428s] DEBUG:colcon.colcon_core.event_handler.log_command:Invoking command in '/home/joar/subvision_ws/src/build/ds4_driver': AMENT_PREFIX_PATH=/home/joar/subvision_ws/src/install/ds4_driver_msgs:${AMENT_PREFIX_PATH} CMAKE_PREFIX_PATH=/home/joar/subvision_ws/src/install/ds4_driver_msgs:/home/joar/subvision_ws/install/subvision:/opt/ros/humble LD_LIBRARY_PATH=/home/joar/subvision_ws/src/install/ds4_driver_msgs/lib:${LD_LIBRARY_PATH} PYTHONPATH=/home/joar/subvision_ws/src/install/ds4_driver_msgs/local/lib/python3.10/dist-packages:${PYTHONPATH} /usr/bin/cmake --install /home/joar/subvision_ws/src/build/ds4_driver
[7.475s] Level 1:colcon.colcon_core.environment:create_environment_scripts_only(ds4_driver)
[7.475s] DEBUG:colcon.colcon_core.event_handler.log_command:Invoked command in '/home/joar/subvision_ws/src/build/ds4_driver' returned '0': AMENT_PREFIX_PATH=/home/joar/subvision_ws/src/install/ds4_driver_msgs:${AMENT_PREFIX_PATH} CMAKE_PREFIX_PATH=/home/joar/subvision_ws/src/install/ds4_driver_msgs:/home/joar/subvision_ws/install/subvision:/opt/ros/humble LD_LIBRARY_PATH=/home/joar/subvision_ws/src/install/ds4_driver_msgs/lib:${LD_LIBRARY_PATH} PYTHONPATH=/home/joar/subvision_ws/src/install/ds4_driver_msgs/local/lib/python3.10/dist-packages:${PYTHONPATH} /usr/bin/cmake --install /home/joar/subvision_ws/src/build/ds4_driver
[7.475s] Level 1:colcon.colcon_core.environment:checking '/home/joar/subvision_ws/src/install/ds4_driver' for CMake module files
[7.476s] Level 1:colcon.colcon_core.environment:checking '/home/joar/subvision_ws/src/install/ds4_driver' for CMake config files
[7.476s] Level 1:colcon.colcon_core.shell:create_environment_hook('ds4_driver', 'cmake_prefix_path')
[7.477s] INFO:colcon.colcon_core.shell:Creating environment hook '/home/joar/subvision_ws/src/install/ds4_driver/share/ds4_driver/hook/cmake_prefix_path.ps1'
[7.477s] INFO:colcon.colcon_core.shell:Creating environment descriptor '/home/joar/subvision_ws/src/install/ds4_driver/share/ds4_driver/hook/cmake_prefix_path.dsv'
[7.477s] INFO:colcon.colcon_core.shell:Creating environment hook '/home/joar/subvision_ws/src/install/ds4_driver/share/ds4_driver/hook/cmake_prefix_path.sh'
[7.478s] Level 1:colcon.colcon_core.environment:checking '/home/joar/subvision_ws/src/install/ds4_driver/lib'
[7.478s] Level 1:colcon.colcon_core.environment:checking '/home/joar/subvision_ws/src/install/ds4_driver/bin'
[7.478s] Level 1:colcon.colcon_core.environment:checking '/home/joar/subvision_ws/src/install/ds4_driver/lib/pkgconfig/ds4_driver.pc'
[7.478s] Level 1:colcon.colcon_core.environment:checking '/home/joar/subvision_ws/src/install/ds4_driver/lib/python3.10/site-packages'
[7.478s] Level 1:colcon.colcon_core.environment:checking '/home/joar/subvision_ws/src/install/ds4_driver/bin'
[7.478s] INFO:colcon.colcon_core.shell:Creating package script '/home/joar/subvision_ws/src/install/ds4_driver/share/ds4_driver/package.ps1'
[7.479s] INFO:colcon.colcon_core.shell:Creating package descriptor '/home/joar/subvision_ws/src/install/ds4_driver/share/ds4_driver/package.dsv'
[7.479s] INFO:colcon.colcon_core.shell:Creating package script '/home/joar/subvision_ws/src/install/ds4_driver/share/ds4_driver/package.sh'
[7.479s] INFO:colcon.colcon_core.shell:Creating package script '/home/joar/subvision_ws/src/install/ds4_driver/share/ds4_driver/package.bash'
[7.479s] INFO:colcon.colcon_core.shell:Creating package script '/home/joar/subvision_ws/src/install/ds4_driver/share/ds4_driver/package.zsh'
[7.480s] Level 1:colcon.colcon_core.environment:create_file_with_runtime_dependencies(/home/joar/subvision_ws/src/install/ds4_driver/share/colcon-core/packages/ds4_driver)
[7.508s] Level 1:colcon.colcon_core.environment:create_environment_scripts_only(ds4_driver)
[7.508s] Level 1:colcon.colcon_core.environment:checking '/home/joar/subvision_ws/src/install/ds4_driver' for CMake module files
[7.509s] Level 1:colcon.colcon_core.environment:checking '/home/joar/subvision_ws/src/install/ds4_driver' for CMake config files
[7.510s] Level 1:colcon.colcon_core.shell:create_environment_hook('ds4_driver', 'cmake_prefix_path')
[7.510s] INFO:colcon.colcon_core.shell:Creating environment hook '/home/joar/subvision_ws/src/install/ds4_driver/share/ds4_driver/hook/cmake_prefix_path.ps1'
[7.510s] INFO:colcon.colcon_core.shell:Creating environment descriptor '/home/joar/subvision_ws/src/install/ds4_driver/share/ds4_driver/hook/cmake_prefix_path.dsv'
[7.511s] INFO:colcon.colcon_core.shell:Creating environment hook '/home/joar/subvision_ws/src/install/ds4_driver/share/ds4_driver/hook/cmake_prefix_path.sh'
[7.511s] Level 1:colcon.colcon_core.environment:checking '/home/joar/subvision_ws/src/install/ds4_driver/lib'
[7.511s] Level 1:colcon.colcon_core.environment:checking '/home/joar/subvision_ws/src/install/ds4_driver/bin'
[7.511s] Level 1:colcon.colcon_core.environment:checking '/home/joar/subvision_ws/src/install/ds4_driver/lib/pkgconfig/ds4_driver.pc'
[7.511s] Level 1:colcon.colcon_core.environment:checking '/home/joar/subvision_ws/src/install/ds4_driver/lib/python3.10/site-packages'
[7.511s] Level 1:colcon.colcon_core.environment:checking '/home/joar/subvision_ws/src/install/ds4_driver/bin'
[7.512s] INFO:colcon.colcon_core.shell:Creating package script '/home/joar/subvision_ws/src/install/ds4_driver/share/ds4_driver/package.ps1'
[7.512s] INFO:colcon.colcon_core.shell:Creating package descriptor '/home/joar/subvision_ws/src/install/ds4_driver/share/ds4_driver/package.dsv'
[7.512s] INFO:colcon.colcon_core.shell:Creating package script '/home/joar/subvision_ws/src/install/ds4_driver/share/ds4_driver/package.sh'
[7.513s] INFO:colcon.colcon_core.shell:Creating package script '/home/joar/subvision_ws/src/install/ds4_driver/share/ds4_driver/package.bash'
[7.513s] INFO:colcon.colcon_core.shell:Creating package script '/home/joar/subvision_ws/src/install/ds4_driver/share/ds4_driver/package.zsh'
[7.513s] Level 1:colcon.colcon_core.environment:create_file_with_runtime_dependencies(/home/joar/subvision_ws/src/install/ds4_driver/share/colcon-core/packages/ds4_driver)
[7.513s] DEBUG:colcon.colcon_parallel_executor.executor.parallel:closing loop
[7.514s] DEBUG:colcon.colcon_parallel_executor.executor.parallel:loop closed
[7.514s] DEBUG:colcon.colcon_parallel_executor.executor.parallel:run_until_complete finished with '0'
[7.514s] DEBUG:colcon.colcon_core.event_reactor:joining thread
[7.519s] INFO:colcon.colcon_core.plugin_system:Skipping extension 'colcon_notification.desktop_notification.terminal_notifier': Not used on non-Darwin systems
[7.519s] INFO:colcon.colcon_core.plugin_system:Skipping extension 'colcon_notification.desktop_notification.win32': Not used on non-Windows systems
[7.519s] INFO:colcon.colcon_notification.desktop_notification:Sending desktop notification using 'notify2'
[7.532s] DEBUG:colcon.colcon_core.event_reactor:joined thread
[7.533s] INFO:colcon.colcon_core.shell:Creating prefix script '/home/joar/subvision_ws/src/install/local_setup.ps1'
[7.534s] INFO:colcon.colcon_core.shell:Creating prefix util module '/home/joar/subvision_ws/src/install/_local_setup_util_ps1.py'
[7.535s] INFO:colcon.colcon_core.shell:Creating prefix chain script '/home/joar/subvision_ws/src/install/setup.ps1'
[7.535s] INFO:colcon.colcon_core.shell:Creating prefix script '/home/joar/subvision_ws/src/install/local_setup.sh'
[7.536s] INFO:colcon.colcon_core.shell:Creating prefix util module '/home/joar/subvision_ws/src/install/_local_setup_util_sh.py'
[7.536s] INFO:colcon.colcon_core.shell:Creating prefix chain script '/home/joar/subvision_ws/src/install/setup.sh'
[7.537s] INFO:colcon.colcon_core.shell:Creating prefix script '/home/joar/subvision_ws/src/install/local_setup.bash'
[7.537s] INFO:colcon.colcon_core.shell:Creating prefix chain script '/home/joar/subvision_ws/src/install/setup.bash'
[7.538s] INFO:colcon.colcon_core.shell:Creating prefix script '/home/joar/subvision_ws/src/install/local_setup.zsh'
[7.538s] INFO:colcon.colcon_core.shell:Creating prefix chain script '/home/joar/subvision_ws/src/install/setup.zsh'
