[0.786s] Invoking command in '/home/joar/subvision_ws/src/subvision': PYTHONPATH=/home/joar/subvision_ws/build/subvision/prefix_override:/usr/lib/python3/dist-packages/colcon_core/task/python/colcon_distutils_commands:/home/joar/subvision_ws/install/subvision/lib/python3.10/site-packages:${PYTHONPATH} /usr/bin/python3 -W ignore:setup.py install is deprecated setup.py egg_info --egg-base ../../build/subvision build --build-base /home/joar/subvision_ws/build/subvision/build install --record /home/joar/subvision_ws/build/subvision/install.log --single-version-externally-managed install_data
[0.978s] running egg_info
[0.979s] writing ../../build/subvision/subvision.egg-info/PKG-INFO
[0.979s] writing dependency_links to ../../build/subvision/subvision.egg-info/dependency_links.txt
[0.979s] writing entry points to ../../build/subvision/subvision.egg-info/entry_points.txt
[0.979s] writing requirements to ../../build/subvision/subvision.egg-info/requires.txt
[0.979s] writing top-level names to ../../build/subvision/subvision.egg-info/top_level.txt
[0.983s] reading manifest file '../../build/subvision/subvision.egg-info/SOURCES.txt'
[0.983s] writing manifest file '../../build/subvision/subvision.egg-info/SOURCES.txt'
[0.983s] running build
[0.983s] running build_py
[0.983s] running install
[0.983s] running install_lib
[0.984s] running install_data
[0.984s] running install_egg_info
[0.985s] removing '/home/joar/subvision_ws/install/subvision/lib/python3.10/site-packages/subvision-0.0.0-py3.10.egg-info' (and everything under it)
[0.986s] Copying ../../build/subvision/subvision.egg-info to /home/joar/subvision_ws/install/subvision/lib/python3.10/site-packages/subvision-0.0.0-py3.10.egg-info
[0.986s] running install_scripts
[1.006s] Installing read_controller script to /home/joar/subvision_ws/install/subvision/lib/subvision
[1.006s] writing list of installed files to '/home/joar/subvision_ws/build/subvision/install.log'
[1.044s] Invoked command in '/home/joar/subvision_ws/src/subvision' returned '0': PYTHONPATH=/home/joar/subvision_ws/build/subvision/prefix_override:/usr/lib/python3/dist-packages/colcon_core/task/python/colcon_distutils_commands:/home/joar/subvision_ws/install/subvision/lib/python3.10/site-packages:${PYTHONPATH} /usr/bin/python3 -W ignore:setup.py install is deprecated setup.py egg_info --egg-base ../../build/subvision build --build-base /home/joar/subvision_ws/build/subvision/build install --record /home/joar/subvision_ws/build/subvision/install.log --single-version-externally-managed install_data
