[0.528s] Invoking command in '/home/joar/subvision_ws/src/ds4drv': PYTHONPATH=/home/joar/subvision_ws/build/ds4drv/prefix_override:/usr/lib/python3/dist-packages/colcon_core/task/python/colcon_distutils_commands:/home/joar/subvision_ws/install/ds4drv/lib/python3.10/site-packages:${PYTHONPATH} /usr/bin/python3 -W ignore:setup.py install is deprecated setup.py egg_info --egg-base ../../build/ds4drv build --build-base /home/joar/subvision_ws/build/ds4drv/build install --record /home/joar/subvision_ws/build/ds4drv/install.log --single-version-externally-managed
[0.708s] running egg_info
[0.709s] creating ../../build/ds4drv/ds4drv.egg-info
[0.709s] writing ../../build/ds4drv/ds4drv.egg-info/PKG-INFO
[0.709s] writing dependency_links to ../../build/ds4drv/ds4drv.egg-info/dependency_links.txt
[0.709s] writing entry points to ../../build/ds4drv/ds4drv.egg-info/entry_points.txt
[0.709s] writing requirements to ../../build/ds4drv/ds4drv.egg-info/requires.txt
[0.709s] writing top-level names to ../../build/ds4drv/ds4drv.egg-info/top_level.txt
[0.710s] writing manifest file '../../build/ds4drv/ds4drv.egg-info/SOURCES.txt'
[0.711s] reading manifest file '../../build/ds4drv/ds4drv.egg-info/SOURCES.txt'
[0.711s] reading manifest template 'MANIFEST.in'
[0.712s] adding license file 'LICENSE'
[0.712s] writing manifest file '../../build/ds4drv/ds4drv.egg-info/SOURCES.txt'
[0.712s] running build
[0.712s] running build_py
[0.712s] creating /home/joar/subvision_ws/build/ds4drv/build
[0.713s] creating /home/joar/subvision_ws/build/ds4drv/build/lib
[0.713s] creating /home/joar/subvision_ws/build/ds4drv/build/lib/ds4drv
[0.713s] copying ds4drv/daemon.py -> /home/joar/subvision_ws/build/ds4drv/build/lib/ds4drv
[0.713s] copying ds4drv/exceptions.py -> /home/joar/subvision_ws/build/ds4drv/build/lib/ds4drv
[0.713s] copying ds4drv/__init__.py -> /home/joar/subvision_ws/build/ds4drv/build/lib/ds4drv
[0.713s] copying ds4drv/config.py -> /home/joar/subvision_ws/build/ds4drv/build/lib/ds4drv
[0.713s] copying ds4drv/logger.py -> /home/joar/subvision_ws/build/ds4drv/build/lib/ds4drv
[0.713s] copying ds4drv/action.py -> /home/joar/subvision_ws/build/ds4drv/build/lib/ds4drv
[0.713s] copying ds4drv/backend.py -> /home/joar/subvision_ws/build/ds4drv/build/lib/ds4drv
[0.713s] copying ds4drv/__main__.py -> /home/joar/subvision_ws/build/ds4drv/build/lib/ds4drv
[0.713s] copying ds4drv/uinput.py -> /home/joar/subvision_ws/build/ds4drv/build/lib/ds4drv
[0.713s] copying ds4drv/eventloop.py -> /home/joar/subvision_ws/build/ds4drv/build/lib/ds4drv
[0.713s] copying ds4drv/utils.py -> /home/joar/subvision_ws/build/ds4drv/build/lib/ds4drv
[0.714s] copying ds4drv/device.py -> /home/joar/subvision_ws/build/ds4drv/build/lib/ds4drv
[0.714s] creating /home/joar/subvision_ws/build/ds4drv/build/lib/ds4drv/actions
[0.714s] copying ds4drv/actions/status.py -> /home/joar/subvision_ws/build/ds4drv/build/lib/ds4drv/actions
[0.714s] copying ds4drv/actions/__init__.py -> /home/joar/subvision_ws/build/ds4drv/build/lib/ds4drv/actions
[0.714s] copying ds4drv/actions/led.py -> /home/joar/subvision_ws/build/ds4drv/build/lib/ds4drv/actions
[0.714s] copying ds4drv/actions/binding.py -> /home/joar/subvision_ws/build/ds4drv/build/lib/ds4drv/actions
[0.714s] copying ds4drv/actions/battery.py -> /home/joar/subvision_ws/build/ds4drv/build/lib/ds4drv/actions
[0.714s] copying ds4drv/actions/dump.py -> /home/joar/subvision_ws/build/ds4drv/build/lib/ds4drv/actions
[0.714s] copying ds4drv/actions/btsignal.py -> /home/joar/subvision_ws/build/ds4drv/build/lib/ds4drv/actions
[0.714s] copying ds4drv/actions/input.py -> /home/joar/subvision_ws/build/ds4drv/build/lib/ds4drv/actions
[0.715s] creating /home/joar/subvision_ws/build/ds4drv/build/lib/ds4drv/backends
[0.715s] copying ds4drv/backends/__init__.py -> /home/joar/subvision_ws/build/ds4drv/build/lib/ds4drv/backends
[0.715s] copying ds4drv/backends/hidraw.py -> /home/joar/subvision_ws/build/ds4drv/build/lib/ds4drv/backends
[0.715s] copying ds4drv/backends/bluetooth.py -> /home/joar/subvision_ws/build/ds4drv/build/lib/ds4drv/backends
[0.715s] creating /home/joar/subvision_ws/build/ds4drv/build/lib/ds4drv/packages
[0.715s] copying ds4drv/packages/__init__.py -> /home/joar/subvision_ws/build/ds4drv/build/lib/ds4drv/packages
[0.715s] copying ds4drv/packages/timerfd.py -> /home/joar/subvision_ws/build/ds4drv/build/lib/ds4drv/packages
[0.716s] running install
[0.716s] running install_lib
[0.717s] creating /home/joar/subvision_ws/install/ds4drv/lib/python3.10/site-packages/ds4drv
[0.717s] copying /home/joar/subvision_ws/build/ds4drv/build/lib/ds4drv/daemon.py -> /home/joar/subvision_ws/install/ds4drv/lib/python3.10/site-packages/ds4drv
[0.717s] creating /home/joar/subvision_ws/install/ds4drv/lib/python3.10/site-packages/ds4drv/actions
[0.717s] copying /home/joar/subvision_ws/build/ds4drv/build/lib/ds4drv/actions/status.py -> /home/joar/subvision_ws/install/ds4drv/lib/python3.10/site-packages/ds4drv/actions
[0.717s] copying /home/joar/subvision_ws/build/ds4drv/build/lib/ds4drv/actions/__init__.py -> /home/joar/subvision_ws/install/ds4drv/lib/python3.10/site-packages/ds4drv/actions
[0.717s] copying /home/joar/subvision_ws/build/ds4drv/build/lib/ds4drv/actions/led.py -> /home/joar/subvision_ws/install/ds4drv/lib/python3.10/site-packages/ds4drv/actions
[0.717s] copying /home/joar/subvision_ws/build/ds4drv/build/lib/ds4drv/actions/binding.py -> /home/joar/subvision_ws/install/ds4drv/lib/python3.10/site-packages/ds4drv/actions
[0.717s] copying /home/joar/subvision_ws/build/ds4drv/build/lib/ds4drv/actions/battery.py -> /home/joar/subvision_ws/install/ds4drv/lib/python3.10/site-packages/ds4drv/actions
[0.717s] copying /home/joar/subvision_ws/build/ds4drv/build/lib/ds4drv/actions/dump.py -> /home/joar/subvision_ws/install/ds4drv/lib/python3.10/site-packages/ds4drv/actions
[0.718s] copying /home/joar/subvision_ws/build/ds4drv/build/lib/ds4drv/actions/btsignal.py -> /home/joar/subvision_ws/install/ds4drv/lib/python3.10/site-packages/ds4drv/actions
[0.718s] copying /home/joar/subvision_ws/build/ds4drv/build/lib/ds4drv/actions/input.py -> /home/joar/subvision_ws/install/ds4drv/lib/python3.10/site-packages/ds4drv/actions
[0.718s] copying /home/joar/subvision_ws/build/ds4drv/build/lib/ds4drv/exceptions.py -> /home/joar/subvision_ws/install/ds4drv/lib/python3.10/site-packages/ds4drv
[0.718s] copying /home/joar/subvision_ws/build/ds4drv/build/lib/ds4drv/__init__.py -> /home/joar/subvision_ws/install/ds4drv/lib/python3.10/site-packages/ds4drv
[0.718s] copying /home/joar/subvision_ws/build/ds4drv/build/lib/ds4drv/config.py -> /home/joar/subvision_ws/install/ds4drv/lib/python3.10/site-packages/ds4drv
[0.718s] copying /home/joar/subvision_ws/build/ds4drv/build/lib/ds4drv/logger.py -> /home/joar/subvision_ws/install/ds4drv/lib/python3.10/site-packages/ds4drv
[0.718s] copying /home/joar/subvision_ws/build/ds4drv/build/lib/ds4drv/action.py -> /home/joar/subvision_ws/install/ds4drv/lib/python3.10/site-packages/ds4drv
[0.718s] copying /home/joar/subvision_ws/build/ds4drv/build/lib/ds4drv/backend.py -> /home/joar/subvision_ws/install/ds4drv/lib/python3.10/site-packages/ds4drv
[0.718s] copying /home/joar/subvision_ws/build/ds4drv/build/lib/ds4drv/__main__.py -> /home/joar/subvision_ws/install/ds4drv/lib/python3.10/site-packages/ds4drv
[0.718s] copying /home/joar/subvision_ws/build/ds4drv/build/lib/ds4drv/uinput.py -> /home/joar/subvision_ws/install/ds4drv/lib/python3.10/site-packages/ds4drv
[0.718s] copying /home/joar/subvision_ws/build/ds4drv/build/lib/ds4drv/eventloop.py -> /home/joar/subvision_ws/install/ds4drv/lib/python3.10/site-packages/ds4drv
[0.718s] copying /home/joar/subvision_ws/build/ds4drv/build/lib/ds4drv/utils.py -> /home/joar/subvision_ws/install/ds4drv/lib/python3.10/site-packages/ds4drv
[0.718s] creating /home/joar/subvision_ws/install/ds4drv/lib/python3.10/site-packages/ds4drv/packages
[0.719s] copying /home/joar/subvision_ws/build/ds4drv/build/lib/ds4drv/packages/__init__.py -> /home/joar/subvision_ws/install/ds4drv/lib/python3.10/site-packages/ds4drv/packages
[0.719s] copying /home/joar/subvision_ws/build/ds4drv/build/lib/ds4drv/packages/timerfd.py -> /home/joar/subvision_ws/install/ds4drv/lib/python3.10/site-packages/ds4drv/packages
[0.719s] copying /home/joar/subvision_ws/build/ds4drv/build/lib/ds4drv/device.py -> /home/joar/subvision_ws/install/ds4drv/lib/python3.10/site-packages/ds4drv
[0.719s] creating /home/joar/subvision_ws/install/ds4drv/lib/python3.10/site-packages/ds4drv/backends
[0.719s] copying /home/joar/subvision_ws/build/ds4drv/build/lib/ds4drv/backends/__init__.py -> /home/joar/subvision_ws/install/ds4drv/lib/python3.10/site-packages/ds4drv/backends
[0.719s] copying /home/joar/subvision_ws/build/ds4drv/build/lib/ds4drv/backends/hidraw.py -> /home/joar/subvision_ws/install/ds4drv/lib/python3.10/site-packages/ds4drv/backends
[0.719s] copying /home/joar/subvision_ws/build/ds4drv/build/lib/ds4drv/backends/bluetooth.py -> /home/joar/subvision_ws/install/ds4drv/lib/python3.10/site-packages/ds4drv/backends
[0.720s] byte-compiling /home/joar/subvision_ws/install/ds4drv/lib/python3.10/site-packages/ds4drv/daemon.py to daemon.cpython-310.pyc
[0.720s] byte-compiling /home/joar/subvision_ws/install/ds4drv/lib/python3.10/site-packages/ds4drv/actions/status.py to status.cpython-310.pyc
[0.721s] byte-compiling /home/joar/subvision_ws/install/ds4drv/lib/python3.10/site-packages/ds4drv/actions/__init__.py to __init__.cpython-310.pyc
[0.721s] byte-compiling /home/joar/subvision_ws/install/ds4drv/lib/python3.10/site-packages/ds4drv/actions/led.py to led.cpython-310.pyc
[0.721s] byte-compiling /home/joar/subvision_ws/install/ds4drv/lib/python3.10/site-packages/ds4drv/actions/binding.py to binding.cpython-310.pyc
[0.722s] byte-compiling /home/joar/subvision_ws/install/ds4drv/lib/python3.10/site-packages/ds4drv/actions/battery.py to battery.cpython-310.pyc
[0.722s] byte-compiling /home/joar/subvision_ws/install/ds4drv/lib/python3.10/site-packages/ds4drv/actions/dump.py to dump.cpython-310.pyc
[0.723s] byte-compiling /home/joar/subvision_ws/install/ds4drv/lib/python3.10/site-packages/ds4drv/actions/btsignal.py to btsignal.cpython-310.pyc
[0.723s] byte-compiling /home/joar/subvision_ws/install/ds4drv/lib/python3.10/site-packages/ds4drv/actions/input.py to input.cpython-310.pyc
[0.724s] byte-compiling /home/joar/subvision_ws/install/ds4drv/lib/python3.10/site-packages/ds4drv/exceptions.py to exceptions.cpython-310.pyc
[0.724s] byte-compiling /home/joar/subvision_ws/install/ds4drv/lib/python3.10/site-packages/ds4drv/__init__.py to __init__.cpython-310.pyc
[0.724s] byte-compiling /home/joar/subvision_ws/install/ds4drv/lib/python3.10/site-packages/ds4drv/config.py to config.cpython-310.pyc
[0.726s] byte-compiling /home/joar/subvision_ws/install/ds4drv/lib/python3.10/site-packages/ds4drv/logger.py to logger.cpython-310.pyc
[0.727s] byte-compiling /home/joar/subvision_ws/install/ds4drv/lib/python3.10/site-packages/ds4drv/action.py to action.cpython-310.pyc
[0.727s] byte-compiling /home/joar/subvision_ws/install/ds4drv/lib/python3.10/site-packages/ds4drv/backend.py to backend.cpython-310.pyc
[0.727s] byte-compiling /home/joar/subvision_ws/install/ds4drv/lib/python3.10/site-packages/ds4drv/__main__.py to __main__.cpython-310.pyc
[0.728s] byte-compiling /home/joar/subvision_ws/install/ds4drv/lib/python3.10/site-packages/ds4drv/uinput.py to uinput.cpython-310.pyc
[0.731s] byte-compiling /home/joar/subvision_ws/install/ds4drv/lib/python3.10/site-packages/ds4drv/eventloop.py to eventloop.cpython-310.pyc
[0.731s] byte-compiling /home/joar/subvision_ws/install/ds4drv/lib/python3.10/site-packages/ds4drv/utils.py to utils.cpython-310.pyc
[0.731s] byte-compiling /home/joar/subvision_ws/install/ds4drv/lib/python3.10/site-packages/ds4drv/packages/__init__.py to __init__.cpython-310.pyc
[0.732s] byte-compiling /home/joar/subvision_ws/install/ds4drv/lib/python3.10/site-packages/ds4drv/packages/timerfd.py to timerfd.cpython-310.pyc
[0.732s] byte-compiling /home/joar/subvision_ws/install/ds4drv/lib/python3.10/site-packages/ds4drv/device.py to device.cpython-310.pyc
[0.733s] byte-compiling /home/joar/subvision_ws/install/ds4drv/lib/python3.10/site-packages/ds4drv/backends/__init__.py to __init__.cpython-310.pyc
[0.733s] byte-compiling /home/joar/subvision_ws/install/ds4drv/lib/python3.10/site-packages/ds4drv/backends/hidraw.py to hidraw.cpython-310.pyc
[0.734s] byte-compiling /home/joar/subvision_ws/install/ds4drv/lib/python3.10/site-packages/ds4drv/backends/bluetooth.py to bluetooth.cpython-310.pyc
[0.735s] running install_egg_info
[0.737s] Copying ../../build/ds4drv/ds4drv.egg-info to /home/joar/subvision_ws/install/ds4drv/lib/python3.10/site-packages/ds4drv-0.5.1-py3.10.egg-info
[0.737s] running install_scripts
[0.756s] Installing ds4drv script to /home/joar/subvision_ws/install/ds4drv/bin
[0.756s] writing list of installed files to '/home/joar/subvision_ws/build/ds4drv/install.log'
[0.789s] Invoked command in '/home/joar/subvision_ws/src/ds4drv' returned '0': PYTHONPATH=/home/joar/subvision_ws/build/ds4drv/prefix_override:/usr/lib/python3/dist-packages/colcon_core/task/python/colcon_distutils_commands:/home/joar/subvision_ws/install/ds4drv/lib/python3.10/site-packages:${PYTHONPATH} /usr/bin/python3 -W ignore:setup.py install is deprecated setup.py egg_info --egg-base ../../build/ds4drv build --build-base /home/joar/subvision_ws/build/ds4drv/build install --record /home/joar/subvision_ws/build/ds4drv/install.log --single-version-externally-managed
