[0.702s] Invoking command in '/home/joar/subvision_ws/src/subvision': PYTHONPATH=/home/joar/subvision_ws/src/build/subvision/prefix_override:/usr/lib/python3/dist-packages/colcon_core/task/python/colcon_distutils_commands:/home/joar/subvision_ws/src/install/subvision/lib/python3.10/site-packages:${PYTHONPATH} /usr/bin/python3 -W ignore:setup.py install is deprecated setup.py egg_info --egg-base ../build/subvision build --build-base /home/joar/subvision_ws/src/build/subvision/build install --record /home/joar/subvision_ws/src/build/subvision/install.log --single-version-externally-managed install_data
[0.884s] running egg_info
[0.884s] creating ../build/subvision/subvision.egg-info
[0.885s] writing ../build/subvision/subvision.egg-info/PKG-INFO
[0.885s] writing dependency_links to ../build/subvision/subvision.egg-info/dependency_links.txt
[0.885s] writing entry points to ../build/subvision/subvision.egg-info/entry_points.txt
[0.885s] writing requirements to ../build/subvision/subvision.egg-info/requires.txt
[0.885s] writing top-level names to ../build/subvision/subvision.egg-info/top_level.txt
[0.885s] writing manifest file '../build/subvision/subvision.egg-info/SOURCES.txt'
[0.886s] reading manifest file '../build/subvision/subvision.egg-info/SOURCES.txt'
[0.887s] writing manifest file '../build/subvision/subvision.egg-info/SOURCES.txt'
[0.887s] running build
[0.887s] running build_py
[0.887s] creating /home/joar/subvision_ws/src/build/subvision/build
[0.887s] creating /home/joar/subvision_ws/src/build/subvision/build/lib
[0.887s] creating /home/joar/subvision_ws/src/build/subvision/build/lib/subvision
[0.887s] copying subvision/__init__.py -> /home/joar/subvision_ws/src/build/subvision/build/lib/subvision
[0.887s] copying subvision/read_controller.py -> /home/joar/subvision_ws/src/build/subvision/build/lib/subvision
[0.887s] running install
[0.888s] running install_lib
[0.888s] creating /home/joar/subvision_ws/src/install/subvision/lib/python3.10/site-packages/subvision
[0.888s] copying /home/joar/subvision_ws/src/build/subvision/build/lib/subvision/__init__.py -> /home/joar/subvision_ws/src/install/subvision/lib/python3.10/site-packages/subvision
[0.889s] copying /home/joar/subvision_ws/src/build/subvision/build/lib/subvision/read_controller.py -> /home/joar/subvision_ws/src/install/subvision/lib/python3.10/site-packages/subvision
[0.889s] byte-compiling /home/joar/subvision_ws/src/install/subvision/lib/python3.10/site-packages/subvision/__init__.py to __init__.cpython-310.pyc
[0.889s] byte-compiling /home/joar/subvision_ws/src/install/subvision/lib/python3.10/site-packages/subvision/read_controller.py to read_controller.cpython-310.pyc
[0.889s] running install_data
[0.890s] creating /home/joar/subvision_ws/src/install/subvision/share/ament_index
[0.890s] creating /home/joar/subvision_ws/src/install/subvision/share/ament_index/resource_index
[0.890s] creating /home/joar/subvision_ws/src/install/subvision/share/ament_index/resource_index/packages
[0.890s] copying resource/subvision -> /home/joar/subvision_ws/src/install/subvision/share/ament_index/resource_index/packages
[0.890s] copying package.xml -> /home/joar/subvision_ws/src/install/subvision/share/subvision
[0.890s] running install_egg_info
[0.891s] Copying ../build/subvision/subvision.egg-info to /home/joar/subvision_ws/src/install/subvision/lib/python3.10/site-packages/subvision-0.0.0-py3.10.egg-info
[0.892s] running install_scripts
[0.909s] Installing read_controller script to /home/joar/subvision_ws/src/install/subvision/lib/subvision
[0.909s] writing list of installed files to '/home/joar/subvision_ws/src/build/subvision/install.log'
[0.942s] Invoked command in '/home/joar/subvision_ws/src/subvision' returned '0': PYTHONPATH=/home/joar/subvision_ws/src/build/subvision/prefix_override:/usr/lib/python3/dist-packages/colcon_core/task/python/colcon_distutils_commands:/home/joar/subvision_ws/src/install/subvision/lib/python3.10/site-packages:${PYTHONPATH} /usr/bin/python3 -W ignore:setup.py install is deprecated setup.py egg_info --egg-base ../build/subvision build --build-base /home/joar/subvision_ws/src/build/subvision/build install --record /home/joar/subvision_ws/src/build/subvision/install.log --single-version-externally-managed install_data
