[0.012s] Invoking command in '/home/joar/subvision_ws/build/ds4_driver': CMAKE_PREFIX_PATH=/home/joar/subvision_ws/install/ds4_driver_msgs:/home/joar/subvision_ws/install/ds4_driver:/home/joar/subvision_ws/install/subvision:/opt/ros/humble /usr/bin/cmake --build /home/joar/subvision_ws/build/ds4_driver -- -j16 -l16
[0.084s] Built target ament_cmake_python_copy_ds4_driver
[0.306s] running egg_info
[0.306s] writing ds4_driver.egg-info/PKG-INFO
[0.307s] writing dependency_links to ds4_driver.egg-info/dependency_links.txt
[0.307s] writing top-level names to ds4_driver.egg-info/top_level.txt
[0.309s] reading manifest file 'ds4_driver.egg-info/SOURCES.txt'
[0.309s] writing manifest file 'ds4_driver.egg-info/SOURCES.txt'
[0.349s] Built target ament_cmake_python_build_ds4_driver_egg
[0.362s] Invoked command in '/home/joar/subvision_ws/build/ds4_driver' returned '0': CMAKE_PREFIX_PATH=/home/joar/subvision_ws/install/ds4_driver_msgs:/home/joar/subvision_ws/install/ds4_driver:/home/joar/subvision_ws/install/subvision:/opt/ros/humble /usr/bin/cmake --build /home/joar/subvision_ws/build/ds4_driver -- -j16 -l16
[0.392s] Invoking command in '/home/joar/subvision_ws/build/ds4_driver': CMAKE_PREFIX_PATH=/home/joar/subvision_ws/install/ds4_driver_msgs:/home/joar/subvision_ws/install/ds4_driver:/home/joar/subvision_ws/install/subvision:/opt/ros/humble /usr/bin/cmake --install /home/joar/subvision_ws/build/ds4_driver
[0.400s] -- Install configuration: ""
[0.400s] -- Up-to-date: /home/joar/subvision_ws/install/ds4_driver/share/ds4_driver/environment/pythonpath.sh
[0.400s] -- Up-to-date: /home/joar/subvision_ws/install/ds4_driver/share/ds4_driver/environment/pythonpath.dsv
[0.401s] -- Up-to-date: /home/joar/subvision_ws/install/ds4_driver/local/lib/python3.10/dist-packages/ds4_driver-0.2.1-py3.10.egg-info
[0.401s] -- Installing: /home/joar/subvision_ws/install/ds4_driver/local/lib/python3.10/dist-packages/ds4_driver-0.2.1-py3.10.egg-info/top_level.txt
[0.401s] -- Installing: /home/joar/subvision_ws/install/ds4_driver/local/lib/python3.10/dist-packages/ds4_driver-0.2.1-py3.10.egg-info/SOURCES.txt
[0.401s] -- Installing: /home/joar/subvision_ws/install/ds4_driver/local/lib/python3.10/dist-packages/ds4_driver-0.2.1-py3.10.egg-info/PKG-INFO
[0.401s] -- Installing: /home/joar/subvision_ws/install/ds4_driver/local/lib/python3.10/dist-packages/ds4_driver-0.2.1-py3.10.egg-info/dependency_links.txt
[0.401s] -- Up-to-date: /home/joar/subvision_ws/install/ds4_driver/local/lib/python3.10/dist-packages/ds4_driver
[0.402s] -- Up-to-date: /home/joar/subvision_ws/install/ds4_driver/local/lib/python3.10/dist-packages/ds4_driver/controller.py
[0.402s] -- Up-to-date: /home/joar/subvision_ws/install/ds4_driver/local/lib/python3.10/dist-packages/ds4_driver/__init__.py
[0.402s] -- Up-to-date: /home/joar/subvision_ws/install/ds4_driver/local/lib/python3.10/dist-packages/ds4_driver/logger.py
[0.402s] -- Up-to-date: /home/joar/subvision_ws/install/ds4_driver/local/lib/python3.10/dist-packages/ds4_driver/controller_ros.py
[0.429s] Listing '/home/joar/subvision_ws/install/ds4_driver/local/lib/python3.10/dist-packages/ds4_driver'...
[0.435s] -- Up-to-date: /home/joar/subvision_ws/install/ds4_driver/share/ds4_driver//config
[0.435s] -- Up-to-date: /home/joar/subvision_ws/install/ds4_driver/share/ds4_driver//config/twist_6dof.yaml
[0.435s] -- Up-to-date: /home/joar/subvision_ws/install/ds4_driver/share/ds4_driver//config/params.yaml
[0.435s] -- Up-to-date: /home/joar/subvision_ws/install/ds4_driver/share/ds4_driver//config/twist_2dof.yaml
[0.436s] -- Up-to-date: /home/joar/subvision_ws/install/ds4_driver/share/ds4_driver//launch
[0.436s] -- Up-to-date: /home/joar/subvision_ws/install/ds4_driver/share/ds4_driver//launch/ds4_twist.launch.xml
[0.436s] -- Up-to-date: /home/joar/subvision_ws/install/ds4_driver/share/ds4_driver//launch/ds4_driver.launch.xml
[0.436s] -- Up-to-date: /home/joar/subvision_ws/install/ds4_driver/share/ds4_driver//launch/demo.launch.xml
[0.436s] -- Up-to-date: /home/joar/subvision_ws/install/ds4_driver/lib/ds4_driver/demo.py
[0.436s] -- Up-to-date: /home/joar/subvision_ws/install/ds4_driver/lib/ds4_driver/ds4_driver_node.py
[0.436s] -- Up-to-date: /home/joar/subvision_ws/install/ds4_driver/lib/ds4_driver/ds4_twist_node.py
[0.436s] -- Up-to-date: /home/joar/subvision_ws/install/ds4_driver/share/ament_index/resource_index/package_run_dependencies/ds4_driver
[0.437s] -- Up-to-date: /home/joar/subvision_ws/install/ds4_driver/share/ament_index/resource_index/parent_prefix_path/ds4_driver
[0.437s] -- Up-to-date: /home/joar/subvision_ws/install/ds4_driver/share/ds4_driver/environment/ament_prefix_path.sh
[0.437s] -- Up-to-date: /home/joar/subvision_ws/install/ds4_driver/share/ds4_driver/environment/ament_prefix_path.dsv
[0.437s] -- Up-to-date: /home/joar/subvision_ws/install/ds4_driver/share/ds4_driver/environment/path.sh
[0.437s] -- Up-to-date: /home/joar/subvision_ws/install/ds4_driver/share/ds4_driver/environment/path.dsv
[0.437s] -- Up-to-date: /home/joar/subvision_ws/install/ds4_driver/share/ds4_driver/local_setup.bash
[0.437s] -- Up-to-date: /home/joar/subvision_ws/install/ds4_driver/share/ds4_driver/local_setup.sh
[0.437s] -- Up-to-date: /home/joar/subvision_ws/install/ds4_driver/share/ds4_driver/local_setup.zsh
[0.437s] -- Up-to-date: /home/joar/subvision_ws/install/ds4_driver/share/ds4_driver/local_setup.dsv
[0.437s] -- Up-to-date: /home/joar/subvision_ws/install/ds4_driver/share/ds4_driver/package.dsv
[0.438s] -- Up-to-date: /home/joar/subvision_ws/install/ds4_driver/share/ament_index/resource_index/packages/ds4_driver
[0.438s] -- Up-to-date: /home/joar/subvision_ws/install/ds4_driver/share/ds4_driver/cmake/ds4_driverConfig.cmake
[0.438s] -- Up-to-date: /home/joar/subvision_ws/install/ds4_driver/share/ds4_driver/cmake/ds4_driverConfig-version.cmake
[0.438s] -- Up-to-date: /home/joar/subvision_ws/install/ds4_driver/share/ds4_driver/package.xml
[0.439s] Invoked command in '/home/joar/subvision_ws/build/ds4_driver' returned '0': CMAKE_PREFIX_PATH=/home/joar/subvision_ws/install/ds4_driver_msgs:/home/joar/subvision_ws/install/ds4_driver:/home/joar/subvision_ws/install/subvision:/opt/ros/humble /usr/bin/cmake --install /home/joar/subvision_ws/build/ds4_driver
