[0.022s] Invoking command in '/home/joar/subvision_ws/build/p9n': AMENT_PREFIX_PATH=/home/joar/subvision_ws/install/p9n_bringup:/home/joar/subvision_ws/install/p9n_test:/home/joar/subvision_ws/install/p9n_node:/home/joar/subvision_ws/install/p9n_example:/home/joar/subvision_ws/install/p9n_interface:${AMENT_PREFIX_PATH} CMAKE_PREFIX_PATH=/home/joar/subvision_ws/install/p9n_test:/home/joar/subvision_ws/install/p9n_node:/home/joar/subvision_ws/install/p9n_example:/home/joar/subvision_ws/install/p9n_interface:/home/joar/subvision_ws/install/ds4_driver:/home/joar/subvision_ws/install/ds4_driver_msgs:/home/joar/subvision_ws/install/subvision:/opt/ros/humble LD_LIBRARY_PATH=/home/joar/subvision_ws/install/p9n_test/lib:/home/joar/subvision_ws/install/p9n_node/lib:/home/joar/subvision_ws/install/p9n_example/lib:/home/joar/subvision_ws/install/p9n_interface/lib:${LD_LIBRARY_PATH} PYTHONPATH=/home/joar/subvision_ws/install/p9n_bringup/lib/python3.10/site-packages:${PYTHONPATH} /usr/bin/cmake /home/joar/subvision_ws/src/PlayStation-JoyInterface-ROS2-humble/p9n -DCMAKE_INSTALL_PREFIX=/home/joar/subvision_ws/install/p9n
[0.088s] -- The C compiler identification is GNU 11.4.0
[0.152s] -- The CXX compiler identification is GNU 11.4.0
[0.161s] -- Detecting C compiler ABI info
[0.247s] -- Detecting C compiler ABI info - done
[0.253s] -- Check for working C compiler: /usr/bin/cc - skipped
[0.253s] -- Detecting C compile features
[0.253s] -- Detecting C compile features - done
[0.256s] -- Detecting CXX compiler ABI info
[0.347s] -- Detecting CXX compiler ABI info - done
[0.354s] -- Check for working CXX compiler: /usr/bin/c++ - skipped
[0.354s] -- Detecting CXX compile features
[0.354s] -- Detecting CXX compile features - done
[0.357s] -- Found ament_cmake: 1.3.10 (/opt/ros/humble/share/ament_cmake/cmake)
[0.510s] -- Found Python3: /usr/bin/python3 (found version "3.10.12") found components: Interpreter 
[0.605s] -- Found ament_lint_auto: 0.12.11 (/opt/ros/humble/share/ament_lint_auto/cmake)
[0.677s] -- Added test 'lint_cmake' to check CMake code style
[0.677s] -- Added test 'xmllint' to check XML markup files
[0.678s] -- Configuring done
[0.682s] -- Generating done
[0.682s] -- Build files have been written to: /home/joar/subvision_ws/build/p9n
[0.687s] Invoked command in '/home/joar/subvision_ws/build/p9n' returned '0': AMENT_PREFIX_PATH=/home/joar/subvision_ws/install/p9n_bringup:/home/joar/subvision_ws/install/p9n_test:/home/joar/subvision_ws/install/p9n_node:/home/joar/subvision_ws/install/p9n_example:/home/joar/subvision_ws/install/p9n_interface:${AMENT_PREFIX_PATH} CMAKE_PREFIX_PATH=/home/joar/subvision_ws/install/p9n_test:/home/joar/subvision_ws/install/p9n_node:/home/joar/subvision_ws/install/p9n_example:/home/joar/subvision_ws/install/p9n_interface:/home/joar/subvision_ws/install/ds4_driver:/home/joar/subvision_ws/install/ds4_driver_msgs:/home/joar/subvision_ws/install/subvision:/opt/ros/humble LD_LIBRARY_PATH=/home/joar/subvision_ws/install/p9n_test/lib:/home/joar/subvision_ws/install/p9n_node/lib:/home/joar/subvision_ws/install/p9n_example/lib:/home/joar/subvision_ws/install/p9n_interface/lib:${LD_LIBRARY_PATH} PYTHONPATH=/home/joar/subvision_ws/install/p9n_bringup/lib/python3.10/site-packages:${PYTHONPATH} /usr/bin/cmake /home/joar/subvision_ws/src/PlayStation-JoyInterface-ROS2-humble/p9n -DCMAKE_INSTALL_PREFIX=/home/joar/subvision_ws/install/p9n
[0.689s] Invoking command in '/home/joar/subvision_ws/build/p9n': AMENT_PREFIX_PATH=/home/joar/subvision_ws/install/p9n_bringup:/home/joar/subvision_ws/install/p9n_test:/home/joar/subvision_ws/install/p9n_node:/home/joar/subvision_ws/install/p9n_example:/home/joar/subvision_ws/install/p9n_interface:${AMENT_PREFIX_PATH} CMAKE_PREFIX_PATH=/home/joar/subvision_ws/install/p9n_test:/home/joar/subvision_ws/install/p9n_node:/home/joar/subvision_ws/install/p9n_example:/home/joar/subvision_ws/install/p9n_interface:/home/joar/subvision_ws/install/ds4_driver:/home/joar/subvision_ws/install/ds4_driver_msgs:/home/joar/subvision_ws/install/subvision:/opt/ros/humble LD_LIBRARY_PATH=/home/joar/subvision_ws/install/p9n_test/lib:/home/joar/subvision_ws/install/p9n_node/lib:/home/joar/subvision_ws/install/p9n_example/lib:/home/joar/subvision_ws/install/p9n_interface/lib:${LD_LIBRARY_PATH} PYTHONPATH=/home/joar/subvision_ws/install/p9n_bringup/lib/python3.10/site-packages:${PYTHONPATH} /usr/bin/cmake --build /home/joar/subvision_ws/build/p9n -- -j16 -l16
[0.729s] Invoked command in '/home/joar/subvision_ws/build/p9n' returned '0': AMENT_PREFIX_PATH=/home/joar/subvision_ws/install/p9n_bringup:/home/joar/subvision_ws/install/p9n_test:/home/joar/subvision_ws/install/p9n_node:/home/joar/subvision_ws/install/p9n_example:/home/joar/subvision_ws/install/p9n_interface:${AMENT_PREFIX_PATH} CMAKE_PREFIX_PATH=/home/joar/subvision_ws/install/p9n_test:/home/joar/subvision_ws/install/p9n_node:/home/joar/subvision_ws/install/p9n_example:/home/joar/subvision_ws/install/p9n_interface:/home/joar/subvision_ws/install/ds4_driver:/home/joar/subvision_ws/install/ds4_driver_msgs:/home/joar/subvision_ws/install/subvision:/opt/ros/humble LD_LIBRARY_PATH=/home/joar/subvision_ws/install/p9n_test/lib:/home/joar/subvision_ws/install/p9n_node/lib:/home/joar/subvision_ws/install/p9n_example/lib:/home/joar/subvision_ws/install/p9n_interface/lib:${LD_LIBRARY_PATH} PYTHONPATH=/home/joar/subvision_ws/install/p9n_bringup/lib/python3.10/site-packages:${PYTHONPATH} /usr/bin/cmake --build /home/joar/subvision_ws/build/p9n -- -j16 -l16
[0.758s] Invoking command in '/home/joar/subvision_ws/build/p9n': AMENT_PREFIX_PATH=/home/joar/subvision_ws/install/p9n_bringup:/home/joar/subvision_ws/install/p9n_test:/home/joar/subvision_ws/install/p9n_node:/home/joar/subvision_ws/install/p9n_example:/home/joar/subvision_ws/install/p9n_interface:${AMENT_PREFIX_PATH} CMAKE_PREFIX_PATH=/home/joar/subvision_ws/install/p9n_test:/home/joar/subvision_ws/install/p9n_node:/home/joar/subvision_ws/install/p9n_example:/home/joar/subvision_ws/install/p9n_interface:/home/joar/subvision_ws/install/ds4_driver:/home/joar/subvision_ws/install/ds4_driver_msgs:/home/joar/subvision_ws/install/subvision:/opt/ros/humble LD_LIBRARY_PATH=/home/joar/subvision_ws/install/p9n_test/lib:/home/joar/subvision_ws/install/p9n_node/lib:/home/joar/subvision_ws/install/p9n_example/lib:/home/joar/subvision_ws/install/p9n_interface/lib:${LD_LIBRARY_PATH} PYTHONPATH=/home/joar/subvision_ws/install/p9n_bringup/lib/python3.10/site-packages:${PYTHONPATH} /usr/bin/cmake --install /home/joar/subvision_ws/build/p9n
[0.765s] -- Install configuration: ""
[0.766s] -- Installing: /home/joar/subvision_ws/install/p9n/share/ament_index/resource_index/package_run_dependencies/p9n
[0.766s] -- Installing: /home/joar/subvision_ws/install/p9n/share/ament_index/resource_index/parent_prefix_path/p9n
[0.766s] -- Installing: /home/joar/subvision_ws/install/p9n/share/p9n/environment/ament_prefix_path.sh
[0.766s] -- Installing: /home/joar/subvision_ws/install/p9n/share/p9n/environment/ament_prefix_path.dsv
[0.767s] -- Installing: /home/joar/subvision_ws/install/p9n/share/p9n/environment/path.sh
[0.767s] -- Installing: /home/joar/subvision_ws/install/p9n/share/p9n/environment/path.dsv
[0.767s] -- Installing: /home/joar/subvision_ws/install/p9n/share/p9n/local_setup.bash
[0.767s] -- Installing: /home/joar/subvision_ws/install/p9n/share/p9n/local_setup.sh
[0.767s] -- Installing: /home/joar/subvision_ws/install/p9n/share/p9n/local_setup.zsh
[0.767s] -- Installing: /home/joar/subvision_ws/install/p9n/share/p9n/local_setup.dsv
[0.767s] -- Installing: /home/joar/subvision_ws/install/p9n/share/p9n/package.dsv
[0.767s] -- Installing: /home/joar/subvision_ws/install/p9n/share/ament_index/resource_index/packages/p9n
[0.768s] -- Installing: /home/joar/subvision_ws/install/p9n/share/p9n/cmake/p9nConfig.cmake
[0.768s] -- Installing: /home/joar/subvision_ws/install/p9n/share/p9n/cmake/p9nConfig-version.cmake
[0.768s] -- Installing: /home/joar/subvision_ws/install/p9n/share/p9n/package.xml
[0.770s] Invoked command in '/home/joar/subvision_ws/build/p9n' returned '0': AMENT_PREFIX_PATH=/home/joar/subvision_ws/install/p9n_bringup:/home/joar/subvision_ws/install/p9n_test:/home/joar/subvision_ws/install/p9n_node:/home/joar/subvision_ws/install/p9n_example:/home/joar/subvision_ws/install/p9n_interface:${AMENT_PREFIX_PATH} CMAKE_PREFIX_PATH=/home/joar/subvision_ws/install/p9n_test:/home/joar/subvision_ws/install/p9n_node:/home/joar/subvision_ws/install/p9n_example:/home/joar/subvision_ws/install/p9n_interface:/home/joar/subvision_ws/install/ds4_driver:/home/joar/subvision_ws/install/ds4_driver_msgs:/home/joar/subvision_ws/install/subvision:/opt/ros/humble LD_LIBRARY_PATH=/home/joar/subvision_ws/install/p9n_test/lib:/home/joar/subvision_ws/install/p9n_node/lib:/home/joar/subvision_ws/install/p9n_example/lib:/home/joar/subvision_ws/install/p9n_interface/lib:${LD_LIBRARY_PATH} PYTHONPATH=/home/joar/subvision_ws/install/p9n_bringup/lib/python3.10/site-packages:${PYTHONPATH} /usr/bin/cmake --install /home/joar/subvision_ws/build/p9n
