[0.969s] Invoking command in '/home/joar/subvision_ws/src/subvision': PYTHONPATH=/home/joar/subvision_ws/build/subvision/prefix_override:/usr/lib/python3/dist-packages/colcon_core/task/python/colcon_distutils_commands:/home/joar/subvision_ws/install/subvision/lib/python3.10/site-packages:${PYTHONPATH} /usr/bin/python3 -W ignore:setup.py install is deprecated setup.py egg_info --egg-base ../../build/subvision build --build-base /home/joar/subvision_ws/build/subvision/build install --record /home/joar/subvision_ws/build/subvision/install.log --single-version-externally-managed install_data
[1.174s] running egg_info
[1.175s] writing ../../build/subvision/subvision.egg-info/PKG-INFO
[1.175s] writing dependency_links to ../../build/subvision/subvision.egg-info/dependency_links.txt
[1.175s] writing entry points to ../../build/subvision/subvision.egg-info/entry_points.txt
[1.175s] writing requirements to ../../build/subvision/subvision.egg-info/requires.txt
[1.175s] writing top-level names to ../../build/subvision/subvision.egg-info/top_level.txt
[1.178s] reading manifest file '../../build/subvision/subvision.egg-info/SOURCES.txt'
[1.178s] writing manifest file '../../build/subvision/subvision.egg-info/SOURCES.txt'
[1.179s] running build
[1.179s] running build_py
[1.179s] running install
[1.179s] running install_lib
[1.181s] running install_data
[1.181s] running install_egg_info
[1.183s] removing '/home/joar/subvision_ws/install/subvision/lib/python3.10/site-packages/subvision-0.0.0-py3.10.egg-info' (and everything under it)
[1.183s] Copying ../../build/subvision/subvision.egg-info to /home/joar/subvision_ws/install/subvision/lib/python3.10/site-packages/subvision-0.0.0-py3.10.egg-info
[1.184s] running install_scripts
[1.207s] Installing read_controller script to /home/joar/subvision_ws/install/subvision/lib/subvision
[1.207s] writing list of installed files to '/home/joar/subvision_ws/build/subvision/install.log'
[1.280s] Invoked command in '/home/joar/subvision_ws/src/subvision' returned '0': PYTHONPATH=/home/joar/subvision_ws/build/subvision/prefix_override:/usr/lib/python3/dist-packages/colcon_core/task/python/colcon_distutils_commands:/home/joar/subvision_ws/install/subvision/lib/python3.10/site-packages:${PYTHONPATH} /usr/bin/python3 -W ignore:setup.py install is deprecated setup.py egg_info --egg-base ../../build/subvision build --build-base /home/joar/subvision_ws/build/subvision/build install --record /home/joar/subvision_ws/build/subvision/install.log --single-version-externally-managed install_data
