[0.494s] Invoking command in '/home/joar/subvision_ws/src/ds4drv': PYTHONPATH=/home/joar/subvision_ws/src/build/ds4drv/prefix_override:/usr/lib/python3/dist-packages/colcon_core/task/python/colcon_distutils_commands:/home/joar/subvision_ws/src/install/ds4drv/lib/python3.10/site-packages:${PYTHONPATH} /usr/bin/python3 -W ignore:setup.py install is deprecated setup.py egg_info --egg-base ../build/ds4drv build --build-base /home/joar/subvision_ws/src/build/ds4drv/build install --record /home/joar/subvision_ws/src/build/ds4drv/install.log --single-version-externally-managed
[0.676s] running egg_info
[0.676s] creating ../build/ds4drv/ds4drv.egg-info
[0.676s] writing ../build/ds4drv/ds4drv.egg-info/PKG-INFO
[0.676s] writing dependency_links to ../build/ds4drv/ds4drv.egg-info/dependency_links.txt
[0.677s] writing entry points to ../build/ds4drv/ds4drv.egg-info/entry_points.txt
[0.677s] writing requirements to ../build/ds4drv/ds4drv.egg-info/requires.txt
[0.677s] writing top-level names to ../build/ds4drv/ds4drv.egg-info/top_level.txt
[0.677s] writing manifest file '../build/ds4drv/ds4drv.egg-info/SOURCES.txt'
[0.679s] reading manifest file '../build/ds4drv/ds4drv.egg-info/SOURCES.txt'
[0.679s] reading manifest template 'MANIFEST.in'
[0.679s] adding license file 'LICENSE'
[0.680s] writing manifest file '../build/ds4drv/ds4drv.egg-info/SOURCES.txt'
[0.680s] running build
[0.680s] running build_py
[0.680s] creating /home/joar/subvision_ws/src/build/ds4drv/build
[0.680s] creating /home/joar/subvision_ws/src/build/ds4drv/build/lib
[0.680s] creating /home/joar/subvision_ws/src/build/ds4drv/build/lib/ds4drv
[0.680s] copying ds4drv/daemon.py -> /home/joar/subvision_ws/src/build/ds4drv/build/lib/ds4drv
[0.680s] copying ds4drv/exceptions.py -> /home/joar/subvision_ws/src/build/ds4drv/build/lib/ds4drv
[0.680s] copying ds4drv/__init__.py -> /home/joar/subvision_ws/src/build/ds4drv/build/lib/ds4drv
[0.680s] copying ds4drv/config.py -> /home/joar/subvision_ws/src/build/ds4drv/build/lib/ds4drv
[0.680s] copying ds4drv/logger.py -> /home/joar/subvision_ws/src/build/ds4drv/build/lib/ds4drv
[0.680s] copying ds4drv/action.py -> /home/joar/subvision_ws/src/build/ds4drv/build/lib/ds4drv
[0.680s] copying ds4drv/backend.py -> /home/joar/subvision_ws/src/build/ds4drv/build/lib/ds4drv
[0.681s] copying ds4drv/__main__.py -> /home/joar/subvision_ws/src/build/ds4drv/build/lib/ds4drv
[0.681s] copying ds4drv/uinput.py -> /home/joar/subvision_ws/src/build/ds4drv/build/lib/ds4drv
[0.681s] copying ds4drv/eventloop.py -> /home/joar/subvision_ws/src/build/ds4drv/build/lib/ds4drv
[0.681s] copying ds4drv/utils.py -> /home/joar/subvision_ws/src/build/ds4drv/build/lib/ds4drv
[0.681s] copying ds4drv/device.py -> /home/joar/subvision_ws/src/build/ds4drv/build/lib/ds4drv
[0.681s] creating /home/joar/subvision_ws/src/build/ds4drv/build/lib/ds4drv/actions
[0.681s] copying ds4drv/actions/status.py -> /home/joar/subvision_ws/src/build/ds4drv/build/lib/ds4drv/actions
[0.681s] copying ds4drv/actions/__init__.py -> /home/joar/subvision_ws/src/build/ds4drv/build/lib/ds4drv/actions
[0.681s] copying ds4drv/actions/led.py -> /home/joar/subvision_ws/src/build/ds4drv/build/lib/ds4drv/actions
[0.681s] copying ds4drv/actions/binding.py -> /home/joar/subvision_ws/src/build/ds4drv/build/lib/ds4drv/actions
[0.681s] copying ds4drv/actions/battery.py -> /home/joar/subvision_ws/src/build/ds4drv/build/lib/ds4drv/actions
[0.681s] copying ds4drv/actions/dump.py -> /home/joar/subvision_ws/src/build/ds4drv/build/lib/ds4drv/actions
[0.682s] copying ds4drv/actions/btsignal.py -> /home/joar/subvision_ws/src/build/ds4drv/build/lib/ds4drv/actions
[0.682s] copying ds4drv/actions/input.py -> /home/joar/subvision_ws/src/build/ds4drv/build/lib/ds4drv/actions
[0.682s] creating /home/joar/subvision_ws/src/build/ds4drv/build/lib/ds4drv/backends
[0.682s] copying ds4drv/backends/__init__.py -> /home/joar/subvision_ws/src/build/ds4drv/build/lib/ds4drv/backends
[0.682s] copying ds4drv/backends/hidraw.py -> /home/joar/subvision_ws/src/build/ds4drv/build/lib/ds4drv/backends
[0.682s] copying ds4drv/backends/bluetooth.py -> /home/joar/subvision_ws/src/build/ds4drv/build/lib/ds4drv/backends
[0.682s] creating /home/joar/subvision_ws/src/build/ds4drv/build/lib/ds4drv/packages
[0.682s] copying ds4drv/packages/__init__.py -> /home/joar/subvision_ws/src/build/ds4drv/build/lib/ds4drv/packages
[0.682s] copying ds4drv/packages/timerfd.py -> /home/joar/subvision_ws/src/build/ds4drv/build/lib/ds4drv/packages
[0.683s] running install
[0.683s] running install_lib
[0.684s] creating /home/joar/subvision_ws/src/install/ds4drv/lib/python3.10/site-packages/ds4drv
[0.684s] copying /home/joar/subvision_ws/src/build/ds4drv/build/lib/ds4drv/daemon.py -> /home/joar/subvision_ws/src/install/ds4drv/lib/python3.10/site-packages/ds4drv
[0.684s] creating /home/joar/subvision_ws/src/install/ds4drv/lib/python3.10/site-packages/ds4drv/actions
[0.684s] copying /home/joar/subvision_ws/src/build/ds4drv/build/lib/ds4drv/actions/status.py -> /home/joar/subvision_ws/src/install/ds4drv/lib/python3.10/site-packages/ds4drv/actions
[0.684s] copying /home/joar/subvision_ws/src/build/ds4drv/build/lib/ds4drv/actions/__init__.py -> /home/joar/subvision_ws/src/install/ds4drv/lib/python3.10/site-packages/ds4drv/actions
[0.684s] copying /home/joar/subvision_ws/src/build/ds4drv/build/lib/ds4drv/actions/led.py -> /home/joar/subvision_ws/src/install/ds4drv/lib/python3.10/site-packages/ds4drv/actions
[0.684s] copying /home/joar/subvision_ws/src/build/ds4drv/build/lib/ds4drv/actions/binding.py -> /home/joar/subvision_ws/src/install/ds4drv/lib/python3.10/site-packages/ds4drv/actions
[0.684s] copying /home/joar/subvision_ws/src/build/ds4drv/build/lib/ds4drv/actions/battery.py -> /home/joar/subvision_ws/src/install/ds4drv/lib/python3.10/site-packages/ds4drv/actions
[0.684s] copying /home/joar/subvision_ws/src/build/ds4drv/build/lib/ds4drv/actions/dump.py -> /home/joar/subvision_ws/src/install/ds4drv/lib/python3.10/site-packages/ds4drv/actions
[0.684s] copying /home/joar/subvision_ws/src/build/ds4drv/build/lib/ds4drv/actions/btsignal.py -> /home/joar/subvision_ws/src/install/ds4drv/lib/python3.10/site-packages/ds4drv/actions
[0.684s] copying /home/joar/subvision_ws/src/build/ds4drv/build/lib/ds4drv/actions/input.py -> /home/joar/subvision_ws/src/install/ds4drv/lib/python3.10/site-packages/ds4drv/actions
[0.685s] copying /home/joar/subvision_ws/src/build/ds4drv/build/lib/ds4drv/exceptions.py -> /home/joar/subvision_ws/src/install/ds4drv/lib/python3.10/site-packages/ds4drv
[0.685s] copying /home/joar/subvision_ws/src/build/ds4drv/build/lib/ds4drv/__init__.py -> /home/joar/subvision_ws/src/install/ds4drv/lib/python3.10/site-packages/ds4drv
[0.685s] copying /home/joar/subvision_ws/src/build/ds4drv/build/lib/ds4drv/config.py -> /home/joar/subvision_ws/src/install/ds4drv/lib/python3.10/site-packages/ds4drv
[0.685s] copying /home/joar/subvision_ws/src/build/ds4drv/build/lib/ds4drv/logger.py -> /home/joar/subvision_ws/src/install/ds4drv/lib/python3.10/site-packages/ds4drv
[0.685s] copying /home/joar/subvision_ws/src/build/ds4drv/build/lib/ds4drv/action.py -> /home/joar/subvision_ws/src/install/ds4drv/lib/python3.10/site-packages/ds4drv
[0.685s] copying /home/joar/subvision_ws/src/build/ds4drv/build/lib/ds4drv/backend.py -> /home/joar/subvision_ws/src/install/ds4drv/lib/python3.10/site-packages/ds4drv
[0.685s] copying /home/joar/subvision_ws/src/build/ds4drv/build/lib/ds4drv/__main__.py -> /home/joar/subvision_ws/src/install/ds4drv/lib/python3.10/site-packages/ds4drv
[0.685s] copying /home/joar/subvision_ws/src/build/ds4drv/build/lib/ds4drv/uinput.py -> /home/joar/subvision_ws/src/install/ds4drv/lib/python3.10/site-packages/ds4drv
[0.685s] copying /home/joar/subvision_ws/src/build/ds4drv/build/lib/ds4drv/eventloop.py -> /home/joar/subvision_ws/src/install/ds4drv/lib/python3.10/site-packages/ds4drv
[0.685s] copying /home/joar/subvision_ws/src/build/ds4drv/build/lib/ds4drv/utils.py -> /home/joar/subvision_ws/src/install/ds4drv/lib/python3.10/site-packages/ds4drv
[0.685s] creating /home/joar/subvision_ws/src/install/ds4drv/lib/python3.10/site-packages/ds4drv/packages
[0.685s] copying /home/joar/subvision_ws/src/build/ds4drv/build/lib/ds4drv/packages/__init__.py -> /home/joar/subvision_ws/src/install/ds4drv/lib/python3.10/site-packages/ds4drv/packages
[0.686s] copying /home/joar/subvision_ws/src/build/ds4drv/build/lib/ds4drv/packages/timerfd.py -> /home/joar/subvision_ws/src/install/ds4drv/lib/python3.10/site-packages/ds4drv/packages
[0.686s] copying /home/joar/subvision_ws/src/build/ds4drv/build/lib/ds4drv/device.py -> /home/joar/subvision_ws/src/install/ds4drv/lib/python3.10/site-packages/ds4drv
[0.686s] creating /home/joar/subvision_ws/src/install/ds4drv/lib/python3.10/site-packages/ds4drv/backends
[0.686s] copying /home/joar/subvision_ws/src/build/ds4drv/build/lib/ds4drv/backends/__init__.py -> /home/joar/subvision_ws/src/install/ds4drv/lib/python3.10/site-packages/ds4drv/backends
[0.686s] copying /home/joar/subvision_ws/src/build/ds4drv/build/lib/ds4drv/backends/hidraw.py -> /home/joar/subvision_ws/src/install/ds4drv/lib/python3.10/site-packages/ds4drv/backends
[0.686s] copying /home/joar/subvision_ws/src/build/ds4drv/build/lib/ds4drv/backends/bluetooth.py -> /home/joar/subvision_ws/src/install/ds4drv/lib/python3.10/site-packages/ds4drv/backends
[0.686s] byte-compiling /home/joar/subvision_ws/src/install/ds4drv/lib/python3.10/site-packages/ds4drv/daemon.py to daemon.cpython-310.pyc
[0.687s] byte-compiling /home/joar/subvision_ws/src/install/ds4drv/lib/python3.10/site-packages/ds4drv/actions/status.py to status.cpython-310.pyc
[0.687s] byte-compiling /home/joar/subvision_ws/src/install/ds4drv/lib/python3.10/site-packages/ds4drv/actions/__init__.py to __init__.cpython-310.pyc
[0.688s] byte-compiling /home/joar/subvision_ws/src/install/ds4drv/lib/python3.10/site-packages/ds4drv/actions/led.py to led.cpython-310.pyc
[0.688s] byte-compiling /home/joar/subvision_ws/src/install/ds4drv/lib/python3.10/site-packages/ds4drv/actions/binding.py to binding.cpython-310.pyc
[0.689s] byte-compiling /home/joar/subvision_ws/src/install/ds4drv/lib/python3.10/site-packages/ds4drv/actions/battery.py to battery.cpython-310.pyc
[0.689s] byte-compiling /home/joar/subvision_ws/src/install/ds4drv/lib/python3.10/site-packages/ds4drv/actions/dump.py to dump.cpython-310.pyc
[0.689s] byte-compiling /home/joar/subvision_ws/src/install/ds4drv/lib/python3.10/site-packages/ds4drv/actions/btsignal.py to btsignal.cpython-310.pyc
[0.690s] byte-compiling /home/joar/subvision_ws/src/install/ds4drv/lib/python3.10/site-packages/ds4drv/actions/input.py to input.cpython-310.pyc
[0.690s] byte-compiling /home/joar/subvision_ws/src/install/ds4drv/lib/python3.10/site-packages/ds4drv/exceptions.py to exceptions.cpython-310.pyc
[0.690s] byte-compiling /home/joar/subvision_ws/src/install/ds4drv/lib/python3.10/site-packages/ds4drv/__init__.py to __init__.cpython-310.pyc
[0.690s] byte-compiling /home/joar/subvision_ws/src/install/ds4drv/lib/python3.10/site-packages/ds4drv/config.py to config.cpython-310.pyc
[0.692s] byte-compiling /home/joar/subvision_ws/src/install/ds4drv/lib/python3.10/site-packages/ds4drv/logger.py to logger.cpython-310.pyc
[0.692s] byte-compiling /home/joar/subvision_ws/src/install/ds4drv/lib/python3.10/site-packages/ds4drv/action.py to action.cpython-310.pyc
[0.693s] byte-compiling /home/joar/subvision_ws/src/install/ds4drv/lib/python3.10/site-packages/ds4drv/backend.py to backend.cpython-310.pyc
[0.693s] byte-compiling /home/joar/subvision_ws/src/install/ds4drv/lib/python3.10/site-packages/ds4drv/__main__.py to __main__.cpython-310.pyc
[0.694s] byte-compiling /home/joar/subvision_ws/src/install/ds4drv/lib/python3.10/site-packages/ds4drv/uinput.py to uinput.cpython-310.pyc
[0.696s] byte-compiling /home/joar/subvision_ws/src/install/ds4drv/lib/python3.10/site-packages/ds4drv/eventloop.py to eventloop.cpython-310.pyc
[0.697s] byte-compiling /home/joar/subvision_ws/src/install/ds4drv/lib/python3.10/site-packages/ds4drv/utils.py to utils.cpython-310.pyc
[0.697s] byte-compiling /home/joar/subvision_ws/src/install/ds4drv/lib/python3.10/site-packages/ds4drv/packages/__init__.py to __init__.cpython-310.pyc
[0.697s] byte-compiling /home/joar/subvision_ws/src/install/ds4drv/lib/python3.10/site-packages/ds4drv/packages/timerfd.py to timerfd.cpython-310.pyc
[0.698s] byte-compiling /home/joar/subvision_ws/src/install/ds4drv/lib/python3.10/site-packages/ds4drv/device.py to device.cpython-310.pyc
[0.699s] byte-compiling /home/joar/subvision_ws/src/install/ds4drv/lib/python3.10/site-packages/ds4drv/backends/__init__.py to __init__.cpython-310.pyc
[0.699s] byte-compiling /home/joar/subvision_ws/src/install/ds4drv/lib/python3.10/site-packages/ds4drv/backends/hidraw.py to hidraw.cpython-310.pyc
[0.700s] byte-compiling /home/joar/subvision_ws/src/install/ds4drv/lib/python3.10/site-packages/ds4drv/backends/bluetooth.py to bluetooth.cpython-310.pyc
[0.701s] running install_egg_info
[0.702s] Copying ../build/ds4drv/ds4drv.egg-info to /home/joar/subvision_ws/src/install/ds4drv/lib/python3.10/site-packages/ds4drv-0.5.1-py3.10.egg-info
[0.705s] running install_scripts
[0.721s] Installing ds4drv script to /home/joar/subvision_ws/src/install/ds4drv/bin
[0.721s] writing list of installed files to '/home/joar/subvision_ws/src/build/ds4drv/install.log'
[0.755s] Invoked command in '/home/joar/subvision_ws/src/ds4drv' returned '0': PYTHONPATH=/home/joar/subvision_ws/src/build/ds4drv/prefix_override:/usr/lib/python3/dist-packages/colcon_core/task/python/colcon_distutils_commands:/home/joar/subvision_ws/src/install/ds4drv/lib/python3.10/site-packages:${PYTHONPATH} /usr/bin/python3 -W ignore:setup.py install is deprecated setup.py egg_info --egg-base ../build/ds4drv build --build-base /home/joar/subvision_ws/src/build/ds4drv/build install --record /home/joar/subvision_ws/src/build/ds4drv/install.log --single-version-externally-managed
