[0.083s] DEBUG:colcon:Command line arguments: ['/usr/bin/colcon', 'build']
[0.084s] DEBUG:colcon:Parsed command line arguments: Namespace(log_base=None, log_level=None, verb_name='build', build_base='build', install_base='install', merge_install=False, symlink_install=False, test_result_base=None, continue_on_error=False, executor='parallel', parallel_workers=16, event_handlers=None, ignore_user_meta=False, metas=['./colcon.meta'], base_paths=['.'], packages_ignore=None, packages_ignore_regex=None, paths=None, packages_up_to=None, packages_up_to_regex=None, packages_above=None, packages_above_and_dependencies=None, packages_above_depth=None, packages_select_by_dep=None, packages_skip_by_dep=None, packages_skip_up_to=None, packages_select_build_failed=False, packages_skip_build_finished=False, packages_select_test_failures=False, packages_skip_test_passed=False, packages_select=None, packages_skip=None, packages_select_regex=None, packages_skip_regex=None, packages_start=None, packages_end=None, allow_overriding=[], cmake_args=None, cmake_target=None, cmake_target_skip_unavailable=False, cmake_clean_cache=False, cmake_clean_first=False, cmake_force_configure=False, ament_cmake_args=None, catkin_cmake_args=None, catkin_skip_building_tests=False, verb_parser=<colcon_defaults.argument_parser.defaults.DefaultArgumentsDecorator object at 0x73526665c3a0>, verb_extension=<colcon_core.verb.build.BuildVerb object at 0x73526662fdf0>, main=<bound method BuildVerb.main of <colcon_core.verb.build.BuildVerb object at 0x73526662fdf0>>)
[0.209s] Level 1:colcon.colcon_core.package_discovery:discover_packages(colcon_meta) check parameters
[0.209s] Level 1:colcon.colcon_core.package_discovery:discover_packages(recursive) check parameters
[0.209s] Level 1:colcon.colcon_core.package_discovery:discover_packages(ignore) check parameters
[0.209s] Level 1:colcon.colcon_core.package_discovery:discover_packages(path) check parameters
[0.209s] Level 1:colcon.colcon_core.package_discovery:discover_packages(colcon_meta) discover
[0.209s] Level 1:colcon.colcon_core.package_discovery:discover_packages(recursive) discover
[0.209s] INFO:colcon.colcon_core.package_discovery:Crawling recursively for packages in '/home/joar/subvision_ws'
[0.209s] Level 1:colcon.colcon_core.package_identification:_identify(.) by extensions ['ignore', 'ignore_ament_install']
[0.209s] Level 1:colcon.colcon_core.package_identification:_identify(.) by extension 'ignore'
[0.209s] Level 1:colcon.colcon_core.package_identification:_identify(.) by extension 'ignore_ament_install'
[0.209s] Level 1:colcon.colcon_core.package_identification:_identify(.) by extensions ['colcon_pkg']
[0.209s] Level 1:colcon.colcon_core.package_identification:_identify(.) by extension 'colcon_pkg'
[0.209s] Level 1:colcon.colcon_core.package_identification:_identify(.) by extensions ['colcon_meta']
[0.209s] Level 1:colcon.colcon_core.package_identification:_identify(.) by extension 'colcon_meta'
[0.209s] Level 1:colcon.colcon_core.package_identification:_identify(.) by extensions ['ros']
[0.209s] Level 1:colcon.colcon_core.package_identification:_identify(.) by extension 'ros'
[0.219s] Level 1:colcon.colcon_core.package_identification:_identify(.) by extensions ['cmake', 'python']
[0.219s] Level 1:colcon.colcon_core.package_identification:_identify(.) by extension 'cmake'
[0.219s] Level 1:colcon.colcon_core.package_identification:_identify(.) by extension 'python'
[0.219s] Level 1:colcon.colcon_core.package_identification:_identify(.) by extensions ['python_setup_py']
[0.219s] Level 1:colcon.colcon_core.package_identification:_identify(.) by extension 'python_setup_py'
[0.219s] Level 1:colcon.colcon_core.package_identification:_identify(build) by extensions ['ignore', 'ignore_ament_install']
[0.219s] Level 1:colcon.colcon_core.package_identification:_identify(build) by extension 'ignore'
[0.219s] Level 1:colcon.colcon_core.package_identification:_identify(build) ignored
[0.219s] Level 1:colcon.colcon_core.package_identification:_identify(install) by extensions ['ignore', 'ignore_ament_install']
[0.219s] Level 1:colcon.colcon_core.package_identification:_identify(install) by extension 'ignore'
[0.219s] Level 1:colcon.colcon_core.package_identification:_identify(install) ignored
[0.219s] Level 1:colcon.colcon_core.package_identification:_identify(log) by extensions ['ignore', 'ignore_ament_install']
[0.219s] Level 1:colcon.colcon_core.package_identification:_identify(log) by extension 'ignore'
[0.220s] Level 1:colcon.colcon_core.package_identification:_identify(log) ignored
[0.220s] Level 1:colcon.colcon_core.package_identification:_identify(src) by extensions ['ignore', 'ignore_ament_install']
[0.220s] Level 1:colcon.colcon_core.package_identification:_identify(src) by extension 'ignore'
[0.220s] Level 1:colcon.colcon_core.package_identification:_identify(src) by extension 'ignore_ament_install'
[0.220s] Level 1:colcon.colcon_core.package_identification:_identify(src) by extensions ['colcon_pkg']
[0.220s] Level 1:colcon.colcon_core.package_identification:_identify(src) by extension 'colcon_pkg'
[0.220s] Level 1:colcon.colcon_core.package_identification:_identify(src) by extensions ['colcon_meta']
[0.220s] Level 1:colcon.colcon_core.package_identification:_identify(src) by extension 'colcon_meta'
[0.220s] Level 1:colcon.colcon_core.package_identification:_identify(src) by extensions ['ros']
[0.220s] Level 1:colcon.colcon_core.package_identification:_identify(src) by extension 'ros'
[0.220s] Level 1:colcon.colcon_core.package_identification:_identify(src) by extensions ['cmake', 'python']
[0.220s] Level 1:colcon.colcon_core.package_identification:_identify(src) by extension 'cmake'
[0.220s] Level 1:colcon.colcon_core.package_identification:_identify(src) by extension 'python'
[0.220s] Level 1:colcon.colcon_core.package_identification:_identify(src) by extensions ['python_setup_py']
[0.220s] Level 1:colcon.colcon_core.package_identification:_identify(src) by extension 'python_setup_py'
[0.220s] Level 1:colcon.colcon_core.package_identification:_identify(src/build) by extensions ['ignore', 'ignore_ament_install']
[0.220s] Level 1:colcon.colcon_core.package_identification:_identify(src/build) by extension 'ignore'
[0.220s] Level 1:colcon.colcon_core.package_identification:_identify(src/build) ignored
[0.220s] Level 1:colcon.colcon_core.package_identification:_identify(src/ds4_driver) by extensions ['ignore', 'ignore_ament_install']
[0.220s] Level 1:colcon.colcon_core.package_identification:_identify(src/ds4_driver) by extension 'ignore'
[0.220s] Level 1:colcon.colcon_core.package_identification:_identify(src/ds4_driver) by extension 'ignore_ament_install'
[0.220s] Level 1:colcon.colcon_core.package_identification:_identify(src/ds4_driver) by extensions ['colcon_pkg']
[0.220s] Level 1:colcon.colcon_core.package_identification:_identify(src/ds4_driver) by extension 'colcon_pkg'
[0.220s] Level 1:colcon.colcon_core.package_identification:_identify(src/ds4_driver) by extensions ['colcon_meta']
[0.220s] Level 1:colcon.colcon_core.package_identification:_identify(src/ds4_driver) by extension 'colcon_meta'
[0.221s] Level 1:colcon.colcon_core.package_identification:_identify(src/ds4_driver) by extensions ['ros']
[0.221s] Level 1:colcon.colcon_core.package_identification:_identify(src/ds4_driver) by extension 'ros'
[0.221s] Level 1:colcon.colcon_core.package_identification:_identify(src/ds4_driver) by extensions ['cmake', 'python']
[0.221s] Level 1:colcon.colcon_core.package_identification:_identify(src/ds4_driver) by extension 'cmake'
[0.221s] Level 1:colcon.colcon_core.package_identification:_identify(src/ds4_driver) by extension 'python'
[0.221s] Level 1:colcon.colcon_core.package_identification:_identify(src/ds4_driver) by extensions ['python_setup_py']
[0.221s] Level 1:colcon.colcon_core.package_identification:_identify(src/ds4_driver) by extension 'python_setup_py'
[0.221s] Level 1:colcon.colcon_core.package_identification:_identify(src/ds4_driver/docker) by extensions ['ignore', 'ignore_ament_install']
[0.221s] Level 1:colcon.colcon_core.package_identification:_identify(src/ds4_driver/docker) by extension 'ignore'
[0.221s] Level 1:colcon.colcon_core.package_identification:_identify(src/ds4_driver/docker) by extension 'ignore_ament_install'
[0.221s] Level 1:colcon.colcon_core.package_identification:_identify(src/ds4_driver/docker) by extensions ['colcon_pkg']
[0.221s] Level 1:colcon.colcon_core.package_identification:_identify(src/ds4_driver/docker) by extension 'colcon_pkg'
[0.221s] Level 1:colcon.colcon_core.package_identification:_identify(src/ds4_driver/docker) by extensions ['colcon_meta']
[0.221s] Level 1:colcon.colcon_core.package_identification:_identify(src/ds4_driver/docker) by extension 'colcon_meta'
[0.221s] Level 1:colcon.colcon_core.package_identification:_identify(src/ds4_driver/docker) by extensions ['ros']
[0.221s] Level 1:colcon.colcon_core.package_identification:_identify(src/ds4_driver/docker) by extension 'ros'
[0.221s] Level 1:colcon.colcon_core.package_identification:_identify(src/ds4_driver/docker) by extensions ['cmake', 'python']
[0.221s] Level 1:colcon.colcon_core.package_identification:_identify(src/ds4_driver/docker) by extension 'cmake'
[0.221s] Level 1:colcon.colcon_core.package_identification:_identify(src/ds4_driver/docker) by extension 'python'
[0.221s] Level 1:colcon.colcon_core.package_identification:_identify(src/ds4_driver/docker) by extensions ['python_setup_py']
[0.221s] Level 1:colcon.colcon_core.package_identification:_identify(src/ds4_driver/docker) by extension 'python_setup_py'
[0.221s] Level 1:colcon.colcon_core.package_identification:_identify(src/ds4_driver/ds4_driver) by extensions ['ignore', 'ignore_ament_install']
[0.221s] Level 1:colcon.colcon_core.package_identification:_identify(src/ds4_driver/ds4_driver) by extension 'ignore'
[0.221s] Level 1:colcon.colcon_core.package_identification:_identify(src/ds4_driver/ds4_driver) by extension 'ignore_ament_install'
[0.221s] Level 1:colcon.colcon_core.package_identification:_identify(src/ds4_driver/ds4_driver) by extensions ['colcon_pkg']
[0.222s] Level 1:colcon.colcon_core.package_identification:_identify(src/ds4_driver/ds4_driver) by extension 'colcon_pkg'
[0.222s] Level 1:colcon.colcon_core.package_identification:_identify(src/ds4_driver/ds4_driver) by extensions ['colcon_meta']
[0.222s] Level 1:colcon.colcon_core.package_identification:_identify(src/ds4_driver/ds4_driver) by extension 'colcon_meta'
[0.222s] Level 1:colcon.colcon_core.package_identification:_identify(src/ds4_driver/ds4_driver) by extensions ['ros']
[0.222s] Level 1:colcon.colcon_core.package_identification:_identify(src/ds4_driver/ds4_driver) by extension 'ros'
[0.224s] DEBUG:colcon.colcon_core.package_identification:Package 'src/ds4_driver/ds4_driver' with type 'ros.ament_cmake' and name 'ds4_driver'
[0.224s] Level 1:colcon.colcon_core.package_identification:_identify(src/ds4_driver/ds4_driver_msgs) by extensions ['ignore', 'ignore_ament_install']
[0.224s] Level 1:colcon.colcon_core.package_identification:_identify(src/ds4_driver/ds4_driver_msgs) by extension 'ignore'
[0.224s] Level 1:colcon.colcon_core.package_identification:_identify(src/ds4_driver/ds4_driver_msgs) by extension 'ignore_ament_install'
[0.224s] Level 1:colcon.colcon_core.package_identification:_identify(src/ds4_driver/ds4_driver_msgs) by extensions ['colcon_pkg']
[0.224s] Level 1:colcon.colcon_core.package_identification:_identify(src/ds4_driver/ds4_driver_msgs) by extension 'colcon_pkg'
[0.224s] Level 1:colcon.colcon_core.package_identification:_identify(src/ds4_driver/ds4_driver_msgs) by extensions ['colcon_meta']
[0.224s] Level 1:colcon.colcon_core.package_identification:_identify(src/ds4_driver/ds4_driver_msgs) by extension 'colcon_meta'
[0.224s] Level 1:colcon.colcon_core.package_identification:_identify(src/ds4_driver/ds4_driver_msgs) by extensions ['ros']
[0.224s] Level 1:colcon.colcon_core.package_identification:_identify(src/ds4_driver/ds4_driver_msgs) by extension 'ros'
[0.225s] DEBUG:colcon.colcon_core.package_identification:Package 'src/ds4_driver/ds4_driver_msgs' with type 'ros.ament_cmake' and name 'ds4_driver_msgs'
[0.225s] Level 1:colcon.colcon_core.package_identification:_identify(src/ds4drv) by extensions ['ignore', 'ignore_ament_install']
[0.225s] Level 1:colcon.colcon_core.package_identification:_identify(src/ds4drv) by extension 'ignore'
[0.225s] Level 1:colcon.colcon_core.package_identification:_identify(src/ds4drv) by extension 'ignore_ament_install'
[0.225s] Level 1:colcon.colcon_core.package_identification:_identify(src/ds4drv) by extensions ['colcon_pkg']
[0.225s] Level 1:colcon.colcon_core.package_identification:_identify(src/ds4drv) by extension 'colcon_pkg'
[0.225s] Level 1:colcon.colcon_core.package_identification:_identify(src/ds4drv) by extensions ['colcon_meta']
[0.225s] Level 1:colcon.colcon_core.package_identification:_identify(src/ds4drv) by extension 'colcon_meta'
[0.225s] Level 1:colcon.colcon_core.package_identification:_identify(src/ds4drv) by extensions ['ros']
[0.225s] Level 1:colcon.colcon_core.package_identification:_identify(src/ds4drv) by extension 'ros'
[0.225s] Level 1:colcon.colcon_core.package_identification:_identify(src/ds4drv) by extensions ['cmake', 'python']
[0.225s] Level 1:colcon.colcon_core.package_identification:_identify(src/ds4drv) by extension 'cmake'
[0.225s] Level 1:colcon.colcon_core.package_identification:_identify(src/ds4drv) by extension 'python'
[0.225s] DEBUG:colcon.colcon_core.package_identification:Python package in 'src/ds4drv' passes arguments to the setup() function which requires a different identification extension than 'python'
[0.225s] Level 1:colcon.colcon_core.package_identification:_identify(src/ds4drv) by extensions ['python_setup_py']
[0.225s] Level 1:colcon.colcon_core.package_identification:_identify(src/ds4drv) by extension 'python_setup_py'
[0.424s] DEBUG:colcon.colcon_core.package_identification:Package 'src/ds4drv' with type 'python' and name 'ds4drv'
[0.424s] Level 1:colcon.colcon_core.package_identification:_identify(src/install) by extensions ['ignore', 'ignore_ament_install']
[0.424s] Level 1:colcon.colcon_core.package_identification:_identify(src/install) by extension 'ignore'
[0.424s] Level 1:colcon.colcon_core.package_identification:_identify(src/install) ignored
[0.424s] Level 1:colcon.colcon_core.package_identification:_identify(src/log) by extensions ['ignore', 'ignore_ament_install']
[0.424s] Level 1:colcon.colcon_core.package_identification:_identify(src/log) by extension 'ignore'
[0.424s] Level 1:colcon.colcon_core.package_identification:_identify(src/log) ignored
[0.424s] Level 1:colcon.colcon_core.package_identification:_identify(src/subvision) by extensions ['ignore', 'ignore_ament_install']
[0.425s] Level 1:colcon.colcon_core.package_identification:_identify(src/subvision) by extension 'ignore'
[0.425s] Level 1:colcon.colcon_core.package_identification:_identify(src/subvision) by extension 'ignore_ament_install'
[0.425s] Level 1:colcon.colcon_core.package_identification:_identify(src/subvision) by extensions ['colcon_pkg']
[0.425s] Level 1:colcon.colcon_core.package_identification:_identify(src/subvision) by extension 'colcon_pkg'
[0.425s] Level 1:colcon.colcon_core.package_identification:_identify(src/subvision) by extensions ['colcon_meta']
[0.425s] Level 1:colcon.colcon_core.package_identification:_identify(src/subvision) by extension 'colcon_meta'
[0.425s] Level 1:colcon.colcon_core.package_identification:_identify(src/subvision) by extensions ['ros']
[0.425s] Level 1:colcon.colcon_core.package_identification:_identify(src/subvision) by extension 'ros'
[0.425s] DEBUG:colcon.colcon_core.package_identification:Package 'src/subvision' with type 'ros.ament_python' and name 'subvision'
[0.425s] Level 1:colcon.colcon_core.package_discovery:discover_packages(recursive) using defaults
[0.425s] Level 1:colcon.colcon_core.package_discovery:discover_packages(ignore) discover
[0.425s] Level 1:colcon.colcon_core.package_discovery:discover_packages(ignore) using defaults
[0.425s] Level 1:colcon.colcon_core.package_discovery:discover_packages(path) discover
[0.425s] Level 1:colcon.colcon_core.package_discovery:discover_packages(path) using defaults
[0.441s] Level 1:colcon.colcon_core.package_discovery:discover_packages(prefix_path) check parameters
[0.441s] Level 1:colcon.colcon_core.package_discovery:discover_packages(prefix_path) discover
[0.443s] DEBUG:colcon.colcon_installed_package_information.package_discovery:Found 4 installed packages in /home/joar/subvision_ws/install
[0.444s] DEBUG:colcon.colcon_installed_package_information.package_discovery:Found 270 installed packages in /opt/ros/humble
[0.446s] Level 1:colcon.colcon_core.package_discovery:discover_packages(prefix_path) using defaults
[0.486s] Level 5:colcon.colcon_core.verb:set package 'ds4_driver_msgs' build argument 'cmake_args' from command line to 'None'
[0.486s] Level 5:colcon.colcon_core.verb:set package 'ds4_driver_msgs' build argument 'cmake_target' from command line to 'None'
[0.486s] Level 5:colcon.colcon_core.verb:set package 'ds4_driver_msgs' build argument 'cmake_target_skip_unavailable' from command line to 'False'
[0.486s] Level 5:colcon.colcon_core.verb:set package 'ds4_driver_msgs' build argument 'cmake_clean_cache' from command line to 'False'
[0.486s] Level 5:colcon.colcon_core.verb:set package 'ds4_driver_msgs' build argument 'cmake_clean_first' from command line to 'False'
[0.486s] Level 5:colcon.colcon_core.verb:set package 'ds4_driver_msgs' build argument 'cmake_force_configure' from command line to 'False'
[0.486s] Level 5:colcon.colcon_core.verb:set package 'ds4_driver_msgs' build argument 'ament_cmake_args' from command line to 'None'
[0.486s] Level 5:colcon.colcon_core.verb:set package 'ds4_driver_msgs' build argument 'catkin_cmake_args' from command line to 'None'
[0.486s] Level 5:colcon.colcon_core.verb:set package 'ds4_driver_msgs' build argument 'catkin_skip_building_tests' from command line to 'False'
[0.486s] DEBUG:colcon.colcon_core.verb:Building package 'ds4_driver_msgs' with the following arguments: {'ament_cmake_args': None, 'build_base': '/home/joar/subvision_ws/build/ds4_driver_msgs', 'catkin_cmake_args': None, 'catkin_skip_building_tests': False, 'cmake_args': None, 'cmake_clean_cache': False, 'cmake_clean_first': False, 'cmake_force_configure': False, 'cmake_target': None, 'cmake_target_skip_unavailable': False, 'install_base': '/home/joar/subvision_ws/install/ds4_driver_msgs', 'merge_install': False, 'path': '/home/joar/subvision_ws/src/ds4_driver/ds4_driver_msgs', 'symlink_install': False, 'test_result_base': None}
[0.487s] Level 5:colcon.colcon_core.verb:set package 'ds4drv' build argument 'cmake_args' from command line to 'None'
[0.487s] Level 5:colcon.colcon_core.verb:set package 'ds4drv' build argument 'cmake_target' from command line to 'None'
[0.487s] Level 5:colcon.colcon_core.verb:set package 'ds4drv' build argument 'cmake_target_skip_unavailable' from command line to 'False'
[0.487s] Level 5:colcon.colcon_core.verb:set package 'ds4drv' build argument 'cmake_clean_cache' from command line to 'False'
[0.487s] Level 5:colcon.colcon_core.verb:set package 'ds4drv' build argument 'cmake_clean_first' from command line to 'False'
[0.487s] Level 5:colcon.colcon_core.verb:set package 'ds4drv' build argument 'cmake_force_configure' from command line to 'False'
[0.487s] Level 5:colcon.colcon_core.verb:set package 'ds4drv' build argument 'ament_cmake_args' from command line to 'None'
[0.487s] Level 5:colcon.colcon_core.verb:set package 'ds4drv' build argument 'catkin_cmake_args' from command line to 'None'
[0.487s] Level 5:colcon.colcon_core.verb:set package 'ds4drv' build argument 'catkin_skip_building_tests' from command line to 'False'
[0.487s] DEBUG:colcon.colcon_core.verb:Building package 'ds4drv' with the following arguments: {'ament_cmake_args': None, 'build_base': '/home/joar/subvision_ws/build/ds4drv', 'catkin_cmake_args': None, 'catkin_skip_building_tests': False, 'cmake_args': None, 'cmake_clean_cache': False, 'cmake_clean_first': False, 'cmake_force_configure': False, 'cmake_target': None, 'cmake_target_skip_unavailable': False, 'install_base': '/home/joar/subvision_ws/install/ds4drv', 'merge_install': False, 'path': '/home/joar/subvision_ws/src/ds4drv', 'symlink_install': False, 'test_result_base': None}
[0.487s] Level 5:colcon.colcon_core.verb:set package 'subvision' build argument 'cmake_args' from command line to 'None'
[0.487s] Level 5:colcon.colcon_core.verb:set package 'subvision' build argument 'cmake_target' from command line to 'None'
[0.487s] Level 5:colcon.colcon_core.verb:set package 'subvision' build argument 'cmake_target_skip_unavailable' from command line to 'False'
[0.487s] Level 5:colcon.colcon_core.verb:set package 'subvision' build argument 'cmake_clean_cache' from command line to 'False'
[0.487s] Level 5:colcon.colcon_core.verb:set package 'subvision' build argument 'cmake_clean_first' from command line to 'False'
[0.487s] Level 5:colcon.colcon_core.verb:set package 'subvision' build argument 'cmake_force_configure' from command line to 'False'
[0.487s] Level 5:colcon.colcon_core.verb:set package 'subvision' build argument 'ament_cmake_args' from command line to 'None'
[0.487s] Level 5:colcon.colcon_core.verb:set package 'subvision' build argument 'catkin_cmake_args' from command line to 'None'
[0.487s] Level 5:colcon.colcon_core.verb:set package 'subvision' build argument 'catkin_skip_building_tests' from command line to 'False'
[0.487s] DEBUG:colcon.colcon_core.verb:Building package 'subvision' with the following arguments: {'ament_cmake_args': None, 'build_base': '/home/joar/subvision_ws/build/subvision', 'catkin_cmake_args': None, 'catkin_skip_building_tests': False, 'cmake_args': None, 'cmake_clean_cache': False, 'cmake_clean_first': False, 'cmake_force_configure': False, 'cmake_target': None, 'cmake_target_skip_unavailable': False, 'install_base': '/home/joar/subvision_ws/install/subvision', 'merge_install': False, 'path': '/home/joar/subvision_ws/src/subvision', 'symlink_install': False, 'test_result_base': None}
[0.488s] Level 5:colcon.colcon_core.verb:set package 'ds4_driver' build argument 'cmake_args' from command line to 'None'
[0.488s] Level 5:colcon.colcon_core.verb:set package 'ds4_driver' build argument 'cmake_target' from command line to 'None'
[0.488s] Level 5:colcon.colcon_core.verb:set package 'ds4_driver' build argument 'cmake_target_skip_unavailable' from command line to 'False'
[0.488s] Level 5:colcon.colcon_core.verb:set package 'ds4_driver' build argument 'cmake_clean_cache' from command line to 'False'
[0.488s] Level 5:colcon.colcon_core.verb:set package 'ds4_driver' build argument 'cmake_clean_first' from command line to 'False'
[0.488s] Level 5:colcon.colcon_core.verb:set package 'ds4_driver' build argument 'cmake_force_configure' from command line to 'False'
[0.488s] Level 5:colcon.colcon_core.verb:set package 'ds4_driver' build argument 'ament_cmake_args' from command line to 'None'
[0.488s] Level 5:colcon.colcon_core.verb:set package 'ds4_driver' build argument 'catkin_cmake_args' from command line to 'None'
[0.488s] Level 5:colcon.colcon_core.verb:set package 'ds4_driver' build argument 'catkin_skip_building_tests' from command line to 'False'
[0.488s] DEBUG:colcon.colcon_core.verb:Building package 'ds4_driver' with the following arguments: {'ament_cmake_args': None, 'build_base': '/home/joar/subvision_ws/build/ds4_driver', 'catkin_cmake_args': None, 'catkin_skip_building_tests': False, 'cmake_args': None, 'cmake_clean_cache': False, 'cmake_clean_first': False, 'cmake_force_configure': False, 'cmake_target': None, 'cmake_target_skip_unavailable': False, 'install_base': '/home/joar/subvision_ws/install/ds4_driver', 'merge_install': False, 'path': '/home/joar/subvision_ws/src/ds4_driver/ds4_driver', 'symlink_install': False, 'test_result_base': None}
[0.488s] INFO:colcon.colcon_core.executor:Executing jobs using 'parallel' executor
[0.489s] DEBUG:colcon.colcon_parallel_executor.executor.parallel:run_until_complete
[0.489s] INFO:colcon.colcon_ros.task.ament_cmake.build:Building ROS package in '/home/joar/subvision_ws/src/ds4_driver/ds4_driver_msgs' with build type 'ament_cmake'
[0.489s] INFO:colcon.colcon_cmake.task.cmake.build:Building CMake package in '/home/joar/subvision_ws/src/ds4_driver/ds4_driver_msgs'
[0.491s] INFO:colcon.colcon_core.plugin_system:Skipping extension 'colcon_core.shell.bat': Not used on non-Windows systems
[0.491s] INFO:colcon.colcon_core.shell:Skip shell extension 'powershell' for command environment: Not usable outside of PowerShell
[0.491s] DEBUG:colcon.colcon_core.shell:Skip shell extension 'dsv' for command environment
[0.494s] INFO:colcon.colcon_core.task.python.build:Building Python package in '/home/joar/subvision_ws/src/ds4drv'
[0.495s] INFO:colcon.colcon_core.shell:Skip shell extension 'powershell' for command environment: Not usable outside of PowerShell
[0.495s] DEBUG:colcon.colcon_core.shell:Skip shell extension 'dsv' for command environment
[0.497s] INFO:colcon.colcon_ros.task.ament_python.build:Building ROS package in '/home/joar/subvision_ws/src/subvision' with build type 'ament_python'
[0.498s] Level 1:colcon.colcon_core.shell:create_environment_hook('subvision', 'ament_prefix_path')
[0.498s] INFO:colcon.colcon_core.shell:Creating environment hook '/home/joar/subvision_ws/install/subvision/share/subvision/hook/ament_prefix_path.ps1'
[0.498s] INFO:colcon.colcon_core.shell:Creating environment descriptor '/home/joar/subvision_ws/install/subvision/share/subvision/hook/ament_prefix_path.dsv'
[0.499s] INFO:colcon.colcon_core.shell:Creating environment hook '/home/joar/subvision_ws/install/subvision/share/subvision/hook/ament_prefix_path.sh'
[0.500s] INFO:colcon.colcon_core.shell:Skip shell extension 'powershell' for command environment: Not usable outside of PowerShell
[0.500s] DEBUG:colcon.colcon_core.shell:Skip shell extension 'dsv' for command environment
[0.507s] DEBUG:colcon.colcon_core.event_handler.log_command:Invoking command in '/home/joar/subvision_ws/build/ds4_driver_msgs': CMAKE_PREFIX_PATH=${CMAKE_PREFIX_PATH}:/home/joar/subvision_ws/install/subvision:/opt/ros/humble /usr/bin/cmake --build /home/joar/subvision_ws/build/ds4_driver_msgs -- -j16 -l16
[0.962s] INFO:colcon.colcon_core.task.python.build:Building Python package in '/home/joar/subvision_ws/src/subvision'
[0.963s] INFO:colcon.colcon_core.shell:Skip shell extension 'powershell' for command environment: Not usable outside of PowerShell
[0.963s] DEBUG:colcon.colcon_core.shell:Skip shell extension 'dsv' for command environment
[0.969s] DEBUG:colcon.colcon_core.event_handler.log_command:Invoked command in '/home/joar/subvision_ws/build/ds4_driver_msgs' returned '0': CMAKE_PREFIX_PATH=${CMAKE_PREFIX_PATH}:/home/joar/subvision_ws/install/subvision:/opt/ros/humble /usr/bin/cmake --build /home/joar/subvision_ws/build/ds4_driver_msgs -- -j16 -l16
[1.042s] DEBUG:colcon.colcon_core.event_handler.log_command:Invoking command in '/home/joar/subvision_ws/src/ds4drv': PYTHONPATH=/home/joar/subvision_ws/build/ds4drv/prefix_override:/usr/lib/python3/dist-packages/colcon_core/task/python/colcon_distutils_commands:/home/joar/subvision_ws/install/ds4drv/lib/python3.10/site-packages:${PYTHONPATH} /usr/bin/python3 -W ignore:setup.py install is deprecated setup.py egg_info --egg-base ../../build/ds4drv build --build-base /home/joar/subvision_ws/build/ds4drv/build install --record /home/joar/subvision_ws/build/ds4drv/install.log --single-version-externally-managed
[1.127s] DEBUG:colcon.colcon_core.event_handler.log_command:Invoking command in '/home/joar/subvision_ws/build/ds4_driver_msgs': CMAKE_PREFIX_PATH=${CMAKE_PREFIX_PATH}:/home/joar/subvision_ws/install/subvision:/opt/ros/humble /usr/bin/cmake --install /home/joar/subvision_ws/build/ds4_driver_msgs
[1.191s] Level 1:colcon.colcon_core.environment:create_environment_scripts_only(ds4_driver_msgs)
[1.192s] DEBUG:colcon.colcon_core.event_handler.log_command:Invoked command in '/home/joar/subvision_ws/build/ds4_driver_msgs' returned '0': CMAKE_PREFIX_PATH=${CMAKE_PREFIX_PATH}:/home/joar/subvision_ws/install/subvision:/opt/ros/humble /usr/bin/cmake --install /home/joar/subvision_ws/build/ds4_driver_msgs
[1.194s] Level 1:colcon.colcon_core.environment:checking '/home/joar/subvision_ws/install/ds4_driver_msgs' for CMake module files
[1.195s] Level 1:colcon.colcon_core.environment:checking '/home/joar/subvision_ws/install/ds4_driver_msgs' for CMake config files
[1.196s] Level 1:colcon.colcon_core.shell:create_environment_hook('ds4_driver_msgs', 'cmake_prefix_path')
[1.196s] INFO:colcon.colcon_core.shell:Creating environment hook '/home/joar/subvision_ws/install/ds4_driver_msgs/share/ds4_driver_msgs/hook/cmake_prefix_path.ps1'
[1.196s] INFO:colcon.colcon_core.shell:Creating environment descriptor '/home/joar/subvision_ws/install/ds4_driver_msgs/share/ds4_driver_msgs/hook/cmake_prefix_path.dsv'
[1.197s] INFO:colcon.colcon_core.shell:Creating environment hook '/home/joar/subvision_ws/install/ds4_driver_msgs/share/ds4_driver_msgs/hook/cmake_prefix_path.sh'
[1.197s] Level 1:colcon.colcon_core.environment:checking '/home/joar/subvision_ws/install/ds4_driver_msgs/lib'
[1.198s] Level 1:colcon.colcon_core.shell:create_environment_hook('ds4_driver_msgs', 'ld_library_path_lib')
[1.198s] INFO:colcon.colcon_core.shell:Creating environment hook '/home/joar/subvision_ws/install/ds4_driver_msgs/share/ds4_driver_msgs/hook/ld_library_path_lib.ps1'
[1.198s] INFO:colcon.colcon_core.shell:Creating environment descriptor '/home/joar/subvision_ws/install/ds4_driver_msgs/share/ds4_driver_msgs/hook/ld_library_path_lib.dsv'
[1.199s] INFO:colcon.colcon_core.shell:Creating environment hook '/home/joar/subvision_ws/install/ds4_driver_msgs/share/ds4_driver_msgs/hook/ld_library_path_lib.sh'
[1.199s] Level 1:colcon.colcon_core.environment:checking '/home/joar/subvision_ws/install/ds4_driver_msgs/bin'
[1.199s] Level 1:colcon.colcon_core.environment:checking '/home/joar/subvision_ws/install/ds4_driver_msgs/lib/pkgconfig/ds4_driver_msgs.pc'
[1.200s] Level 1:colcon.colcon_core.environment:checking '/home/joar/subvision_ws/install/ds4_driver_msgs/lib/python3.10/site-packages'
[1.200s] Level 1:colcon.colcon_core.environment:checking '/home/joar/subvision_ws/install/ds4_driver_msgs/bin'
[1.200s] INFO:colcon.colcon_core.shell:Creating package script '/home/joar/subvision_ws/install/ds4_driver_msgs/share/ds4_driver_msgs/package.ps1'
[1.201s] INFO:colcon.colcon_core.shell:Creating package descriptor '/home/joar/subvision_ws/install/ds4_driver_msgs/share/ds4_driver_msgs/package.dsv'
[1.202s] INFO:colcon.colcon_core.shell:Creating package script '/home/joar/subvision_ws/install/ds4_driver_msgs/share/ds4_driver_msgs/package.sh'
[1.203s] INFO:colcon.colcon_core.shell:Creating package script '/home/joar/subvision_ws/install/ds4_driver_msgs/share/ds4_driver_msgs/package.bash'
[1.203s] INFO:colcon.colcon_core.shell:Creating package script '/home/joar/subvision_ws/install/ds4_driver_msgs/share/ds4_driver_msgs/package.zsh'
[1.204s] Level 1:colcon.colcon_core.environment:create_file_with_runtime_dependencies(/home/joar/subvision_ws/install/ds4_driver_msgs/share/colcon-core/packages/ds4_driver_msgs)
[1.312s] DEBUG:colcon.colcon_core.event_handler.log_command:Invoking command in '/home/joar/subvision_ws/src/subvision': PYTHONPATH=/home/joar/subvision_ws/build/subvision/prefix_override:/usr/lib/python3/dist-packages/colcon_core/task/python/colcon_distutils_commands:/home/joar/subvision_ws/install/subvision/lib/python3.10/site-packages:${PYTHONPATH} /usr/bin/python3 -W ignore:setup.py install is deprecated setup.py egg_info --egg-base ../../build/subvision build --build-base /home/joar/subvision_ws/build/subvision/build install --record /home/joar/subvision_ws/build/subvision/install.log --single-version-externally-managed install_data
[1.353s] Level 1:colcon.colcon_core.environment:checking '/home/joar/subvision_ws/install/ds4drv' for CMake module files
[1.353s] DEBUG:colcon.colcon_core.event_handler.log_command:Invoked command in '/home/joar/subvision_ws/src/ds4drv' returned '0': PYTHONPATH=/home/joar/subvision_ws/build/ds4drv/prefix_override:/usr/lib/python3/dist-packages/colcon_core/task/python/colcon_distutils_commands:/home/joar/subvision_ws/install/ds4drv/lib/python3.10/site-packages:${PYTHONPATH} /usr/bin/python3 -W ignore:setup.py install is deprecated setup.py egg_info --egg-base ../../build/ds4drv build --build-base /home/joar/subvision_ws/build/ds4drv/build install --record /home/joar/subvision_ws/build/ds4drv/install.log --single-version-externally-managed
[1.353s] Level 1:colcon.colcon_core.environment:checking '/home/joar/subvision_ws/install/ds4drv' for CMake config files
[1.354s] Level 1:colcon.colcon_core.environment:checking '/home/joar/subvision_ws/install/ds4drv/lib'
[1.354s] Level 1:colcon.colcon_core.environment:checking '/home/joar/subvision_ws/install/ds4drv/bin'
[1.354s] Level 1:colcon.colcon_core.shell:create_environment_hook('ds4drv', 'path')
[1.355s] INFO:colcon.colcon_core.shell:Creating environment hook '/home/joar/subvision_ws/install/ds4drv/share/ds4drv/hook/path.ps1'
[1.355s] INFO:colcon.colcon_core.shell:Creating environment descriptor '/home/joar/subvision_ws/install/ds4drv/share/ds4drv/hook/path.dsv'
[1.356s] INFO:colcon.colcon_core.shell:Creating environment hook '/home/joar/subvision_ws/install/ds4drv/share/ds4drv/hook/path.sh'
[1.356s] Level 1:colcon.colcon_core.environment:checking '/home/joar/subvision_ws/install/ds4drv/lib/pkgconfig/ds4drv.pc'
[1.356s] Level 1:colcon.colcon_core.environment:checking '/home/joar/subvision_ws/install/ds4drv/lib/python3.10/site-packages'
[1.356s] Level 1:colcon.colcon_core.shell:create_environment_hook('ds4drv', 'pythonpath')
[1.357s] INFO:colcon.colcon_core.shell:Creating environment hook '/home/joar/subvision_ws/install/ds4drv/share/ds4drv/hook/pythonpath.ps1'
[1.357s] INFO:colcon.colcon_core.shell:Creating environment descriptor '/home/joar/subvision_ws/install/ds4drv/share/ds4drv/hook/pythonpath.dsv'
[1.357s] INFO:colcon.colcon_core.shell:Creating environment hook '/home/joar/subvision_ws/install/ds4drv/share/ds4drv/hook/pythonpath.sh'
[1.358s] Level 1:colcon.colcon_core.environment:checking '/home/joar/subvision_ws/install/ds4drv/bin'
[1.358s] Level 1:colcon.colcon_core.shell:create_environment_hook('ds4drv', 'pythonscriptspath')
[1.358s] INFO:colcon.colcon_core.shell:Creating environment hook '/home/joar/subvision_ws/install/ds4drv/share/ds4drv/hook/pythonscriptspath.ps1'
[1.359s] INFO:colcon.colcon_core.shell:Creating environment descriptor '/home/joar/subvision_ws/install/ds4drv/share/ds4drv/hook/pythonscriptspath.dsv'
[1.359s] INFO:colcon.colcon_core.shell:Creating environment hook '/home/joar/subvision_ws/install/ds4drv/share/ds4drv/hook/pythonscriptspath.sh'
[1.360s] Level 1:colcon.colcon_core.environment:create_environment_scripts_only(ds4drv)
[1.360s] INFO:colcon.colcon_core.shell:Creating package script '/home/joar/subvision_ws/install/ds4drv/share/ds4drv/package.ps1'
[1.361s] INFO:colcon.colcon_core.shell:Creating package descriptor '/home/joar/subvision_ws/install/ds4drv/share/ds4drv/package.dsv'
[1.361s] INFO:colcon.colcon_core.shell:Creating package script '/home/joar/subvision_ws/install/ds4drv/share/ds4drv/package.sh'
[1.362s] INFO:colcon.colcon_core.shell:Creating package script '/home/joar/subvision_ws/install/ds4drv/share/ds4drv/package.bash'
[1.363s] INFO:colcon.colcon_core.shell:Creating package script '/home/joar/subvision_ws/install/ds4drv/share/ds4drv/package.zsh'
[1.363s] Level 1:colcon.colcon_core.environment:create_file_with_runtime_dependencies(/home/joar/subvision_ws/install/ds4drv/share/colcon-core/packages/ds4drv)
[1.367s] Level 1:colcon.colcon_core.environment:create_environment_scripts_only(ds4_driver_msgs)
[1.367s] Level 1:colcon.colcon_core.environment:checking '/home/joar/subvision_ws/install/ds4_driver_msgs' for CMake module files
[1.367s] Level 1:colcon.colcon_core.environment:checking '/home/joar/subvision_ws/install/ds4_driver_msgs' for CMake config files
[1.368s] Level 1:colcon.colcon_core.shell:create_environment_hook('ds4_driver_msgs', 'cmake_prefix_path')
[1.368s] INFO:colcon.colcon_core.shell:Creating environment hook '/home/joar/subvision_ws/install/ds4_driver_msgs/share/ds4_driver_msgs/hook/cmake_prefix_path.ps1'
[1.369s] INFO:colcon.colcon_core.shell:Creating environment descriptor '/home/joar/subvision_ws/install/ds4_driver_msgs/share/ds4_driver_msgs/hook/cmake_prefix_path.dsv'
[1.369s] INFO:colcon.colcon_core.shell:Creating environment hook '/home/joar/subvision_ws/install/ds4_driver_msgs/share/ds4_driver_msgs/hook/cmake_prefix_path.sh'
[1.370s] Level 1:colcon.colcon_core.environment:checking '/home/joar/subvision_ws/install/ds4_driver_msgs/lib'
[1.370s] Level 1:colcon.colcon_core.shell:create_environment_hook('ds4_driver_msgs', 'ld_library_path_lib')
[1.370s] INFO:colcon.colcon_core.shell:Creating environment hook '/home/joar/subvision_ws/install/ds4_driver_msgs/share/ds4_driver_msgs/hook/ld_library_path_lib.ps1'
[1.370s] INFO:colcon.colcon_core.shell:Creating environment descriptor '/home/joar/subvision_ws/install/ds4_driver_msgs/share/ds4_driver_msgs/hook/ld_library_path_lib.dsv'
[1.371s] INFO:colcon.colcon_core.shell:Creating environment hook '/home/joar/subvision_ws/install/ds4_driver_msgs/share/ds4_driver_msgs/hook/ld_library_path_lib.sh'
[1.371s] Level 1:colcon.colcon_core.environment:checking '/home/joar/subvision_ws/install/ds4_driver_msgs/bin'
[1.371s] Level 1:colcon.colcon_core.environment:checking '/home/joar/subvision_ws/install/ds4_driver_msgs/lib/pkgconfig/ds4_driver_msgs.pc'
[1.371s] Level 1:colcon.colcon_core.environment:checking '/home/joar/subvision_ws/install/ds4_driver_msgs/lib/python3.10/site-packages'
[1.371s] Level 1:colcon.colcon_core.environment:checking '/home/joar/subvision_ws/install/ds4_driver_msgs/bin'
[1.372s] INFO:colcon.colcon_core.shell:Creating package script '/home/joar/subvision_ws/install/ds4_driver_msgs/share/ds4_driver_msgs/package.ps1'
[1.372s] INFO:colcon.colcon_core.shell:Creating package descriptor '/home/joar/subvision_ws/install/ds4_driver_msgs/share/ds4_driver_msgs/package.dsv'
[1.373s] INFO:colcon.colcon_core.shell:Creating package script '/home/joar/subvision_ws/install/ds4_driver_msgs/share/ds4_driver_msgs/package.sh'
[1.373s] INFO:colcon.colcon_core.shell:Creating package script '/home/joar/subvision_ws/install/ds4_driver_msgs/share/ds4_driver_msgs/package.bash'
[1.374s] INFO:colcon.colcon_core.shell:Creating package script '/home/joar/subvision_ws/install/ds4_driver_msgs/share/ds4_driver_msgs/package.zsh'
[1.374s] Level 1:colcon.colcon_core.environment:create_file_with_runtime_dependencies(/home/joar/subvision_ws/install/ds4_driver_msgs/share/colcon-core/packages/ds4_driver_msgs)
[1.375s] INFO:colcon.colcon_ros.task.ament_cmake.build:Building ROS package in '/home/joar/subvision_ws/src/ds4_driver/ds4_driver' with build type 'ament_cmake'
[1.375s] INFO:colcon.colcon_cmake.task.cmake.build:Building CMake package in '/home/joar/subvision_ws/src/ds4_driver/ds4_driver'
[1.375s] INFO:colcon.colcon_core.shell:Skip shell extension 'powershell' for command environment: Not usable outside of PowerShell
[1.375s] DEBUG:colcon.colcon_core.shell:Skip shell extension 'dsv' for command environment
[1.388s] DEBUG:colcon.colcon_core.event_handler.log_command:Invoking command in '/home/joar/subvision_ws/build/ds4_driver': CMAKE_PREFIX_PATH=/home/joar/subvision_ws/install/ds4_driver_msgs:/home/joar/subvision_ws/install/ds4_driver:/home/joar/subvision_ws/install/subvision:/opt/ros/humble /usr/bin/cmake --build /home/joar/subvision_ws/build/ds4_driver -- -j16 -l16
[1.612s] Level 1:colcon.colcon_core.environment:checking '/home/joar/subvision_ws/install/subvision' for CMake module files
[1.613s] DEBUG:colcon.colcon_core.event_handler.log_command:Invoked command in '/home/joar/subvision_ws/src/subvision' returned '0': PYTHONPATH=/home/joar/subvision_ws/build/subvision/prefix_override:/usr/lib/python3/dist-packages/colcon_core/task/python/colcon_distutils_commands:/home/joar/subvision_ws/install/subvision/lib/python3.10/site-packages:${PYTHONPATH} /usr/bin/python3 -W ignore:setup.py install is deprecated setup.py egg_info --egg-base ../../build/subvision build --build-base /home/joar/subvision_ws/build/subvision/build install --record /home/joar/subvision_ws/build/subvision/install.log --single-version-externally-managed install_data
[1.613s] Level 1:colcon.colcon_core.environment:checking '/home/joar/subvision_ws/install/subvision' for CMake config files
[1.614s] Level 1:colcon.colcon_core.environment:checking '/home/joar/subvision_ws/install/subvision/lib'
[1.614s] Level 1:colcon.colcon_core.environment:checking '/home/joar/subvision_ws/install/subvision/bin'
[1.614s] Level 1:colcon.colcon_core.environment:checking '/home/joar/subvision_ws/install/subvision/lib/pkgconfig/subvision.pc'
[1.614s] Level 1:colcon.colcon_core.environment:checking '/home/joar/subvision_ws/install/subvision/lib/python3.10/site-packages'
[1.614s] Level 1:colcon.colcon_core.shell:create_environment_hook('subvision', 'pythonpath')
[1.614s] INFO:colcon.colcon_core.shell:Creating environment hook '/home/joar/subvision_ws/install/subvision/share/subvision/hook/pythonpath.ps1'
[1.615s] INFO:colcon.colcon_core.shell:Creating environment descriptor '/home/joar/subvision_ws/install/subvision/share/subvision/hook/pythonpath.dsv'
[1.615s] INFO:colcon.colcon_core.shell:Creating environment hook '/home/joar/subvision_ws/install/subvision/share/subvision/hook/pythonpath.sh'
[1.616s] Level 1:colcon.colcon_core.environment:checking '/home/joar/subvision_ws/install/subvision/bin'
[1.616s] Level 1:colcon.colcon_core.environment:create_environment_scripts_only(subvision)
[1.616s] INFO:colcon.colcon_core.shell:Creating package script '/home/joar/subvision_ws/install/subvision/share/subvision/package.ps1'
[1.617s] INFO:colcon.colcon_core.shell:Creating package descriptor '/home/joar/subvision_ws/install/subvision/share/subvision/package.dsv'
[1.618s] INFO:colcon.colcon_core.shell:Creating package script '/home/joar/subvision_ws/install/subvision/share/subvision/package.sh'
[1.619s] INFO:colcon.colcon_core.shell:Creating package script '/home/joar/subvision_ws/install/subvision/share/subvision/package.bash'
[1.619s] INFO:colcon.colcon_core.shell:Creating package script '/home/joar/subvision_ws/install/subvision/share/subvision/package.zsh'
[1.620s] Level 1:colcon.colcon_core.environment:create_file_with_runtime_dependencies(/home/joar/subvision_ws/install/subvision/share/colcon-core/packages/subvision)
[1.738s] DEBUG:colcon.colcon_core.event_handler.log_command:Invoked command in '/home/joar/subvision_ws/build/ds4_driver' returned '0': CMAKE_PREFIX_PATH=/home/joar/subvision_ws/install/ds4_driver_msgs:/home/joar/subvision_ws/install/ds4_driver:/home/joar/subvision_ws/install/subvision:/opt/ros/humble /usr/bin/cmake --build /home/joar/subvision_ws/build/ds4_driver -- -j16 -l16
[1.769s] DEBUG:colcon.colcon_core.event_handler.log_command:Invoking command in '/home/joar/subvision_ws/build/ds4_driver': CMAKE_PREFIX_PATH=/home/joar/subvision_ws/install/ds4_driver_msgs:/home/joar/subvision_ws/install/ds4_driver:/home/joar/subvision_ws/install/subvision:/opt/ros/humble /usr/bin/cmake --install /home/joar/subvision_ws/build/ds4_driver
[1.815s] Level 1:colcon.colcon_core.environment:create_environment_scripts_only(ds4_driver)
[1.815s] Level 1:colcon.colcon_core.environment:checking '/home/joar/subvision_ws/install/ds4_driver' for CMake module files
[1.815s] DEBUG:colcon.colcon_core.event_handler.log_command:Invoked command in '/home/joar/subvision_ws/build/ds4_driver' returned '0': CMAKE_PREFIX_PATH=/home/joar/subvision_ws/install/ds4_driver_msgs:/home/joar/subvision_ws/install/ds4_driver:/home/joar/subvision_ws/install/subvision:/opt/ros/humble /usr/bin/cmake --install /home/joar/subvision_ws/build/ds4_driver
[1.816s] Level 1:colcon.colcon_core.environment:checking '/home/joar/subvision_ws/install/ds4_driver' for CMake config files
[1.816s] Level 1:colcon.colcon_core.shell:create_environment_hook('ds4_driver', 'cmake_prefix_path')
[1.817s] INFO:colcon.colcon_core.shell:Creating environment hook '/home/joar/subvision_ws/install/ds4_driver/share/ds4_driver/hook/cmake_prefix_path.ps1'
[1.818s] INFO:colcon.colcon_core.shell:Creating environment descriptor '/home/joar/subvision_ws/install/ds4_driver/share/ds4_driver/hook/cmake_prefix_path.dsv'
[1.819s] INFO:colcon.colcon_core.shell:Creating environment hook '/home/joar/subvision_ws/install/ds4_driver/share/ds4_driver/hook/cmake_prefix_path.sh'
[1.820s] Level 1:colcon.colcon_core.environment:checking '/home/joar/subvision_ws/install/ds4_driver/lib'
[1.821s] Level 1:colcon.colcon_core.environment:checking '/home/joar/subvision_ws/install/ds4_driver/bin'
[1.821s] Level 1:colcon.colcon_core.environment:checking '/home/joar/subvision_ws/install/ds4_driver/lib/pkgconfig/ds4_driver.pc'
[1.821s] Level 1:colcon.colcon_core.environment:checking '/home/joar/subvision_ws/install/ds4_driver/lib/python3.10/site-packages'
[1.821s] Level 1:colcon.colcon_core.environment:checking '/home/joar/subvision_ws/install/ds4_driver/bin'
[1.822s] INFO:colcon.colcon_core.shell:Creating package script '/home/joar/subvision_ws/install/ds4_driver/share/ds4_driver/package.ps1'
[1.822s] INFO:colcon.colcon_core.shell:Creating package descriptor '/home/joar/subvision_ws/install/ds4_driver/share/ds4_driver/package.dsv'
[1.823s] INFO:colcon.colcon_core.shell:Creating package script '/home/joar/subvision_ws/install/ds4_driver/share/ds4_driver/package.sh'
[1.823s] INFO:colcon.colcon_core.shell:Creating package script '/home/joar/subvision_ws/install/ds4_driver/share/ds4_driver/package.bash'
[1.824s] INFO:colcon.colcon_core.shell:Creating package script '/home/joar/subvision_ws/install/ds4_driver/share/ds4_driver/package.zsh'
[1.825s] Level 1:colcon.colcon_core.environment:create_file_with_runtime_dependencies(/home/joar/subvision_ws/install/ds4_driver/share/colcon-core/packages/ds4_driver)
[1.856s] Level 1:colcon.colcon_core.environment:create_environment_scripts_only(ds4_driver)
[1.856s] Level 1:colcon.colcon_core.environment:checking '/home/joar/subvision_ws/install/ds4_driver' for CMake module files
[1.857s] Level 1:colcon.colcon_core.environment:checking '/home/joar/subvision_ws/install/ds4_driver' for CMake config files
[1.857s] Level 1:colcon.colcon_core.shell:create_environment_hook('ds4_driver', 'cmake_prefix_path')
[1.858s] INFO:colcon.colcon_core.shell:Creating environment hook '/home/joar/subvision_ws/install/ds4_driver/share/ds4_driver/hook/cmake_prefix_path.ps1'
[1.858s] INFO:colcon.colcon_core.shell:Creating environment descriptor '/home/joar/subvision_ws/install/ds4_driver/share/ds4_driver/hook/cmake_prefix_path.dsv'
[1.858s] INFO:colcon.colcon_core.shell:Creating environment hook '/home/joar/subvision_ws/install/ds4_driver/share/ds4_driver/hook/cmake_prefix_path.sh'
[1.859s] Level 1:colcon.colcon_core.environment:checking '/home/joar/subvision_ws/install/ds4_driver/lib'
[1.859s] Level 1:colcon.colcon_core.environment:checking '/home/joar/subvision_ws/install/ds4_driver/bin'
[1.859s] Level 1:colcon.colcon_core.environment:checking '/home/joar/subvision_ws/install/ds4_driver/lib/pkgconfig/ds4_driver.pc'
[1.859s] Level 1:colcon.colcon_core.environment:checking '/home/joar/subvision_ws/install/ds4_driver/lib/python3.10/site-packages'
[1.859s] Level 1:colcon.colcon_core.environment:checking '/home/joar/subvision_ws/install/ds4_driver/bin'
[1.860s] INFO:colcon.colcon_core.shell:Creating package script '/home/joar/subvision_ws/install/ds4_driver/share/ds4_driver/package.ps1'
[1.860s] INFO:colcon.colcon_core.shell:Creating package descriptor '/home/joar/subvision_ws/install/ds4_driver/share/ds4_driver/package.dsv'
[1.861s] INFO:colcon.colcon_core.shell:Creating package script '/home/joar/subvision_ws/install/ds4_driver/share/ds4_driver/package.sh'
[1.861s] INFO:colcon.colcon_core.shell:Creating package script '/home/joar/subvision_ws/install/ds4_driver/share/ds4_driver/package.bash'
[1.861s] INFO:colcon.colcon_core.shell:Creating package script '/home/joar/subvision_ws/install/ds4_driver/share/ds4_driver/package.zsh'
[1.862s] Level 1:colcon.colcon_core.environment:create_file_with_runtime_dependencies(/home/joar/subvision_ws/install/ds4_driver/share/colcon-core/packages/ds4_driver)
[1.862s] DEBUG:colcon.colcon_parallel_executor.executor.parallel:closing loop
[1.863s] DEBUG:colcon.colcon_parallel_executor.executor.parallel:loop closed
[1.863s] DEBUG:colcon.colcon_parallel_executor.executor.parallel:run_until_complete finished with '0'
[1.863s] DEBUG:colcon.colcon_core.event_reactor:joining thread
[1.869s] INFO:colcon.colcon_core.plugin_system:Skipping extension 'colcon_notification.desktop_notification.terminal_notifier': Not used on non-Darwin systems
[1.869s] INFO:colcon.colcon_core.plugin_system:Skipping extension 'colcon_notification.desktop_notification.win32': Not used on non-Windows systems
[1.869s] INFO:colcon.colcon_notification.desktop_notification:Sending desktop notification using 'notify2'
[1.887s] DEBUG:colcon.colcon_core.event_reactor:joined thread
[1.887s] INFO:colcon.colcon_core.shell:Creating prefix script '/home/joar/subvision_ws/install/local_setup.ps1'
[1.888s] INFO:colcon.colcon_core.shell:Creating prefix util module '/home/joar/subvision_ws/install/_local_setup_util_ps1.py'
[1.889s] INFO:colcon.colcon_core.shell:Creating prefix chain script '/home/joar/subvision_ws/install/setup.ps1'
[1.891s] INFO:colcon.colcon_core.shell:Creating prefix script '/home/joar/subvision_ws/install/local_setup.sh'
[1.893s] INFO:colcon.colcon_core.shell:Creating prefix util module '/home/joar/subvision_ws/install/_local_setup_util_sh.py'
[1.895s] INFO:colcon.colcon_core.shell:Creating prefix chain script '/home/joar/subvision_ws/install/setup.sh'
[1.896s] INFO:colcon.colcon_core.shell:Creating prefix script '/home/joar/subvision_ws/install/local_setup.bash'
[1.897s] INFO:colcon.colcon_core.shell:Creating prefix chain script '/home/joar/subvision_ws/install/setup.bash'
[1.898s] INFO:colcon.colcon_core.shell:Creating prefix script '/home/joar/subvision_ws/install/local_setup.zsh'
[1.898s] INFO:colcon.colcon_core.shell:Creating prefix chain script '/home/joar/subvision_ws/install/setup.zsh'
