[0.084s] DEBUG:colcon:Command line arguments: ['/usr/bin/colcon', 'build']
[0.084s] DEBUG:colcon:Parsed command line arguments: Namespace(log_base=None, log_level=None, verb_name='build', build_base='build', install_base='install', merge_install=False, symlink_install=False, test_result_base=None, continue_on_error=False, executor='parallel', parallel_workers=16, event_handlers=None, ignore_user_meta=False, metas=['./colcon.meta'], base_paths=['.'], packages_ignore=None, packages_ignore_regex=None, paths=None, packages_up_to=None, packages_up_to_regex=None, packages_above=None, packages_above_and_dependencies=None, packages_above_depth=None, packages_select_by_dep=None, packages_skip_by_dep=None, packages_skip_up_to=None, packages_select_build_failed=False, packages_skip_build_finished=False, packages_select_test_failures=False, packages_skip_test_passed=False, packages_select=None, packages_skip=None, packages_select_regex=None, packages_skip_regex=None, packages_start=None, packages_end=None, allow_overriding=[], cmake_args=None, cmake_target=None, cmake_target_skip_unavailable=False, cmake_clean_cache=False, cmake_clean_first=False, cmake_force_configure=False, ament_cmake_args=None, catkin_cmake_args=None, catkin_skip_building_tests=False, verb_parser=<colcon_defaults.argument_parser.defaults.DefaultArgumentsDecorator object at 0x78d2aeb483a0>, verb_extension=<colcon_core.verb.build.BuildVerb object at 0x78d2aeb1bdf0>, main=<bound method BuildVerb.main of <colcon_core.verb.build.BuildVerb object at 0x78d2aeb1bdf0>>)
[0.206s] Level 1:colcon.colcon_core.package_discovery:discover_packages(colcon_meta) check parameters
[0.207s] Level 1:colcon.colcon_core.package_discovery:discover_packages(recursive) check parameters
[0.207s] Level 1:colcon.colcon_core.package_discovery:discover_packages(ignore) check parameters
[0.207s] Level 1:colcon.colcon_core.package_discovery:discover_packages(path) check parameters
[0.207s] Level 1:colcon.colcon_core.package_discovery:discover_packages(colcon_meta) discover
[0.207s] Level 1:colcon.colcon_core.package_discovery:discover_packages(recursive) discover
[0.207s] INFO:colcon.colcon_core.package_discovery:Crawling recursively for packages in '/home/joar/subvision_ws/src'
[0.207s] Level 1:colcon.colcon_core.package_identification:_identify(.) by extensions ['ignore', 'ignore_ament_install']
[0.207s] Level 1:colcon.colcon_core.package_identification:_identify(.) by extension 'ignore'
[0.207s] Level 1:colcon.colcon_core.package_identification:_identify(.) by extension 'ignore_ament_install'
[0.207s] Level 1:colcon.colcon_core.package_identification:_identify(.) by extensions ['colcon_pkg']
[0.207s] Level 1:colcon.colcon_core.package_identification:_identify(.) by extension 'colcon_pkg'
[0.207s] Level 1:colcon.colcon_core.package_identification:_identify(.) by extensions ['colcon_meta']
[0.207s] Level 1:colcon.colcon_core.package_identification:_identify(.) by extension 'colcon_meta'
[0.207s] Level 1:colcon.colcon_core.package_identification:_identify(.) by extensions ['ros']
[0.207s] Level 1:colcon.colcon_core.package_identification:_identify(.) by extension 'ros'
[0.217s] Level 1:colcon.colcon_core.package_identification:_identify(.) by extensions ['cmake', 'python']
[0.217s] Level 1:colcon.colcon_core.package_identification:_identify(.) by extension 'cmake'
[0.217s] Level 1:colcon.colcon_core.package_identification:_identify(.) by extension 'python'
[0.217s] Level 1:colcon.colcon_core.package_identification:_identify(.) by extensions ['python_setup_py']
[0.217s] Level 1:colcon.colcon_core.package_identification:_identify(.) by extension 'python_setup_py'
[0.217s] Level 1:colcon.colcon_core.package_identification:_identify(build) by extensions ['ignore', 'ignore_ament_install']
[0.217s] Level 1:colcon.colcon_core.package_identification:_identify(build) by extension 'ignore'
[0.217s] Level 1:colcon.colcon_core.package_identification:_identify(build) ignored
[0.217s] Level 1:colcon.colcon_core.package_identification:_identify(ds4_driver) by extensions ['ignore', 'ignore_ament_install']
[0.217s] Level 1:colcon.colcon_core.package_identification:_identify(ds4_driver) by extension 'ignore'
[0.217s] Level 1:colcon.colcon_core.package_identification:_identify(ds4_driver) by extension 'ignore_ament_install'
[0.217s] Level 1:colcon.colcon_core.package_identification:_identify(ds4_driver) by extensions ['colcon_pkg']
[0.217s] Level 1:colcon.colcon_core.package_identification:_identify(ds4_driver) by extension 'colcon_pkg'
[0.217s] Level 1:colcon.colcon_core.package_identification:_identify(ds4_driver) by extensions ['colcon_meta']
[0.217s] Level 1:colcon.colcon_core.package_identification:_identify(ds4_driver) by extension 'colcon_meta'
[0.217s] Level 1:colcon.colcon_core.package_identification:_identify(ds4_driver) by extensions ['ros']
[0.217s] Level 1:colcon.colcon_core.package_identification:_identify(ds4_driver) by extension 'ros'
[0.217s] Level 1:colcon.colcon_core.package_identification:_identify(ds4_driver) by extensions ['cmake', 'python']
[0.218s] Level 1:colcon.colcon_core.package_identification:_identify(ds4_driver) by extension 'cmake'
[0.218s] Level 1:colcon.colcon_core.package_identification:_identify(ds4_driver) by extension 'python'
[0.218s] Level 1:colcon.colcon_core.package_identification:_identify(ds4_driver) by extensions ['python_setup_py']
[0.218s] Level 1:colcon.colcon_core.package_identification:_identify(ds4_driver) by extension 'python_setup_py'
[0.218s] Level 1:colcon.colcon_core.package_identification:_identify(ds4_driver/docker) by extensions ['ignore', 'ignore_ament_install']
[0.218s] Level 1:colcon.colcon_core.package_identification:_identify(ds4_driver/docker) by extension 'ignore'
[0.218s] Level 1:colcon.colcon_core.package_identification:_identify(ds4_driver/docker) by extension 'ignore_ament_install'
[0.218s] Level 1:colcon.colcon_core.package_identification:_identify(ds4_driver/docker) by extensions ['colcon_pkg']
[0.218s] Level 1:colcon.colcon_core.package_identification:_identify(ds4_driver/docker) by extension 'colcon_pkg'
[0.218s] Level 1:colcon.colcon_core.package_identification:_identify(ds4_driver/docker) by extensions ['colcon_meta']
[0.218s] Level 1:colcon.colcon_core.package_identification:_identify(ds4_driver/docker) by extension 'colcon_meta'
[0.218s] Level 1:colcon.colcon_core.package_identification:_identify(ds4_driver/docker) by extensions ['ros']
[0.218s] Level 1:colcon.colcon_core.package_identification:_identify(ds4_driver/docker) by extension 'ros'
[0.218s] Level 1:colcon.colcon_core.package_identification:_identify(ds4_driver/docker) by extensions ['cmake', 'python']
[0.218s] Level 1:colcon.colcon_core.package_identification:_identify(ds4_driver/docker) by extension 'cmake'
[0.218s] Level 1:colcon.colcon_core.package_identification:_identify(ds4_driver/docker) by extension 'python'
[0.218s] Level 1:colcon.colcon_core.package_identification:_identify(ds4_driver/docker) by extensions ['python_setup_py']
[0.218s] Level 1:colcon.colcon_core.package_identification:_identify(ds4_driver/docker) by extension 'python_setup_py'
[0.218s] Level 1:colcon.colcon_core.package_identification:_identify(ds4_driver/ds4_driver) by extensions ['ignore', 'ignore_ament_install']
[0.218s] Level 1:colcon.colcon_core.package_identification:_identify(ds4_driver/ds4_driver) by extension 'ignore'
[0.218s] Level 1:colcon.colcon_core.package_identification:_identify(ds4_driver/ds4_driver) by extension 'ignore_ament_install'
[0.218s] Level 1:colcon.colcon_core.package_identification:_identify(ds4_driver/ds4_driver) by extensions ['colcon_pkg']
[0.218s] Level 1:colcon.colcon_core.package_identification:_identify(ds4_driver/ds4_driver) by extension 'colcon_pkg'
[0.218s] Level 1:colcon.colcon_core.package_identification:_identify(ds4_driver/ds4_driver) by extensions ['colcon_meta']
[0.218s] Level 1:colcon.colcon_core.package_identification:_identify(ds4_driver/ds4_driver) by extension 'colcon_meta'
[0.218s] Level 1:colcon.colcon_core.package_identification:_identify(ds4_driver/ds4_driver) by extensions ['ros']
[0.219s] Level 1:colcon.colcon_core.package_identification:_identify(ds4_driver/ds4_driver) by extension 'ros'
[0.220s] DEBUG:colcon.colcon_core.package_identification:Package 'ds4_driver/ds4_driver' with type 'ros.ament_cmake' and name 'ds4_driver'
[0.221s] Level 1:colcon.colcon_core.package_identification:_identify(ds4_driver/ds4_driver_msgs) by extensions ['ignore', 'ignore_ament_install']
[0.221s] Level 1:colcon.colcon_core.package_identification:_identify(ds4_driver/ds4_driver_msgs) by extension 'ignore'
[0.221s] Level 1:colcon.colcon_core.package_identification:_identify(ds4_driver/ds4_driver_msgs) by extension 'ignore_ament_install'
[0.221s] Level 1:colcon.colcon_core.package_identification:_identify(ds4_driver/ds4_driver_msgs) by extensions ['colcon_pkg']
[0.221s] Level 1:colcon.colcon_core.package_identification:_identify(ds4_driver/ds4_driver_msgs) by extension 'colcon_pkg'
[0.221s] Level 1:colcon.colcon_core.package_identification:_identify(ds4_driver/ds4_driver_msgs) by extensions ['colcon_meta']
[0.221s] Level 1:colcon.colcon_core.package_identification:_identify(ds4_driver/ds4_driver_msgs) by extension 'colcon_meta'
[0.221s] Level 1:colcon.colcon_core.package_identification:_identify(ds4_driver/ds4_driver_msgs) by extensions ['ros']
[0.221s] Level 1:colcon.colcon_core.package_identification:_identify(ds4_driver/ds4_driver_msgs) by extension 'ros'
[0.221s] DEBUG:colcon.colcon_core.package_identification:Package 'ds4_driver/ds4_driver_msgs' with type 'ros.ament_cmake' and name 'ds4_driver_msgs'
[0.222s] Level 1:colcon.colcon_core.package_identification:_identify(ds4drv) by extensions ['ignore', 'ignore_ament_install']
[0.222s] Level 1:colcon.colcon_core.package_identification:_identify(ds4drv) by extension 'ignore'
[0.222s] Level 1:colcon.colcon_core.package_identification:_identify(ds4drv) by extension 'ignore_ament_install'
[0.222s] Level 1:colcon.colcon_core.package_identification:_identify(ds4drv) by extensions ['colcon_pkg']
[0.222s] Level 1:colcon.colcon_core.package_identification:_identify(ds4drv) by extension 'colcon_pkg'
[0.222s] Level 1:colcon.colcon_core.package_identification:_identify(ds4drv) by extensions ['colcon_meta']
[0.222s] Level 1:colcon.colcon_core.package_identification:_identify(ds4drv) by extension 'colcon_meta'
[0.222s] Level 1:colcon.colcon_core.package_identification:_identify(ds4drv) by extensions ['ros']
[0.222s] Level 1:colcon.colcon_core.package_identification:_identify(ds4drv) by extension 'ros'
[0.222s] Level 1:colcon.colcon_core.package_identification:_identify(ds4drv) by extensions ['cmake', 'python']
[0.222s] Level 1:colcon.colcon_core.package_identification:_identify(ds4drv) by extension 'cmake'
[0.222s] Level 1:colcon.colcon_core.package_identification:_identify(ds4drv) by extension 'python'
[0.222s] DEBUG:colcon.colcon_core.package_identification:Python package in 'ds4drv' passes arguments to the setup() function which requires a different identification extension than 'python'
[0.222s] Level 1:colcon.colcon_core.package_identification:_identify(ds4drv) by extensions ['python_setup_py']
[0.222s] Level 1:colcon.colcon_core.package_identification:_identify(ds4drv) by extension 'python_setup_py'
[0.420s] DEBUG:colcon.colcon_core.package_identification:Package 'ds4drv' with type 'python' and name 'ds4drv'
[0.420s] Level 1:colcon.colcon_core.package_identification:_identify(install) by extensions ['ignore', 'ignore_ament_install']
[0.420s] Level 1:colcon.colcon_core.package_identification:_identify(install) by extension 'ignore'
[0.420s] Level 1:colcon.colcon_core.package_identification:_identify(install) ignored
[0.420s] Level 1:colcon.colcon_core.package_identification:_identify(log) by extensions ['ignore', 'ignore_ament_install']
[0.420s] Level 1:colcon.colcon_core.package_identification:_identify(log) by extension 'ignore'
[0.421s] Level 1:colcon.colcon_core.package_identification:_identify(log) ignored
[0.421s] Level 1:colcon.colcon_core.package_identification:_identify(subvision) by extensions ['ignore', 'ignore_ament_install']
[0.421s] Level 1:colcon.colcon_core.package_identification:_identify(subvision) by extension 'ignore'
[0.421s] Level 1:colcon.colcon_core.package_identification:_identify(subvision) by extension 'ignore_ament_install'
[0.421s] Level 1:colcon.colcon_core.package_identification:_identify(subvision) by extensions ['colcon_pkg']
[0.421s] Level 1:colcon.colcon_core.package_identification:_identify(subvision) by extension 'colcon_pkg'
[0.421s] Level 1:colcon.colcon_core.package_identification:_identify(subvision) by extensions ['colcon_meta']
[0.421s] Level 1:colcon.colcon_core.package_identification:_identify(subvision) by extension 'colcon_meta'
[0.421s] Level 1:colcon.colcon_core.package_identification:_identify(subvision) by extensions ['ros']
[0.421s] Level 1:colcon.colcon_core.package_identification:_identify(subvision) by extension 'ros'
[0.422s] DEBUG:colcon.colcon_core.package_identification:Package 'subvision' with type 'ros.ament_python' and name 'subvision'
[0.422s] Level 1:colcon.colcon_core.package_discovery:discover_packages(recursive) using defaults
[0.422s] Level 1:colcon.colcon_core.package_discovery:discover_packages(ignore) discover
[0.422s] Level 1:colcon.colcon_core.package_discovery:discover_packages(ignore) using defaults
[0.422s] Level 1:colcon.colcon_core.package_discovery:discover_packages(path) discover
[0.422s] Level 1:colcon.colcon_core.package_discovery:discover_packages(path) using defaults
[0.438s] Level 1:colcon.colcon_core.package_discovery:discover_packages(prefix_path) check parameters
[0.438s] Level 1:colcon.colcon_core.package_discovery:discover_packages(prefix_path) discover
[0.439s] DEBUG:colcon.colcon_installed_package_information.package_discovery:Found 4 installed packages in /home/joar/subvision_ws/install
[0.440s] DEBUG:colcon.colcon_installed_package_information.package_discovery:Found 270 installed packages in /opt/ros/humble
[0.442s] Level 1:colcon.colcon_core.package_discovery:discover_packages(prefix_path) using defaults
[0.483s] Level 5:colcon.colcon_core.verb:set package 'ds4_driver_msgs' build argument 'cmake_args' from command line to 'None'
[0.483s] Level 5:colcon.colcon_core.verb:set package 'ds4_driver_msgs' build argument 'cmake_target' from command line to 'None'
[0.483s] Level 5:colcon.colcon_core.verb:set package 'ds4_driver_msgs' build argument 'cmake_target_skip_unavailable' from command line to 'False'
[0.483s] Level 5:colcon.colcon_core.verb:set package 'ds4_driver_msgs' build argument 'cmake_clean_cache' from command line to 'False'
[0.483s] Level 5:colcon.colcon_core.verb:set package 'ds4_driver_msgs' build argument 'cmake_clean_first' from command line to 'False'
[0.483s] Level 5:colcon.colcon_core.verb:set package 'ds4_driver_msgs' build argument 'cmake_force_configure' from command line to 'False'
[0.483s] Level 5:colcon.colcon_core.verb:set package 'ds4_driver_msgs' build argument 'ament_cmake_args' from command line to 'None'
[0.483s] Level 5:colcon.colcon_core.verb:set package 'ds4_driver_msgs' build argument 'catkin_cmake_args' from command line to 'None'
[0.483s] Level 5:colcon.colcon_core.verb:set package 'ds4_driver_msgs' build argument 'catkin_skip_building_tests' from command line to 'False'
[0.483s] DEBUG:colcon.colcon_core.verb:Building package 'ds4_driver_msgs' with the following arguments: {'ament_cmake_args': None, 'build_base': '/home/joar/subvision_ws/src/build/ds4_driver_msgs', 'catkin_cmake_args': None, 'catkin_skip_building_tests': False, 'cmake_args': None, 'cmake_clean_cache': False, 'cmake_clean_first': False, 'cmake_force_configure': False, 'cmake_target': None, 'cmake_target_skip_unavailable': False, 'install_base': '/home/joar/subvision_ws/src/install/ds4_driver_msgs', 'merge_install': False, 'path': '/home/joar/subvision_ws/src/ds4_driver/ds4_driver_msgs', 'symlink_install': False, 'test_result_base': None}
[0.483s] Level 5:colcon.colcon_core.verb:set package 'ds4drv' build argument 'cmake_args' from command line to 'None'
[0.483s] Level 5:colcon.colcon_core.verb:set package 'ds4drv' build argument 'cmake_target' from command line to 'None'
[0.483s] Level 5:colcon.colcon_core.verb:set package 'ds4drv' build argument 'cmake_target_skip_unavailable' from command line to 'False'
[0.483s] Level 5:colcon.colcon_core.verb:set package 'ds4drv' build argument 'cmake_clean_cache' from command line to 'False'
[0.483s] Level 5:colcon.colcon_core.verb:set package 'ds4drv' build argument 'cmake_clean_first' from command line to 'False'
[0.483s] Level 5:colcon.colcon_core.verb:set package 'ds4drv' build argument 'cmake_force_configure' from command line to 'False'
[0.483s] Level 5:colcon.colcon_core.verb:set package 'ds4drv' build argument 'ament_cmake_args' from command line to 'None'
[0.483s] Level 5:colcon.colcon_core.verb:set package 'ds4drv' build argument 'catkin_cmake_args' from command line to 'None'
[0.483s] Level 5:colcon.colcon_core.verb:set package 'ds4drv' build argument 'catkin_skip_building_tests' from command line to 'False'
[0.483s] DEBUG:colcon.colcon_core.verb:Building package 'ds4drv' with the following arguments: {'ament_cmake_args': None, 'build_base': '/home/joar/subvision_ws/src/build/ds4drv', 'catkin_cmake_args': None, 'catkin_skip_building_tests': False, 'cmake_args': None, 'cmake_clean_cache': False, 'cmake_clean_first': False, 'cmake_force_configure': False, 'cmake_target': None, 'cmake_target_skip_unavailable': False, 'install_base': '/home/joar/subvision_ws/src/install/ds4drv', 'merge_install': False, 'path': '/home/joar/subvision_ws/src/ds4drv', 'symlink_install': False, 'test_result_base': None}
[0.484s] Level 5:colcon.colcon_core.verb:set package 'subvision' build argument 'cmake_args' from command line to 'None'
[0.484s] Level 5:colcon.colcon_core.verb:set package 'subvision' build argument 'cmake_target' from command line to 'None'
[0.484s] Level 5:colcon.colcon_core.verb:set package 'subvision' build argument 'cmake_target_skip_unavailable' from command line to 'False'
[0.484s] Level 5:colcon.colcon_core.verb:set package 'subvision' build argument 'cmake_clean_cache' from command line to 'False'
[0.484s] Level 5:colcon.colcon_core.verb:set package 'subvision' build argument 'cmake_clean_first' from command line to 'False'
[0.484s] Level 5:colcon.colcon_core.verb:set package 'subvision' build argument 'cmake_force_configure' from command line to 'False'
[0.484s] Level 5:colcon.colcon_core.verb:set package 'subvision' build argument 'ament_cmake_args' from command line to 'None'
[0.484s] Level 5:colcon.colcon_core.verb:set package 'subvision' build argument 'catkin_cmake_args' from command line to 'None'
[0.484s] Level 5:colcon.colcon_core.verb:set package 'subvision' build argument 'catkin_skip_building_tests' from command line to 'False'
[0.484s] DEBUG:colcon.colcon_core.verb:Building package 'subvision' with the following arguments: {'ament_cmake_args': None, 'build_base': '/home/joar/subvision_ws/src/build/subvision', 'catkin_cmake_args': None, 'catkin_skip_building_tests': False, 'cmake_args': None, 'cmake_clean_cache': False, 'cmake_clean_first': False, 'cmake_force_configure': False, 'cmake_target': None, 'cmake_target_skip_unavailable': False, 'install_base': '/home/joar/subvision_ws/src/install/subvision', 'merge_install': False, 'path': '/home/joar/subvision_ws/src/subvision', 'symlink_install': False, 'test_result_base': None}
[0.484s] Level 5:colcon.colcon_core.verb:set package 'ds4_driver' build argument 'cmake_args' from command line to 'None'
[0.484s] Level 5:colcon.colcon_core.verb:set package 'ds4_driver' build argument 'cmake_target' from command line to 'None'
[0.484s] Level 5:colcon.colcon_core.verb:set package 'ds4_driver' build argument 'cmake_target_skip_unavailable' from command line to 'False'
[0.484s] Level 5:colcon.colcon_core.verb:set package 'ds4_driver' build argument 'cmake_clean_cache' from command line to 'False'
[0.484s] Level 5:colcon.colcon_core.verb:set package 'ds4_driver' build argument 'cmake_clean_first' from command line to 'False'
[0.484s] Level 5:colcon.colcon_core.verb:set package 'ds4_driver' build argument 'cmake_force_configure' from command line to 'False'
[0.484s] Level 5:colcon.colcon_core.verb:set package 'ds4_driver' build argument 'ament_cmake_args' from command line to 'None'
[0.484s] Level 5:colcon.colcon_core.verb:set package 'ds4_driver' build argument 'catkin_cmake_args' from command line to 'None'
[0.484s] Level 5:colcon.colcon_core.verb:set package 'ds4_driver' build argument 'catkin_skip_building_tests' from command line to 'False'
[0.484s] DEBUG:colcon.colcon_core.verb:Building package 'ds4_driver' with the following arguments: {'ament_cmake_args': None, 'build_base': '/home/joar/subvision_ws/src/build/ds4_driver', 'catkin_cmake_args': None, 'catkin_skip_building_tests': False, 'cmake_args': None, 'cmake_clean_cache': False, 'cmake_clean_first': False, 'cmake_force_configure': False, 'cmake_target': None, 'cmake_target_skip_unavailable': False, 'install_base': '/home/joar/subvision_ws/src/install/ds4_driver', 'merge_install': False, 'path': '/home/joar/subvision_ws/src/ds4_driver/ds4_driver', 'symlink_install': False, 'test_result_base': None}
[0.484s] INFO:colcon.colcon_core.executor:Executing jobs using 'parallel' executor
[0.485s] DEBUG:colcon.colcon_parallel_executor.executor.parallel:run_until_complete
[0.485s] INFO:colcon.colcon_ros.task.ament_cmake.build:Building ROS package in '/home/joar/subvision_ws/src/ds4_driver/ds4_driver_msgs' with build type 'ament_cmake'
[0.486s] INFO:colcon.colcon_cmake.task.cmake.build:Building CMake package in '/home/joar/subvision_ws/src/ds4_driver/ds4_driver_msgs'
[0.487s] INFO:colcon.colcon_core.plugin_system:Skipping extension 'colcon_core.shell.bat': Not used on non-Windows systems
[0.487s] INFO:colcon.colcon_core.shell:Skip shell extension 'powershell' for command environment: Not usable outside of PowerShell
[0.488s] DEBUG:colcon.colcon_core.shell:Skip shell extension 'dsv' for command environment
[0.491s] INFO:colcon.colcon_core.task.python.build:Building Python package in '/home/joar/subvision_ws/src/ds4drv'
[0.491s] INFO:colcon.colcon_core.shell:Skip shell extension 'powershell' for command environment: Not usable outside of PowerShell
[0.491s] DEBUG:colcon.colcon_core.shell:Skip shell extension 'dsv' for command environment
[0.495s] INFO:colcon.colcon_ros.task.ament_python.build:Building ROS package in '/home/joar/subvision_ws/src/subvision' with build type 'ament_python'
[0.495s] Level 1:colcon.colcon_core.shell:create_environment_hook('subvision', 'ament_prefix_path')
[0.495s] INFO:colcon.colcon_core.shell:Creating environment hook '/home/joar/subvision_ws/src/install/subvision/share/subvision/hook/ament_prefix_path.ps1'
[0.496s] INFO:colcon.colcon_core.shell:Creating environment descriptor '/home/joar/subvision_ws/src/install/subvision/share/subvision/hook/ament_prefix_path.dsv'
[0.496s] INFO:colcon.colcon_core.shell:Creating environment hook '/home/joar/subvision_ws/src/install/subvision/share/subvision/hook/ament_prefix_path.sh'
[0.497s] INFO:colcon.colcon_core.shell:Skip shell extension 'powershell' for command environment: Not usable outside of PowerShell
[0.497s] DEBUG:colcon.colcon_core.shell:Skip shell extension 'dsv' for command environment
[0.506s] DEBUG:colcon.colcon_core.event_handler.log_command:Invoking command in '/home/joar/subvision_ws/src/build/ds4_driver_msgs': CMAKE_PREFIX_PATH=${CMAKE_PREFIX_PATH}:/home/joar/subvision_ws/install/subvision:/opt/ros/humble /usr/bin/cmake --build /home/joar/subvision_ws/src/build/ds4_driver_msgs -- -j16 -l16
[0.959s] INFO:colcon.colcon_core.task.python.build:Building Python package in '/home/joar/subvision_ws/src/subvision'
[0.959s] INFO:colcon.colcon_core.shell:Skip shell extension 'powershell' for command environment: Not usable outside of PowerShell
[0.959s] DEBUG:colcon.colcon_core.shell:Skip shell extension 'dsv' for command environment
[0.965s] DEBUG:colcon.colcon_core.event_handler.log_command:Invoked command in '/home/joar/subvision_ws/src/build/ds4_driver_msgs' returned '0': CMAKE_PREFIX_PATH=${CMAKE_PREFIX_PATH}:/home/joar/subvision_ws/install/subvision:/opt/ros/humble /usr/bin/cmake --build /home/joar/subvision_ws/src/build/ds4_driver_msgs -- -j16 -l16
[1.042s] DEBUG:colcon.colcon_core.event_handler.log_command:Invoking command in '/home/joar/subvision_ws/src/ds4drv': PYTHONPATH=/home/joar/subvision_ws/src/build/ds4drv/prefix_override:/usr/lib/python3/dist-packages/colcon_core/task/python/colcon_distutils_commands:/home/joar/subvision_ws/src/install/ds4drv/lib/python3.10/site-packages:${PYTHONPATH} /usr/bin/python3 -W ignore:setup.py install is deprecated setup.py egg_info --egg-base ../build/ds4drv build --build-base /home/joar/subvision_ws/src/build/ds4drv/build install --record /home/joar/subvision_ws/src/build/ds4drv/install.log --single-version-externally-managed
[1.116s] DEBUG:colcon.colcon_core.event_handler.log_command:Invoking command in '/home/joar/subvision_ws/src/build/ds4_driver_msgs': CMAKE_PREFIX_PATH=${CMAKE_PREFIX_PATH}:/home/joar/subvision_ws/install/subvision:/opt/ros/humble /usr/bin/cmake --install /home/joar/subvision_ws/src/build/ds4_driver_msgs
[1.180s] Level 1:colcon.colcon_core.environment:create_environment_scripts_only(ds4_driver_msgs)
[1.180s] DEBUG:colcon.colcon_core.event_handler.log_command:Invoked command in '/home/joar/subvision_ws/src/build/ds4_driver_msgs' returned '0': CMAKE_PREFIX_PATH=${CMAKE_PREFIX_PATH}:/home/joar/subvision_ws/install/subvision:/opt/ros/humble /usr/bin/cmake --install /home/joar/subvision_ws/src/build/ds4_driver_msgs
[1.183s] Level 1:colcon.colcon_core.environment:checking '/home/joar/subvision_ws/src/install/ds4_driver_msgs' for CMake module files
[1.183s] Level 1:colcon.colcon_core.environment:checking '/home/joar/subvision_ws/src/install/ds4_driver_msgs' for CMake config files
[1.184s] Level 1:colcon.colcon_core.shell:create_environment_hook('ds4_driver_msgs', 'cmake_prefix_path')
[1.184s] INFO:colcon.colcon_core.shell:Creating environment hook '/home/joar/subvision_ws/src/install/ds4_driver_msgs/share/ds4_driver_msgs/hook/cmake_prefix_path.ps1'
[1.185s] INFO:colcon.colcon_core.shell:Creating environment descriptor '/home/joar/subvision_ws/src/install/ds4_driver_msgs/share/ds4_driver_msgs/hook/cmake_prefix_path.dsv'
[1.185s] INFO:colcon.colcon_core.shell:Creating environment hook '/home/joar/subvision_ws/src/install/ds4_driver_msgs/share/ds4_driver_msgs/hook/cmake_prefix_path.sh'
[1.186s] Level 1:colcon.colcon_core.environment:checking '/home/joar/subvision_ws/src/install/ds4_driver_msgs/lib'
[1.186s] Level 1:colcon.colcon_core.shell:create_environment_hook('ds4_driver_msgs', 'ld_library_path_lib')
[1.186s] INFO:colcon.colcon_core.shell:Creating environment hook '/home/joar/subvision_ws/src/install/ds4_driver_msgs/share/ds4_driver_msgs/hook/ld_library_path_lib.ps1'
[1.187s] INFO:colcon.colcon_core.shell:Creating environment descriptor '/home/joar/subvision_ws/src/install/ds4_driver_msgs/share/ds4_driver_msgs/hook/ld_library_path_lib.dsv'
[1.187s] INFO:colcon.colcon_core.shell:Creating environment hook '/home/joar/subvision_ws/src/install/ds4_driver_msgs/share/ds4_driver_msgs/hook/ld_library_path_lib.sh'
[1.188s] Level 1:colcon.colcon_core.environment:checking '/home/joar/subvision_ws/src/install/ds4_driver_msgs/bin'
[1.188s] Level 1:colcon.colcon_core.environment:checking '/home/joar/subvision_ws/src/install/ds4_driver_msgs/lib/pkgconfig/ds4_driver_msgs.pc'
[1.188s] Level 1:colcon.colcon_core.environment:checking '/home/joar/subvision_ws/src/install/ds4_driver_msgs/lib/python3.10/site-packages'
[1.188s] Level 1:colcon.colcon_core.environment:checking '/home/joar/subvision_ws/src/install/ds4_driver_msgs/bin'
[1.189s] INFO:colcon.colcon_core.shell:Creating package script '/home/joar/subvision_ws/src/install/ds4_driver_msgs/share/ds4_driver_msgs/package.ps1'
[1.190s] INFO:colcon.colcon_core.shell:Creating package descriptor '/home/joar/subvision_ws/src/install/ds4_driver_msgs/share/ds4_driver_msgs/package.dsv'
[1.190s] INFO:colcon.colcon_core.shell:Creating package script '/home/joar/subvision_ws/src/install/ds4_driver_msgs/share/ds4_driver_msgs/package.sh'
[1.191s] INFO:colcon.colcon_core.shell:Creating package script '/home/joar/subvision_ws/src/install/ds4_driver_msgs/share/ds4_driver_msgs/package.bash'
[1.192s] INFO:colcon.colcon_core.shell:Creating package script '/home/joar/subvision_ws/src/install/ds4_driver_msgs/share/ds4_driver_msgs/package.zsh'
[1.193s] Level 1:colcon.colcon_core.environment:create_file_with_runtime_dependencies(/home/joar/subvision_ws/src/install/ds4_driver_msgs/share/colcon-core/packages/ds4_driver_msgs)
[1.325s] DEBUG:colcon.colcon_core.event_handler.log_command:Invoking command in '/home/joar/subvision_ws/src/subvision': PYTHONPATH=/home/joar/subvision_ws/src/build/subvision/prefix_override:/usr/lib/python3/dist-packages/colcon_core/task/python/colcon_distutils_commands:/home/joar/subvision_ws/src/install/subvision/lib/python3.10/site-packages:${PYTHONPATH} /usr/bin/python3 -W ignore:setup.py install is deprecated setup.py egg_info --egg-base ../build/subvision build --build-base /home/joar/subvision_ws/src/build/subvision/build install --record /home/joar/subvision_ws/src/build/subvision/install.log --single-version-externally-managed install_data
[1.352s] Level 1:colcon.colcon_core.environment:checking '/home/joar/subvision_ws/src/install/ds4drv' for CMake module files
[1.353s] DEBUG:colcon.colcon_core.event_handler.log_command:Invoked command in '/home/joar/subvision_ws/src/ds4drv' returned '0': PYTHONPATH=/home/joar/subvision_ws/src/build/ds4drv/prefix_override:/usr/lib/python3/dist-packages/colcon_core/task/python/colcon_distutils_commands:/home/joar/subvision_ws/src/install/ds4drv/lib/python3.10/site-packages:${PYTHONPATH} /usr/bin/python3 -W ignore:setup.py install is deprecated setup.py egg_info --egg-base ../build/ds4drv build --build-base /home/joar/subvision_ws/src/build/ds4drv/build install --record /home/joar/subvision_ws/src/build/ds4drv/install.log --single-version-externally-managed
[1.354s] Level 1:colcon.colcon_core.environment:checking '/home/joar/subvision_ws/src/install/ds4drv' for CMake config files
[1.354s] Level 1:colcon.colcon_core.environment:checking '/home/joar/subvision_ws/src/install/ds4drv/lib'
[1.355s] Level 1:colcon.colcon_core.environment:checking '/home/joar/subvision_ws/src/install/ds4drv/bin'
[1.355s] Level 1:colcon.colcon_core.shell:create_environment_hook('ds4drv', 'path')
[1.355s] INFO:colcon.colcon_core.shell:Creating environment hook '/home/joar/subvision_ws/src/install/ds4drv/share/ds4drv/hook/path.ps1'
[1.356s] INFO:colcon.colcon_core.shell:Creating environment descriptor '/home/joar/subvision_ws/src/install/ds4drv/share/ds4drv/hook/path.dsv'
[1.356s] INFO:colcon.colcon_core.shell:Creating environment hook '/home/joar/subvision_ws/src/install/ds4drv/share/ds4drv/hook/path.sh'
[1.357s] Level 1:colcon.colcon_core.environment:checking '/home/joar/subvision_ws/src/install/ds4drv/lib/pkgconfig/ds4drv.pc'
[1.357s] Level 1:colcon.colcon_core.environment:checking '/home/joar/subvision_ws/src/install/ds4drv/lib/python3.10/site-packages'
[1.357s] Level 1:colcon.colcon_core.shell:create_environment_hook('ds4drv', 'pythonpath')
[1.358s] INFO:colcon.colcon_core.shell:Creating environment hook '/home/joar/subvision_ws/src/install/ds4drv/share/ds4drv/hook/pythonpath.ps1'
[1.358s] INFO:colcon.colcon_core.shell:Creating environment descriptor '/home/joar/subvision_ws/src/install/ds4drv/share/ds4drv/hook/pythonpath.dsv'
[1.359s] INFO:colcon.colcon_core.shell:Creating environment hook '/home/joar/subvision_ws/src/install/ds4drv/share/ds4drv/hook/pythonpath.sh'
[1.359s] Level 1:colcon.colcon_core.environment:checking '/home/joar/subvision_ws/src/install/ds4drv/bin'
[1.360s] Level 1:colcon.colcon_core.shell:create_environment_hook('ds4drv', 'pythonscriptspath')
[1.360s] INFO:colcon.colcon_core.shell:Creating environment hook '/home/joar/subvision_ws/src/install/ds4drv/share/ds4drv/hook/pythonscriptspath.ps1'
[1.361s] INFO:colcon.colcon_core.shell:Creating environment descriptor '/home/joar/subvision_ws/src/install/ds4drv/share/ds4drv/hook/pythonscriptspath.dsv'
[1.361s] INFO:colcon.colcon_core.shell:Creating environment hook '/home/joar/subvision_ws/src/install/ds4drv/share/ds4drv/hook/pythonscriptspath.sh'
[1.362s] Level 1:colcon.colcon_core.environment:create_environment_scripts_only(ds4drv)
[1.363s] INFO:colcon.colcon_core.shell:Creating package script '/home/joar/subvision_ws/src/install/ds4drv/share/ds4drv/package.ps1'
[1.363s] INFO:colcon.colcon_core.shell:Creating package descriptor '/home/joar/subvision_ws/src/install/ds4drv/share/ds4drv/package.dsv'
[1.364s] INFO:colcon.colcon_core.shell:Creating package script '/home/joar/subvision_ws/src/install/ds4drv/share/ds4drv/package.sh'
[1.365s] INFO:colcon.colcon_core.shell:Creating package script '/home/joar/subvision_ws/src/install/ds4drv/share/ds4drv/package.bash'
[1.366s] INFO:colcon.colcon_core.shell:Creating package script '/home/joar/subvision_ws/src/install/ds4drv/share/ds4drv/package.zsh'
[1.366s] Level 1:colcon.colcon_core.environment:create_file_with_runtime_dependencies(/home/joar/subvision_ws/src/install/ds4drv/share/colcon-core/packages/ds4drv)
[1.368s] Level 1:colcon.colcon_core.environment:create_environment_scripts_only(ds4_driver_msgs)
[1.368s] Level 1:colcon.colcon_core.environment:checking '/home/joar/subvision_ws/src/install/ds4_driver_msgs' for CMake module files
[1.369s] Level 1:colcon.colcon_core.environment:checking '/home/joar/subvision_ws/src/install/ds4_driver_msgs' for CMake config files
[1.370s] Level 1:colcon.colcon_core.shell:create_environment_hook('ds4_driver_msgs', 'cmake_prefix_path')
[1.370s] INFO:colcon.colcon_core.shell:Creating environment hook '/home/joar/subvision_ws/src/install/ds4_driver_msgs/share/ds4_driver_msgs/hook/cmake_prefix_path.ps1'
[1.371s] INFO:colcon.colcon_core.shell:Creating environment descriptor '/home/joar/subvision_ws/src/install/ds4_driver_msgs/share/ds4_driver_msgs/hook/cmake_prefix_path.dsv'
[1.372s] INFO:colcon.colcon_core.shell:Creating environment hook '/home/joar/subvision_ws/src/install/ds4_driver_msgs/share/ds4_driver_msgs/hook/cmake_prefix_path.sh'
[1.373s] Level 1:colcon.colcon_core.environment:checking '/home/joar/subvision_ws/src/install/ds4_driver_msgs/lib'
[1.373s] Level 1:colcon.colcon_core.shell:create_environment_hook('ds4_driver_msgs', 'ld_library_path_lib')
[1.373s] INFO:colcon.colcon_core.shell:Creating environment hook '/home/joar/subvision_ws/src/install/ds4_driver_msgs/share/ds4_driver_msgs/hook/ld_library_path_lib.ps1'
[1.374s] INFO:colcon.colcon_core.shell:Creating environment descriptor '/home/joar/subvision_ws/src/install/ds4_driver_msgs/share/ds4_driver_msgs/hook/ld_library_path_lib.dsv'
[1.374s] INFO:colcon.colcon_core.shell:Creating environment hook '/home/joar/subvision_ws/src/install/ds4_driver_msgs/share/ds4_driver_msgs/hook/ld_library_path_lib.sh'
[1.375s] Level 1:colcon.colcon_core.environment:checking '/home/joar/subvision_ws/src/install/ds4_driver_msgs/bin'
[1.375s] Level 1:colcon.colcon_core.environment:checking '/home/joar/subvision_ws/src/install/ds4_driver_msgs/lib/pkgconfig/ds4_driver_msgs.pc'
[1.376s] Level 1:colcon.colcon_core.environment:checking '/home/joar/subvision_ws/src/install/ds4_driver_msgs/lib/python3.10/site-packages'
[1.376s] Level 1:colcon.colcon_core.environment:checking '/home/joar/subvision_ws/src/install/ds4_driver_msgs/bin'
[1.376s] INFO:colcon.colcon_core.shell:Creating package script '/home/joar/subvision_ws/src/install/ds4_driver_msgs/share/ds4_driver_msgs/package.ps1'
[1.377s] INFO:colcon.colcon_core.shell:Creating package descriptor '/home/joar/subvision_ws/src/install/ds4_driver_msgs/share/ds4_driver_msgs/package.dsv'
[1.378s] INFO:colcon.colcon_core.shell:Creating package script '/home/joar/subvision_ws/src/install/ds4_driver_msgs/share/ds4_driver_msgs/package.sh'
[1.379s] INFO:colcon.colcon_core.shell:Creating package script '/home/joar/subvision_ws/src/install/ds4_driver_msgs/share/ds4_driver_msgs/package.bash'
[1.379s] INFO:colcon.colcon_core.shell:Creating package script '/home/joar/subvision_ws/src/install/ds4_driver_msgs/share/ds4_driver_msgs/package.zsh'
[1.380s] Level 1:colcon.colcon_core.environment:create_file_with_runtime_dependencies(/home/joar/subvision_ws/src/install/ds4_driver_msgs/share/colcon-core/packages/ds4_driver_msgs)
[1.381s] INFO:colcon.colcon_ros.task.ament_cmake.build:Building ROS package in '/home/joar/subvision_ws/src/ds4_driver/ds4_driver' with build type 'ament_cmake'
[1.381s] INFO:colcon.colcon_cmake.task.cmake.build:Building CMake package in '/home/joar/subvision_ws/src/ds4_driver/ds4_driver'
[1.381s] INFO:colcon.colcon_core.shell:Skip shell extension 'powershell' for command environment: Not usable outside of PowerShell
[1.381s] DEBUG:colcon.colcon_core.shell:Skip shell extension 'dsv' for command environment
[1.396s] DEBUG:colcon.colcon_core.event_handler.log_command:Invoking command in '/home/joar/subvision_ws/src/build/ds4_driver': AMENT_PREFIX_PATH=/home/joar/subvision_ws/src/install/ds4_driver_msgs:${AMENT_PREFIX_PATH} CMAKE_PREFIX_PATH=/home/joar/subvision_ws/src/install/ds4_driver_msgs:/home/joar/subvision_ws/install/ds4_driver:/home/joar/subvision_ws/install/ds4_driver_msgs:/home/joar/subvision_ws/install/subvision:/opt/ros/humble LD_LIBRARY_PATH=/home/joar/subvision_ws/src/install/ds4_driver_msgs/lib:${LD_LIBRARY_PATH} PYTHONPATH=/home/joar/subvision_ws/src/install/ds4_driver_msgs/local/lib/python3.10/dist-packages:${PYTHONPATH} /usr/bin/cmake --build /home/joar/subvision_ws/src/build/ds4_driver -- -j16 -l16
[1.622s] Level 1:colcon.colcon_core.environment:checking '/home/joar/subvision_ws/src/install/subvision' for CMake module files
[1.622s] DEBUG:colcon.colcon_core.event_handler.log_command:Invoked command in '/home/joar/subvision_ws/src/subvision' returned '0': PYTHONPATH=/home/joar/subvision_ws/src/build/subvision/prefix_override:/usr/lib/python3/dist-packages/colcon_core/task/python/colcon_distutils_commands:/home/joar/subvision_ws/src/install/subvision/lib/python3.10/site-packages:${PYTHONPATH} /usr/bin/python3 -W ignore:setup.py install is deprecated setup.py egg_info --egg-base ../build/subvision build --build-base /home/joar/subvision_ws/src/build/subvision/build install --record /home/joar/subvision_ws/src/build/subvision/install.log --single-version-externally-managed install_data
[1.623s] Level 1:colcon.colcon_core.environment:checking '/home/joar/subvision_ws/src/install/subvision' for CMake config files
[1.624s] Level 1:colcon.colcon_core.environment:checking '/home/joar/subvision_ws/src/install/subvision/lib'
[1.624s] Level 1:colcon.colcon_core.environment:checking '/home/joar/subvision_ws/src/install/subvision/bin'
[1.624s] Level 1:colcon.colcon_core.environment:checking '/home/joar/subvision_ws/src/install/subvision/lib/pkgconfig/subvision.pc'
[1.624s] Level 1:colcon.colcon_core.environment:checking '/home/joar/subvision_ws/src/install/subvision/lib/python3.10/site-packages'
[1.624s] Level 1:colcon.colcon_core.shell:create_environment_hook('subvision', 'pythonpath')
[1.624s] INFO:colcon.colcon_core.shell:Creating environment hook '/home/joar/subvision_ws/src/install/subvision/share/subvision/hook/pythonpath.ps1'
[1.625s] INFO:colcon.colcon_core.shell:Creating environment descriptor '/home/joar/subvision_ws/src/install/subvision/share/subvision/hook/pythonpath.dsv'
[1.625s] INFO:colcon.colcon_core.shell:Creating environment hook '/home/joar/subvision_ws/src/install/subvision/share/subvision/hook/pythonpath.sh'
[1.626s] Level 1:colcon.colcon_core.environment:checking '/home/joar/subvision_ws/src/install/subvision/bin'
[1.626s] Level 1:colcon.colcon_core.environment:create_environment_scripts_only(subvision)
[1.627s] INFO:colcon.colcon_core.shell:Creating package script '/home/joar/subvision_ws/src/install/subvision/share/subvision/package.ps1'
[1.627s] INFO:colcon.colcon_core.shell:Creating package descriptor '/home/joar/subvision_ws/src/install/subvision/share/subvision/package.dsv'
[1.628s] INFO:colcon.colcon_core.shell:Creating package script '/home/joar/subvision_ws/src/install/subvision/share/subvision/package.sh'
[1.629s] INFO:colcon.colcon_core.shell:Creating package script '/home/joar/subvision_ws/src/install/subvision/share/subvision/package.bash'
[1.630s] INFO:colcon.colcon_core.shell:Creating package script '/home/joar/subvision_ws/src/install/subvision/share/subvision/package.zsh'
[1.630s] Level 1:colcon.colcon_core.environment:create_file_with_runtime_dependencies(/home/joar/subvision_ws/src/install/subvision/share/colcon-core/packages/subvision)
[1.751s] DEBUG:colcon.colcon_core.event_handler.log_command:Invoked command in '/home/joar/subvision_ws/src/build/ds4_driver' returned '0': AMENT_PREFIX_PATH=/home/joar/subvision_ws/src/install/ds4_driver_msgs:${AMENT_PREFIX_PATH} CMAKE_PREFIX_PATH=/home/joar/subvision_ws/src/install/ds4_driver_msgs:/home/joar/subvision_ws/install/ds4_driver:/home/joar/subvision_ws/install/ds4_driver_msgs:/home/joar/subvision_ws/install/subvision:/opt/ros/humble LD_LIBRARY_PATH=/home/joar/subvision_ws/src/install/ds4_driver_msgs/lib:${LD_LIBRARY_PATH} PYTHONPATH=/home/joar/subvision_ws/src/install/ds4_driver_msgs/local/lib/python3.10/dist-packages:${PYTHONPATH} /usr/bin/cmake --build /home/joar/subvision_ws/src/build/ds4_driver -- -j16 -l16
[1.783s] DEBUG:colcon.colcon_core.event_handler.log_command:Invoking command in '/home/joar/subvision_ws/src/build/ds4_driver': AMENT_PREFIX_PATH=/home/joar/subvision_ws/src/install/ds4_driver_msgs:${AMENT_PREFIX_PATH} CMAKE_PREFIX_PATH=/home/joar/subvision_ws/src/install/ds4_driver_msgs:/home/joar/subvision_ws/install/ds4_driver:/home/joar/subvision_ws/install/ds4_driver_msgs:/home/joar/subvision_ws/install/subvision:/opt/ros/humble LD_LIBRARY_PATH=/home/joar/subvision_ws/src/install/ds4_driver_msgs/lib:${LD_LIBRARY_PATH} PYTHONPATH=/home/joar/subvision_ws/src/install/ds4_driver_msgs/local/lib/python3.10/dist-packages:${PYTHONPATH} /usr/bin/cmake --install /home/joar/subvision_ws/src/build/ds4_driver
[1.830s] Level 1:colcon.colcon_core.environment:create_environment_scripts_only(ds4_driver)
[1.830s] DEBUG:colcon.colcon_core.event_handler.log_command:Invoked command in '/home/joar/subvision_ws/src/build/ds4_driver' returned '0': AMENT_PREFIX_PATH=/home/joar/subvision_ws/src/install/ds4_driver_msgs:${AMENT_PREFIX_PATH} CMAKE_PREFIX_PATH=/home/joar/subvision_ws/src/install/ds4_driver_msgs:/home/joar/subvision_ws/install/ds4_driver:/home/joar/subvision_ws/install/ds4_driver_msgs:/home/joar/subvision_ws/install/subvision:/opt/ros/humble LD_LIBRARY_PATH=/home/joar/subvision_ws/src/install/ds4_driver_msgs/lib:${LD_LIBRARY_PATH} PYTHONPATH=/home/joar/subvision_ws/src/install/ds4_driver_msgs/local/lib/python3.10/dist-packages:${PYTHONPATH} /usr/bin/cmake --install /home/joar/subvision_ws/src/build/ds4_driver
[1.831s] Level 1:colcon.colcon_core.environment:checking '/home/joar/subvision_ws/src/install/ds4_driver' for CMake module files
[1.832s] Level 1:colcon.colcon_core.environment:checking '/home/joar/subvision_ws/src/install/ds4_driver' for CMake config files
[1.832s] Level 1:colcon.colcon_core.shell:create_environment_hook('ds4_driver', 'cmake_prefix_path')
[1.833s] INFO:colcon.colcon_core.shell:Creating environment hook '/home/joar/subvision_ws/src/install/ds4_driver/share/ds4_driver/hook/cmake_prefix_path.ps1'
[1.833s] INFO:colcon.colcon_core.shell:Creating environment descriptor '/home/joar/subvision_ws/src/install/ds4_driver/share/ds4_driver/hook/cmake_prefix_path.dsv'
[1.834s] INFO:colcon.colcon_core.shell:Creating environment hook '/home/joar/subvision_ws/src/install/ds4_driver/share/ds4_driver/hook/cmake_prefix_path.sh'
[1.835s] Level 1:colcon.colcon_core.environment:checking '/home/joar/subvision_ws/src/install/ds4_driver/lib'
[1.835s] Level 1:colcon.colcon_core.environment:checking '/home/joar/subvision_ws/src/install/ds4_driver/bin'
[1.835s] Level 1:colcon.colcon_core.environment:checking '/home/joar/subvision_ws/src/install/ds4_driver/lib/pkgconfig/ds4_driver.pc'
[1.836s] Level 1:colcon.colcon_core.environment:checking '/home/joar/subvision_ws/src/install/ds4_driver/lib/python3.10/site-packages'
[1.836s] Level 1:colcon.colcon_core.environment:checking '/home/joar/subvision_ws/src/install/ds4_driver/bin'
[1.836s] INFO:colcon.colcon_core.shell:Creating package script '/home/joar/subvision_ws/src/install/ds4_driver/share/ds4_driver/package.ps1'
[1.837s] INFO:colcon.colcon_core.shell:Creating package descriptor '/home/joar/subvision_ws/src/install/ds4_driver/share/ds4_driver/package.dsv'
[1.838s] INFO:colcon.colcon_core.shell:Creating package script '/home/joar/subvision_ws/src/install/ds4_driver/share/ds4_driver/package.sh'
[1.839s] INFO:colcon.colcon_core.shell:Creating package script '/home/joar/subvision_ws/src/install/ds4_driver/share/ds4_driver/package.bash'
[1.839s] INFO:colcon.colcon_core.shell:Creating package script '/home/joar/subvision_ws/src/install/ds4_driver/share/ds4_driver/package.zsh'
[1.840s] Level 1:colcon.colcon_core.environment:create_file_with_runtime_dependencies(/home/joar/subvision_ws/src/install/ds4_driver/share/colcon-core/packages/ds4_driver)
[1.869s] Level 1:colcon.colcon_core.environment:create_environment_scripts_only(ds4_driver)
[1.869s] Level 1:colcon.colcon_core.environment:checking '/home/joar/subvision_ws/src/install/ds4_driver' for CMake module files
[1.870s] Level 1:colcon.colcon_core.environment:checking '/home/joar/subvision_ws/src/install/ds4_driver' for CMake config files
[1.870s] Level 1:colcon.colcon_core.shell:create_environment_hook('ds4_driver', 'cmake_prefix_path')
[1.871s] INFO:colcon.colcon_core.shell:Creating environment hook '/home/joar/subvision_ws/src/install/ds4_driver/share/ds4_driver/hook/cmake_prefix_path.ps1'
[1.872s] INFO:colcon.colcon_core.shell:Creating environment descriptor '/home/joar/subvision_ws/src/install/ds4_driver/share/ds4_driver/hook/cmake_prefix_path.dsv'
[1.872s] INFO:colcon.colcon_core.shell:Creating environment hook '/home/joar/subvision_ws/src/install/ds4_driver/share/ds4_driver/hook/cmake_prefix_path.sh'
[1.873s] Level 1:colcon.colcon_core.environment:checking '/home/joar/subvision_ws/src/install/ds4_driver/lib'
[1.873s] Level 1:colcon.colcon_core.environment:checking '/home/joar/subvision_ws/src/install/ds4_driver/bin'
[1.873s] Level 1:colcon.colcon_core.environment:checking '/home/joar/subvision_ws/src/install/ds4_driver/lib/pkgconfig/ds4_driver.pc'
[1.873s] Level 1:colcon.colcon_core.environment:checking '/home/joar/subvision_ws/src/install/ds4_driver/lib/python3.10/site-packages'
[1.873s] Level 1:colcon.colcon_core.environment:checking '/home/joar/subvision_ws/src/install/ds4_driver/bin'
[1.873s] INFO:colcon.colcon_core.shell:Creating package script '/home/joar/subvision_ws/src/install/ds4_driver/share/ds4_driver/package.ps1'
[1.874s] INFO:colcon.colcon_core.shell:Creating package descriptor '/home/joar/subvision_ws/src/install/ds4_driver/share/ds4_driver/package.dsv'
[1.875s] INFO:colcon.colcon_core.shell:Creating package script '/home/joar/subvision_ws/src/install/ds4_driver/share/ds4_driver/package.sh'
[1.875s] INFO:colcon.colcon_core.shell:Creating package script '/home/joar/subvision_ws/src/install/ds4_driver/share/ds4_driver/package.bash'
[1.875s] INFO:colcon.colcon_core.shell:Creating package script '/home/joar/subvision_ws/src/install/ds4_driver/share/ds4_driver/package.zsh'
[1.876s] Level 1:colcon.colcon_core.environment:create_file_with_runtime_dependencies(/home/joar/subvision_ws/src/install/ds4_driver/share/colcon-core/packages/ds4_driver)
[1.876s] DEBUG:colcon.colcon_parallel_executor.executor.parallel:closing loop
[1.877s] DEBUG:colcon.colcon_parallel_executor.executor.parallel:loop closed
[1.877s] DEBUG:colcon.colcon_parallel_executor.executor.parallel:run_until_complete finished with '0'
[1.877s] DEBUG:colcon.colcon_core.event_reactor:joining thread
[1.883s] INFO:colcon.colcon_core.plugin_system:Skipping extension 'colcon_notification.desktop_notification.terminal_notifier': Not used on non-Darwin systems
[1.883s] INFO:colcon.colcon_core.plugin_system:Skipping extension 'colcon_notification.desktop_notification.win32': Not used on non-Windows systems
[1.883s] INFO:colcon.colcon_notification.desktop_notification:Sending desktop notification using 'notify2'
[1.902s] DEBUG:colcon.colcon_core.event_reactor:joined thread
[1.902s] INFO:colcon.colcon_core.shell:Creating prefix script '/home/joar/subvision_ws/src/install/local_setup.ps1'
[1.903s] INFO:colcon.colcon_core.shell:Creating prefix util module '/home/joar/subvision_ws/src/install/_local_setup_util_ps1.py'
[1.905s] INFO:colcon.colcon_core.shell:Creating prefix chain script '/home/joar/subvision_ws/src/install/setup.ps1'
[1.907s] INFO:colcon.colcon_core.shell:Creating prefix script '/home/joar/subvision_ws/src/install/local_setup.sh'
[1.909s] INFO:colcon.colcon_core.shell:Creating prefix util module '/home/joar/subvision_ws/src/install/_local_setup_util_sh.py'
[1.911s] INFO:colcon.colcon_core.shell:Creating prefix chain script '/home/joar/subvision_ws/src/install/setup.sh'
[1.912s] INFO:colcon.colcon_core.shell:Creating prefix script '/home/joar/subvision_ws/src/install/local_setup.bash'
[1.913s] INFO:colcon.colcon_core.shell:Creating prefix chain script '/home/joar/subvision_ws/src/install/setup.bash'
[1.914s] INFO:colcon.colcon_core.shell:Creating prefix script '/home/joar/subvision_ws/src/install/local_setup.zsh'
[1.915s] INFO:colcon.colcon_core.shell:Creating prefix chain script '/home/joar/subvision_ws/src/install/setup.zsh'
