[0.551s] Invoking command in '/home/joar/ros2_ws/src/subvision': PYTHONPATH=/home/joar/ros2_ws/build/subvision/prefix_override:/usr/lib/python3/dist-packages/colcon_core/task/python/colcon_distutils_commands:/home/joar/ros2_ws/install/subvision/lib/python3.10/site-packages:${PYTHONPATH} /usr/bin/python3 -W ignore:setup.py install is deprecated setup.py egg_info --egg-base ../../build/subvision build --build-base /home/joar/ros2_ws/build/subvision/build install --record /home/joar/ros2_ws/build/subvision/install.log --single-version-externally-managed install_data
[0.729s] running egg_info
[0.730s] writing ../../build/subvision/subvision.egg-info/PKG-INFO
[0.731s] writing dependency_links to ../../build/subvision/subvision.egg-info/dependency_links.txt
[0.731s] writing entry points to ../../build/subvision/subvision.egg-info/entry_points.txt
[0.731s] writing requirements to ../../build/subvision/subvision.egg-info/requires.txt
[0.731s] writing top-level names to ../../build/subvision/subvision.egg-info/top_level.txt
[0.734s] reading manifest file '../../build/subvision/subvision.egg-info/SOURCES.txt'
[0.735s] writing manifest file '../../build/subvision/subvision.egg-info/SOURCES.txt'
[0.736s] running build
[0.736s] running build_py
[0.736s] copying subvision/read_controller.py -> /home/joar/ros2_ws/build/subvision/build/lib/subvision
[0.736s] running install
[0.737s] running install_lib
[0.737s] copying /home/joar/ros2_ws/build/subvision/build/lib/subvision/read_controller.py -> /home/joar/ros2_ws/install/subvision/lib/python3.10/site-packages/subvision
[0.738s] byte-compiling /home/joar/ros2_ws/install/subvision/lib/python3.10/site-packages/subvision/read_controller.py to read_controller.cpython-310.pyc
[0.738s] running install_data
[0.738s] running install_egg_info
[0.740s] removing '/home/joar/ros2_ws/install/subvision/lib/python3.10/site-packages/subvision-0.0.0-py3.10.egg-info' (and everything under it)
[0.741s] Copying ../../build/subvision/subvision.egg-info to /home/joar/ros2_ws/install/subvision/lib/python3.10/site-packages/subvision-0.0.0-py3.10.egg-info
[0.741s] running install_scripts
[0.762s] Installing runROV script to /home/joar/ros2_ws/install/subvision/lib/subvision
[0.762s] writing list of installed files to '/home/joar/ros2_ws/build/subvision/install.log'
[0.813s] Invoked command in '/home/joar/ros2_ws/src/subvision' returned '0': PYTHONPATH=/home/joar/ros2_ws/build/subvision/prefix_override:/usr/lib/python3/dist-packages/colcon_core/task/python/colcon_distutils_commands:/home/joar/ros2_ws/install/subvision/lib/python3.10/site-packages:${PYTHONPATH} /usr/bin/python3 -W ignore:setup.py install is deprecated setup.py egg_info --egg-base ../../build/subvision build --build-base /home/joar/ros2_ws/build/subvision/build install --record /home/joar/ros2_ws/build/subvision/install.log --single-version-externally-managed install_data
