[0.014s] Invoking command in '/home/joar/subvision_ws/build/p9n_node': AMENT_PREFIX_PATH=/home/joar/subvision_ws/install/p9n_interface:${AMENT_PREFIX_PATH} CMAKE_PREFIX_PATH=/home/joar/subvision_ws/install/p9n_interface:/home/joar/subvision_ws/install/ds4_driver:/home/joar/subvision_ws/install/ds4_driver_msgs:/home/joar/subvision_ws/install/subvision:/opt/ros/humble LD_LIBRARY_PATH=/home/joar/subvision_ws/install/p9n_interface/lib:${LD_LIBRARY_PATH} /usr/bin/cmake /home/joar/subvision_ws/src/PlayStation-JoyInterface-ROS2-humble/p9n_node -DCMAKE_INSTALL_PREFIX=/home/joar/subvision_ws/install/p9n_node
[0.067s] -- The C compiler identification is GNU 11.4.0
[0.126s] -- The CXX compiler identification is GNU 11.4.0
[0.135s] -- Detecting C compiler ABI info
[0.203s] -- Detecting C compiler ABI info - done
[0.210s] -- Check for working C compiler: /usr/bin/cc - skipped
[0.210s] -- Detecting C compile features
[0.210s] -- Detecting C compile features - done
[0.213s] -- Detecting CXX compiler ABI info
[0.300s] -- Detecting CXX compiler ABI info - done
[0.307s] -- Check for working CXX compiler: /usr/bin/c++ - skipped
[0.307s] -- Detecting CXX compile features
[0.308s] -- Detecting CXX compile features - done
[0.310s] -- Found ament_cmake_auto: 1.3.10 (/opt/ros/humble/share/ament_cmake_auto/cmake)
[0.453s] -- Found Python3: /usr/bin/python3 (found version "3.10.12") found components: Interpreter 
[0.654s] -- Found rosidl_generator_c: 3.1.5 (/opt/ros/humble/share/rosidl_generator_c/cmake)
[0.659s] -- Found rosidl_adapter: 3.1.5 (/opt/ros/humble/share/rosidl_adapter/cmake)
[0.667s] -- Found rosidl_generator_cpp: 3.1.5 (/opt/ros/humble/share/rosidl_generator_cpp/cmake)
[0.678s] -- Using all available rosidl_typesupport_c: rosidl_typesupport_fastrtps_c;rosidl_typesupport_introspection_c
[0.689s] -- Using all available rosidl_typesupport_cpp: rosidl_typesupport_fastrtps_cpp;rosidl_typesupport_introspection_cpp
[0.751s] -- Found rmw_implementation_cmake: 6.1.2 (/opt/ros/humble/share/rmw_implementation_cmake/cmake)
[0.753s] -- Found rmw_fastrtps_cpp: 6.2.7 (/opt/ros/humble/share/rmw_fastrtps_cpp/cmake)
[0.857s] -- Found OpenSSL: /usr/lib/x86_64-linux-gnu/libcrypto.so (found version "3.0.2")  
[0.885s] -- Found FastRTPS: /opt/ros/humble/include  
[0.928s] -- Using RMW implementation 'rmw_fastrtps_cpp' as default
[0.936s] -- Looking for pthread.h
[1.016s] -- Looking for pthread.h - found
[1.016s] -- Performing Test CMAKE_HAVE_LIBC_PTHREAD
[1.098s] -- Performing Test CMAKE_HAVE_LIBC_PTHREAD - Success
[1.099s] -- Found Threads: TRUE  
[1.180s] -- Found ament_lint_auto: 0.12.11 (/opt/ros/humble/share/ament_lint_auto/cmake)
[1.197s] -- Added test 'cppcheck' to perform static code analysis on C / C++ code
[1.197s] -- Configured cppcheck include dirs: /home/joar/subvision_ws/src/PlayStation-JoyInterface-ROS2-humble/p9n_node/include
[1.197s] -- Configured cppcheck exclude dirs and/or files: 
[1.198s] -- Added test 'lint_cmake' to check CMake code style
[1.199s] -- Added test 'uncrustify' to check C / C++ code style
[1.199s] -- Configured uncrustify additional arguments: 
[1.199s] -- Added test 'xmllint' to check XML markup files
[1.202s] -- Configuring done
[1.232s] -- Generating done
[1.233s] -- Build files have been written to: /home/joar/subvision_ws/build/p9n_node
[1.247s] Invoked command in '/home/joar/subvision_ws/build/p9n_node' returned '0': AMENT_PREFIX_PATH=/home/joar/subvision_ws/install/p9n_interface:${AMENT_PREFIX_PATH} CMAKE_PREFIX_PATH=/home/joar/subvision_ws/install/p9n_interface:/home/joar/subvision_ws/install/ds4_driver:/home/joar/subvision_ws/install/ds4_driver_msgs:/home/joar/subvision_ws/install/subvision:/opt/ros/humble LD_LIBRARY_PATH=/home/joar/subvision_ws/install/p9n_interface/lib:${LD_LIBRARY_PATH} /usr/bin/cmake /home/joar/subvision_ws/src/PlayStation-JoyInterface-ROS2-humble/p9n_node -DCMAKE_INSTALL_PREFIX=/home/joar/subvision_ws/install/p9n_node
[1.249s] Invoking command in '/home/joar/subvision_ws/build/p9n_node': AMENT_PREFIX_PATH=/home/joar/subvision_ws/install/p9n_interface:${AMENT_PREFIX_PATH} CMAKE_PREFIX_PATH=/home/joar/subvision_ws/install/p9n_interface:/home/joar/subvision_ws/install/ds4_driver:/home/joar/subvision_ws/install/ds4_driver_msgs:/home/joar/subvision_ws/install/subvision:/opt/ros/humble LD_LIBRARY_PATH=/home/joar/subvision_ws/install/p9n_interface/lib:${LD_LIBRARY_PATH} /usr/bin/cmake --build /home/joar/subvision_ws/build/p9n_node -- -j16 -l16
[1.308s] [ 50%] [32mBuilding CXX object CMakeFiles/p9n_node_teleop_twist_joy_node.dir/src/teleop_twist_joy_node.cpp.o[0m
[1.308s] [ 50%] [32mBuilding CXX object CMakeFiles/teleop_twist_joy_node_exec.dir/rclcpp_components/node_main_teleop_twist_joy_node_exec.cpp.o[0m
[4.565s] [ 75%] [32m[1mLinking CXX executable teleop_twist_joy_node_exec[0m
[4.800s] [ 75%] Built target teleop_twist_joy_node_exec
[9.595s] [100%] [32m[1mLinking CXX shared library libp9n_node_teleop_twist_joy_node.so[0m
[10.342s] [100%] Built target p9n_node_teleop_twist_joy_node
[10.356s] Invoked command in '/home/joar/subvision_ws/build/p9n_node' returned '0': AMENT_PREFIX_PATH=/home/joar/subvision_ws/install/p9n_interface:${AMENT_PREFIX_PATH} CMAKE_PREFIX_PATH=/home/joar/subvision_ws/install/p9n_interface:/home/joar/subvision_ws/install/ds4_driver:/home/joar/subvision_ws/install/ds4_driver_msgs:/home/joar/subvision_ws/install/subvision:/opt/ros/humble LD_LIBRARY_PATH=/home/joar/subvision_ws/install/p9n_interface/lib:${LD_LIBRARY_PATH} /usr/bin/cmake --build /home/joar/subvision_ws/build/p9n_node -- -j16 -l16
[10.389s] Invoking command in '/home/joar/subvision_ws/build/p9n_node': AMENT_PREFIX_PATH=/home/joar/subvision_ws/install/p9n_interface:${AMENT_PREFIX_PATH} CMAKE_PREFIX_PATH=/home/joar/subvision_ws/install/p9n_interface:/home/joar/subvision_ws/install/ds4_driver:/home/joar/subvision_ws/install/ds4_driver_msgs:/home/joar/subvision_ws/install/subvision:/opt/ros/humble LD_LIBRARY_PATH=/home/joar/subvision_ws/install/p9n_interface/lib:${LD_LIBRARY_PATH} /usr/bin/cmake --install /home/joar/subvision_ws/build/p9n_node
[10.395s] -- Install configuration: ""
[10.395s] -- Installing: /home/joar/subvision_ws/install/p9n_node/lib/p9n_node/teleop_twist_joy_node_exec
[10.395s] -- Set runtime path of "/home/joar/subvision_ws/install/p9n_node/lib/p9n_node/teleop_twist_joy_node_exec" to ""
[10.396s] -- Installing: /home/joar/subvision_ws/install/p9n_node/include
[10.396s] -- Installing: /home/joar/subvision_ws/install/p9n_node/include/p9n_node
[10.396s] -- Installing: /home/joar/subvision_ws/install/p9n_node/include/p9n_node/teleop_twist_joy_node.hpp
[10.396s] -- Installing: /home/joar/subvision_ws/install/p9n_node/share/p9n_node/environment/library_path.sh
[10.396s] -- Installing: /home/joar/subvision_ws/install/p9n_node/share/p9n_node/environment/library_path.dsv
[10.397s] -- Installing: /home/joar/subvision_ws/install/p9n_node/lib/libp9n_node_teleop_twist_joy_node.so
[10.403s] -- Set runtime path of "/home/joar/subvision_ws/install/p9n_node/lib/libp9n_node_teleop_twist_joy_node.so" to ""
[10.403s] -- Installing: /home/joar/subvision_ws/install/p9n_node/share/ament_index/resource_index/package_run_dependencies/p9n_node
[10.403s] -- Installing: /home/joar/subvision_ws/install/p9n_node/share/ament_index/resource_index/parent_prefix_path/p9n_node
[10.404s] -- Installing: /home/joar/subvision_ws/install/p9n_node/share/p9n_node/environment/ament_prefix_path.sh
[10.404s] -- Installing: /home/joar/subvision_ws/install/p9n_node/share/p9n_node/environment/ament_prefix_path.dsv
[10.404s] -- Installing: /home/joar/subvision_ws/install/p9n_node/share/p9n_node/environment/path.sh
[10.404s] -- Installing: /home/joar/subvision_ws/install/p9n_node/share/p9n_node/environment/path.dsv
[10.404s] -- Installing: /home/joar/subvision_ws/install/p9n_node/share/p9n_node/local_setup.bash
[10.404s] -- Installing: /home/joar/subvision_ws/install/p9n_node/share/p9n_node/local_setup.sh
[10.404s] -- Installing: /home/joar/subvision_ws/install/p9n_node/share/p9n_node/local_setup.zsh
[10.404s] -- Installing: /home/joar/subvision_ws/install/p9n_node/share/p9n_node/local_setup.dsv
[10.405s] -- Installing: /home/joar/subvision_ws/install/p9n_node/share/p9n_node/package.dsv
[10.405s] -- Installing: /home/joar/subvision_ws/install/p9n_node/share/ament_index/resource_index/packages/p9n_node
[10.405s] -- Installing: /home/joar/subvision_ws/install/p9n_node/share/ament_index/resource_index/rclcpp_components/p9n_node
[10.405s] -- Installing: /home/joar/subvision_ws/install/p9n_node/share/p9n_node/cmake/ament_cmake_export_dependencies-extras.cmake
[10.405s] -- Installing: /home/joar/subvision_ws/install/p9n_node/share/p9n_node/cmake/ament_cmake_export_include_directories-extras.cmake
[10.405s] -- Installing: /home/joar/subvision_ws/install/p9n_node/share/p9n_node/cmake/ament_cmake_export_libraries-extras.cmake
[10.405s] -- Installing: /home/joar/subvision_ws/install/p9n_node/share/p9n_node/cmake/p9n_nodeConfig.cmake
[10.406s] -- Installing: /home/joar/subvision_ws/install/p9n_node/share/p9n_node/cmake/p9n_nodeConfig-version.cmake
[10.406s] -- Installing: /home/joar/subvision_ws/install/p9n_node/share/p9n_node/package.xml
[10.408s] Invoked command in '/home/joar/subvision_ws/build/p9n_node' returned '0': AMENT_PREFIX_PATH=/home/joar/subvision_ws/install/p9n_interface:${AMENT_PREFIX_PATH} CMAKE_PREFIX_PATH=/home/joar/subvision_ws/install/p9n_interface:/home/joar/subvision_ws/install/ds4_driver:/home/joar/subvision_ws/install/ds4_driver_msgs:/home/joar/subvision_ws/install/subvision:/opt/ros/humble LD_LIBRARY_PATH=/home/joar/subvision_ws/install/p9n_interface/lib:${LD_LIBRARY_PATH} /usr/bin/cmake --install /home/joar/subvision_ws/build/p9n_node
