running egg_info
writing ../../build/subvision/subvision.egg-info/PKG-INFO
writing dependency_links to ../../build/subvision/subvision.egg-info/dependency_links.txt
writing entry points to ../../build/subvision/subvision.egg-info/entry_points.txt
writing requirements to ../../build/subvision/subvision.egg-info/requires.txt
writing top-level names to ../../build/subvision/subvision.egg-info/top_level.txt
reading manifest file '../../build/subvision/subvision.egg-info/SOURCES.txt'
writing manifest file '../../build/subvision/subvision.egg-info/SOURCES.txt'
running build
running build_py
copying subvision/read_controller.py -> /home/joar/ros2_ws/build/subvision/build/lib/subvision
running install
running install_lib
copying /home/joar/ros2_ws/build/subvision/build/lib/subvision/read_controller.py -> /home/joar/ros2_ws/install/subvision/lib/python3.10/site-packages/subvision
byte-compiling /home/joar/ros2_ws/install/subvision/lib/python3.10/site-packages/subvision/read_controller.py to read_controller.cpython-310.pyc
running install_data
running install_egg_info
removing '/home/joar/ros2_ws/install/subvision/lib/python3.10/site-packages/subvision-0.0.0-py3.10.egg-info' (and everything under it)
Copying ../../build/subvision/subvision.egg-info to /home/joar/ros2_ws/install/subvision/lib/python3.10/site-packages/subvision-0.0.0-py3.10.egg-info
running install_scripts
Installing runROV script to /home/joar/ros2_ws/install/subvision/lib/subvision
writing list of installed files to '/home/joar/ros2_ws/build/subvision/install.log'
