[0.036s] Invoking command in '/home/joar/subvision_ws/build/ds4_driver_msgs': CMAKE_PREFIX_PATH=${CMAKE_PREFIX_PATH}:/home/joar/subvision_ws/install/subvision:/opt/ros/humble /usr/bin/cmake --build /home/joar/subvision_ws/build/ds4_driver_msgs -- -j16 -l16
[0.102s] [  1%] Built target ds4_driver_msgs__cpp
[0.103s] [ 12%] Built target ds4_driver_msgs__rosidl_generator_c
[0.116s] [ 12%] Built target ament_cmake_python_copy_ds4_driver_msgs
[0.132s] [ 23%] Built target ds4_driver_msgs__rosidl_typesupport_c
[0.134s] [ 34%] Built target ds4_driver_msgs__rosidl_typesupport_cpp
[0.136s] [ 56%] Built target ds4_driver_msgs__rosidl_typesupport_introspection_c
[0.137s] [ 56%] Built target ds4_driver_msgs__rosidl_typesupport_fastrtps_cpp
[0.138s] [ 67%] Built target ds4_driver_msgs__rosidl_typesupport_introspection_cpp
[0.153s] [ 78%] Built target ds4_driver_msgs__rosidl_typesupport_fastrtps_c
[0.182s] [ 78%] Built target ds4_driver_msgs
[0.211s] [ 80%] Built target ds4_driver_msgs__py
[0.241s] [ 89%] Built target ds4_driver_msgs__rosidl_generator_py
[0.269s] [ 96%] Built target ds4_driver_msgs__rosidl_typesupport_introspection_c__pyext
[0.270s] [ 96%] Built target ds4_driver_msgs__rosidl_typesupport_fastrtps_c__pyext
[0.273s] [100%] Built target ds4_driver_msgs__rosidl_typesupport_c__pyext
[0.339s] running egg_info
[0.341s] writing ds4_driver_msgs.egg-info/PKG-INFO
[0.341s] writing dependency_links to ds4_driver_msgs.egg-info/dependency_links.txt
[0.341s] writing top-level names to ds4_driver_msgs.egg-info/top_level.txt
[0.344s] reading manifest file 'ds4_driver_msgs.egg-info/SOURCES.txt'
[0.344s] writing manifest file 'ds4_driver_msgs.egg-info/SOURCES.txt'
[0.410s] [100%] Built target ament_cmake_python_build_ds4_driver_msgs_egg
[0.427s] Invoked command in '/home/joar/subvision_ws/build/ds4_driver_msgs' returned '0': CMAKE_PREFIX_PATH=${CMAKE_PREFIX_PATH}:/home/joar/subvision_ws/install/subvision:/opt/ros/humble /usr/bin/cmake --build /home/joar/subvision_ws/build/ds4_driver_msgs -- -j16 -l16
[0.592s] Invoking command in '/home/joar/subvision_ws/build/ds4_driver_msgs': CMAKE_PREFIX_PATH=${CMAKE_PREFIX_PATH}:/home/joar/subvision_ws/install/subvision:/opt/ros/humble /usr/bin/cmake --install /home/joar/subvision_ws/build/ds4_driver_msgs
[0.602s] -- Install configuration: ""
[0.602s] -- Up-to-date: /home/joar/subvision_ws/install/ds4_driver_msgs/share/ament_index/resource_index/rosidl_interfaces/ds4_driver_msgs
[0.602s] -- Up-to-date: /home/joar/subvision_ws/install/ds4_driver_msgs/include/ds4_driver_msgs/ds4_driver_msgs
[0.602s] -- Up-to-date: /home/joar/subvision_ws/install/ds4_driver_msgs/include/ds4_driver_msgs/ds4_driver_msgs/msg
[0.603s] -- Up-to-date: /home/joar/subvision_ws/install/ds4_driver_msgs/include/ds4_driver_msgs/ds4_driver_msgs/msg/detail
[0.603s] -- Up-to-date: /home/joar/subvision_ws/install/ds4_driver_msgs/include/ds4_driver_msgs/ds4_driver_msgs/msg/detail/feedback__struct.h
[0.603s] -- Up-to-date: /home/joar/subvision_ws/install/ds4_driver_msgs/include/ds4_driver_msgs/ds4_driver_msgs/msg/detail/status__functions.h
[0.603s] -- Up-to-date: /home/joar/subvision_ws/install/ds4_driver_msgs/include/ds4_driver_msgs/ds4_driver_msgs/msg/detail/feedback__functions.h
[0.603s] -- Up-to-date: /home/joar/subvision_ws/install/ds4_driver_msgs/include/ds4_driver_msgs/ds4_driver_msgs/msg/detail/trackpad__type_support.h
[0.603s] -- Up-to-date: /home/joar/subvision_ws/install/ds4_driver_msgs/include/ds4_driver_msgs/ds4_driver_msgs/msg/detail/trackpad__functions.c
[0.603s] -- Up-to-date: /home/joar/subvision_ws/install/ds4_driver_msgs/include/ds4_driver_msgs/ds4_driver_msgs/msg/detail/report__functions.h
[0.603s] -- Up-to-date: /home/joar/subvision_ws/install/ds4_driver_msgs/include/ds4_driver_msgs/ds4_driver_msgs/msg/detail/trackpad__functions.h
[0.604s] -- Up-to-date: /home/joar/subvision_ws/install/ds4_driver_msgs/include/ds4_driver_msgs/ds4_driver_msgs/msg/detail/trackpad__struct.h
[0.604s] -- Up-to-date: /home/joar/subvision_ws/install/ds4_driver_msgs/include/ds4_driver_msgs/ds4_driver_msgs/msg/detail/status__struct.h
[0.604s] -- Up-to-date: /home/joar/subvision_ws/install/ds4_driver_msgs/include/ds4_driver_msgs/ds4_driver_msgs/msg/detail/status__type_support.h
[0.604s] -- Up-to-date: /home/joar/subvision_ws/install/ds4_driver_msgs/include/ds4_driver_msgs/ds4_driver_msgs/msg/detail/report__functions.c
[0.604s] -- Up-to-date: /home/joar/subvision_ws/install/ds4_driver_msgs/include/ds4_driver_msgs/ds4_driver_msgs/msg/detail/report__type_support.h
[0.604s] -- Up-to-date: /home/joar/subvision_ws/install/ds4_driver_msgs/include/ds4_driver_msgs/ds4_driver_msgs/msg/detail/status__functions.c
[0.604s] -- Up-to-date: /home/joar/subvision_ws/install/ds4_driver_msgs/include/ds4_driver_msgs/ds4_driver_msgs/msg/detail/feedback__functions.c
[0.604s] -- Up-to-date: /home/joar/subvision_ws/install/ds4_driver_msgs/include/ds4_driver_msgs/ds4_driver_msgs/msg/detail/report__struct.h
[0.604s] -- Up-to-date: /home/joar/subvision_ws/install/ds4_driver_msgs/include/ds4_driver_msgs/ds4_driver_msgs/msg/detail/feedback__type_support.h
[0.604s] -- Up-to-date: /home/joar/subvision_ws/install/ds4_driver_msgs/include/ds4_driver_msgs/ds4_driver_msgs/msg/trackpad.h
[0.604s] -- Up-to-date: /home/joar/subvision_ws/install/ds4_driver_msgs/include/ds4_driver_msgs/ds4_driver_msgs/msg/rosidl_generator_c__visibility_control.h
[0.605s] -- Up-to-date: /home/joar/subvision_ws/install/ds4_driver_msgs/include/ds4_driver_msgs/ds4_driver_msgs/msg/status.h
[0.605s] -- Up-to-date: /home/joar/subvision_ws/install/ds4_driver_msgs/include/ds4_driver_msgs/ds4_driver_msgs/msg/report.h
[0.605s] -- Up-to-date: /home/joar/subvision_ws/install/ds4_driver_msgs/include/ds4_driver_msgs/ds4_driver_msgs/msg/feedback.h
[0.605s] -- Up-to-date: /home/joar/subvision_ws/install/ds4_driver_msgs/share/ds4_driver_msgs/environment/library_path.sh
[0.605s] -- Up-to-date: /home/joar/subvision_ws/install/ds4_driver_msgs/share/ds4_driver_msgs/environment/library_path.dsv
[0.606s] -- Up-to-date: /home/joar/subvision_ws/install/ds4_driver_msgs/lib/libds4_driver_msgs__rosidl_generator_c.so
[0.606s] -- Up-to-date: /home/joar/subvision_ws/install/ds4_driver_msgs/include/ds4_driver_msgs/ds4_driver_msgs
[0.606s] -- Up-to-date: /home/joar/subvision_ws/install/ds4_driver_msgs/include/ds4_driver_msgs/ds4_driver_msgs/msg
[0.606s] -- Up-to-date: /home/joar/subvision_ws/install/ds4_driver_msgs/include/ds4_driver_msgs/ds4_driver_msgs/msg/rosidl_typesupport_fastrtps_c__visibility_control.h
[0.606s] -- Up-to-date: /home/joar/subvision_ws/install/ds4_driver_msgs/include/ds4_driver_msgs/ds4_driver_msgs/msg/detail
[0.606s] -- Up-to-date: /home/joar/subvision_ws/install/ds4_driver_msgs/include/ds4_driver_msgs/ds4_driver_msgs/msg/detail/status__rosidl_typesupport_fastrtps_c.h
[0.606s] -- Up-to-date: /home/joar/subvision_ws/install/ds4_driver_msgs/include/ds4_driver_msgs/ds4_driver_msgs/msg/detail/feedback__rosidl_typesupport_fastrtps_c.h
[0.606s] -- Up-to-date: /home/joar/subvision_ws/install/ds4_driver_msgs/include/ds4_driver_msgs/ds4_driver_msgs/msg/detail/report__rosidl_typesupport_fastrtps_c.h
[0.606s] -- Up-to-date: /home/joar/subvision_ws/install/ds4_driver_msgs/include/ds4_driver_msgs/ds4_driver_msgs/msg/detail/trackpad__rosidl_typesupport_fastrtps_c.h
[0.607s] -- Up-to-date: /home/joar/subvision_ws/install/ds4_driver_msgs/lib/libds4_driver_msgs__rosidl_typesupport_fastrtps_c.so
[0.607s] -- Up-to-date: /home/joar/subvision_ws/install/ds4_driver_msgs/include/ds4_driver_msgs/ds4_driver_msgs
[0.607s] -- Up-to-date: /home/joar/subvision_ws/install/ds4_driver_msgs/include/ds4_driver_msgs/ds4_driver_msgs/msg
[0.607s] -- Up-to-date: /home/joar/subvision_ws/install/ds4_driver_msgs/include/ds4_driver_msgs/ds4_driver_msgs/msg/detail
[0.607s] -- Up-to-date: /home/joar/subvision_ws/install/ds4_driver_msgs/include/ds4_driver_msgs/ds4_driver_msgs/msg/detail/trackpad__traits.hpp
[0.607s] -- Up-to-date: /home/joar/subvision_ws/install/ds4_driver_msgs/include/ds4_driver_msgs/ds4_driver_msgs/msg/detail/status__builder.hpp
[0.607s] -- Up-to-date: /home/joar/subvision_ws/install/ds4_driver_msgs/include/ds4_driver_msgs/ds4_driver_msgs/msg/detail/feedback__traits.hpp
[0.607s] -- Up-to-date: /home/joar/subvision_ws/install/ds4_driver_msgs/include/ds4_driver_msgs/ds4_driver_msgs/msg/detail/report__builder.hpp
[0.607s] -- Up-to-date: /home/joar/subvision_ws/install/ds4_driver_msgs/include/ds4_driver_msgs/ds4_driver_msgs/msg/detail/trackpad__struct.hpp
[0.608s] -- Up-to-date: /home/joar/subvision_ws/install/ds4_driver_msgs/include/ds4_driver_msgs/ds4_driver_msgs/msg/detail/report__struct.hpp
[0.608s] -- Up-to-date: /home/joar/subvision_ws/install/ds4_driver_msgs/include/ds4_driver_msgs/ds4_driver_msgs/msg/detail/feedback__builder.hpp
[0.608s] -- Up-to-date: /home/joar/subvision_ws/install/ds4_driver_msgs/include/ds4_driver_msgs/ds4_driver_msgs/msg/detail/feedback__struct.hpp
[0.608s] -- Up-to-date: /home/joar/subvision_ws/install/ds4_driver_msgs/include/ds4_driver_msgs/ds4_driver_msgs/msg/detail/status__traits.hpp
[0.608s] -- Up-to-date: /home/joar/subvision_ws/install/ds4_driver_msgs/include/ds4_driver_msgs/ds4_driver_msgs/msg/detail/status__struct.hpp
[0.608s] -- Up-to-date: /home/joar/subvision_ws/install/ds4_driver_msgs/include/ds4_driver_msgs/ds4_driver_msgs/msg/detail/report__traits.hpp
[0.608s] -- Up-to-date: /home/joar/subvision_ws/install/ds4_driver_msgs/include/ds4_driver_msgs/ds4_driver_msgs/msg/detail/trackpad__builder.hpp
[0.608s] -- Up-to-date: /home/joar/subvision_ws/install/ds4_driver_msgs/include/ds4_driver_msgs/ds4_driver_msgs/msg/trackpad.hpp
[0.608s] -- Up-to-date: /home/joar/subvision_ws/install/ds4_driver_msgs/include/ds4_driver_msgs/ds4_driver_msgs/msg/status.hpp
[0.609s] -- Up-to-date: /home/joar/subvision_ws/install/ds4_driver_msgs/include/ds4_driver_msgs/ds4_driver_msgs/msg/report.hpp
[0.609s] -- Up-to-date: /home/joar/subvision_ws/install/ds4_driver_msgs/include/ds4_driver_msgs/ds4_driver_msgs/msg/feedback.hpp
[0.609s] -- Up-to-date: /home/joar/subvision_ws/install/ds4_driver_msgs/include/ds4_driver_msgs/ds4_driver_msgs
[0.609s] -- Up-to-date: /home/joar/subvision_ws/install/ds4_driver_msgs/include/ds4_driver_msgs/ds4_driver_msgs/msg
[0.609s] -- Up-to-date: /home/joar/subvision_ws/install/ds4_driver_msgs/include/ds4_driver_msgs/ds4_driver_msgs/msg/detail
[0.609s] -- Up-to-date: /home/joar/subvision_ws/install/ds4_driver_msgs/include/ds4_driver_msgs/ds4_driver_msgs/msg/detail/trackpad__rosidl_typesupport_fastrtps_cpp.hpp
[0.610s] -- Up-to-date: /home/joar/subvision_ws/install/ds4_driver_msgs/include/ds4_driver_msgs/ds4_driver_msgs/msg/detail/report__rosidl_typesupport_fastrtps_cpp.hpp
[0.610s] -- Up-to-date: /home/joar/subvision_ws/install/ds4_driver_msgs/include/ds4_driver_msgs/ds4_driver_msgs/msg/detail/feedback__rosidl_typesupport_fastrtps_cpp.hpp
[0.610s] -- Up-to-date: /home/joar/subvision_ws/install/ds4_driver_msgs/include/ds4_driver_msgs/ds4_driver_msgs/msg/detail/dds_fastrtps
[0.610s] -- Up-to-date: /home/joar/subvision_ws/install/ds4_driver_msgs/include/ds4_driver_msgs/ds4_driver_msgs/msg/detail/status__rosidl_typesupport_fastrtps_cpp.hpp
[0.610s] -- Up-to-date: /home/joar/subvision_ws/install/ds4_driver_msgs/include/ds4_driver_msgs/ds4_driver_msgs/msg/rosidl_typesupport_fastrtps_cpp__visibility_control.h
[0.610s] -- Up-to-date: /home/joar/subvision_ws/install/ds4_driver_msgs/lib/libds4_driver_msgs__rosidl_typesupport_fastrtps_cpp.so
[0.611s] -- Up-to-date: /home/joar/subvision_ws/install/ds4_driver_msgs/include/ds4_driver_msgs/ds4_driver_msgs
[0.612s] -- Up-to-date: /home/joar/subvision_ws/install/ds4_driver_msgs/include/ds4_driver_msgs/ds4_driver_msgs/msg
[0.612s] -- Up-to-date: /home/joar/subvision_ws/install/ds4_driver_msgs/include/ds4_driver_msgs/ds4_driver_msgs/msg/detail
[0.612s] -- Up-to-date: /home/joar/subvision_ws/install/ds4_driver_msgs/include/ds4_driver_msgs/ds4_driver_msgs/msg/detail/status__rosidl_typesupport_introspection_c.h
[0.612s] -- Up-to-date: /home/joar/subvision_ws/install/ds4_driver_msgs/include/ds4_driver_msgs/ds4_driver_msgs/msg/detail/feedback__rosidl_typesupport_introspection_c.h
[0.612s] -- Up-to-date: /home/joar/subvision_ws/install/ds4_driver_msgs/include/ds4_driver_msgs/ds4_driver_msgs/msg/detail/feedback__type_support.c
[0.612s] -- Up-to-date: /home/joar/subvision_ws/install/ds4_driver_msgs/include/ds4_driver_msgs/ds4_driver_msgs/msg/detail/report__rosidl_typesupport_introspection_c.h
[0.613s] -- Up-to-date: /home/joar/subvision_ws/install/ds4_driver_msgs/include/ds4_driver_msgs/ds4_driver_msgs/msg/detail/trackpad__type_support.c
[0.613s] -- Up-to-date: /home/joar/subvision_ws/install/ds4_driver_msgs/include/ds4_driver_msgs/ds4_driver_msgs/msg/detail/trackpad__rosidl_typesupport_introspection_c.h
[0.613s] -- Up-to-date: /home/joar/subvision_ws/install/ds4_driver_msgs/include/ds4_driver_msgs/ds4_driver_msgs/msg/detail/status__type_support.c
[0.613s] -- Up-to-date: /home/joar/subvision_ws/install/ds4_driver_msgs/include/ds4_driver_msgs/ds4_driver_msgs/msg/detail/report__type_support.c
[0.613s] -- Up-to-date: /home/joar/subvision_ws/install/ds4_driver_msgs/include/ds4_driver_msgs/ds4_driver_msgs/msg/rosidl_typesupport_introspection_c__visibility_control.h
[0.613s] -- Up-to-date: /home/joar/subvision_ws/install/ds4_driver_msgs/lib/libds4_driver_msgs__rosidl_typesupport_introspection_c.so
[0.615s] -- Up-to-date: /home/joar/subvision_ws/install/ds4_driver_msgs/lib/libds4_driver_msgs__rosidl_typesupport_c.so
[0.615s] -- Up-to-date: /home/joar/subvision_ws/install/ds4_driver_msgs/include/ds4_driver_msgs/ds4_driver_msgs
[0.616s] -- Up-to-date: /home/joar/subvision_ws/install/ds4_driver_msgs/include/ds4_driver_msgs/ds4_driver_msgs/msg
[0.616s] -- Up-to-date: /home/joar/subvision_ws/install/ds4_driver_msgs/include/ds4_driver_msgs/ds4_driver_msgs/msg/detail
[0.616s] -- Up-to-date: /home/joar/subvision_ws/install/ds4_driver_msgs/include/ds4_driver_msgs/ds4_driver_msgs/msg/detail/feedback__rosidl_typesupport_introspection_cpp.hpp
[0.616s] -- Up-to-date: /home/joar/subvision_ws/install/ds4_driver_msgs/include/ds4_driver_msgs/ds4_driver_msgs/msg/detail/report__rosidl_typesupport_introspection_cpp.hpp
[0.616s] -- Up-to-date: /home/joar/subvision_ws/install/ds4_driver_msgs/include/ds4_driver_msgs/ds4_driver_msgs/msg/detail/report__type_support.cpp
[0.616s] -- Up-to-date: /home/joar/subvision_ws/install/ds4_driver_msgs/include/ds4_driver_msgs/ds4_driver_msgs/msg/detail/feedback__type_support.cpp
[0.616s] -- Up-to-date: /home/joar/subvision_ws/install/ds4_driver_msgs/include/ds4_driver_msgs/ds4_driver_msgs/msg/detail/trackpad__rosidl_typesupport_introspection_cpp.hpp
[0.616s] -- Up-to-date: /home/joar/subvision_ws/install/ds4_driver_msgs/include/ds4_driver_msgs/ds4_driver_msgs/msg/detail/trackpad__type_support.cpp
[0.616s] -- Up-to-date: /home/joar/subvision_ws/install/ds4_driver_msgs/include/ds4_driver_msgs/ds4_driver_msgs/msg/detail/status__type_support.cpp
[0.616s] -- Up-to-date: /home/joar/subvision_ws/install/ds4_driver_msgs/include/ds4_driver_msgs/ds4_driver_msgs/msg/detail/status__rosidl_typesupport_introspection_cpp.hpp
[0.616s] -- Up-to-date: /home/joar/subvision_ws/install/ds4_driver_msgs/lib/libds4_driver_msgs__rosidl_typesupport_introspection_cpp.so
[0.617s] -- Up-to-date: /home/joar/subvision_ws/install/ds4_driver_msgs/lib/libds4_driver_msgs__rosidl_typesupport_cpp.so
[0.617s] -- Up-to-date: /home/joar/subvision_ws/install/ds4_driver_msgs/share/ds4_driver_msgs/environment/pythonpath.sh
[0.617s] -- Up-to-date: /home/joar/subvision_ws/install/ds4_driver_msgs/share/ds4_driver_msgs/environment/pythonpath.dsv
[0.617s] -- Up-to-date: /home/joar/subvision_ws/install/ds4_driver_msgs/local/lib/python3.10/dist-packages/ds4_driver_msgs-0.0.0-py3.10.egg-info
[0.617s] -- Installing: /home/joar/subvision_ws/install/ds4_driver_msgs/local/lib/python3.10/dist-packages/ds4_driver_msgs-0.0.0-py3.10.egg-info/top_level.txt
[0.618s] -- Installing: /home/joar/subvision_ws/install/ds4_driver_msgs/local/lib/python3.10/dist-packages/ds4_driver_msgs-0.0.0-py3.10.egg-info/SOURCES.txt
[0.618s] -- Installing: /home/joar/subvision_ws/install/ds4_driver_msgs/local/lib/python3.10/dist-packages/ds4_driver_msgs-0.0.0-py3.10.egg-info/PKG-INFO
[0.618s] -- Installing: /home/joar/subvision_ws/install/ds4_driver_msgs/local/lib/python3.10/dist-packages/ds4_driver_msgs-0.0.0-py3.10.egg-info/dependency_links.txt
[0.618s] -- Up-to-date: /home/joar/subvision_ws/install/ds4_driver_msgs/local/lib/python3.10/dist-packages/ds4_driver_msgs
[0.618s] -- Up-to-date: /home/joar/subvision_ws/install/ds4_driver_msgs/local/lib/python3.10/dist-packages/ds4_driver_msgs/_ds4_driver_msgs_s.ep.rosidl_typesupport_c.c
[0.618s] -- Up-to-date: /home/joar/subvision_ws/install/ds4_driver_msgs/local/lib/python3.10/dist-packages/ds4_driver_msgs/__init__.py
[0.619s] -- Up-to-date: /home/joar/subvision_ws/install/ds4_driver_msgs/local/lib/python3.10/dist-packages/ds4_driver_msgs/ds4_driver_msgs_s__rosidl_typesupport_c.cpython-310-x86_64-linux-gnu.so
[0.619s] -- Up-to-date: /home/joar/subvision_ws/install/ds4_driver_msgs/local/lib/python3.10/dist-packages/ds4_driver_msgs/_ds4_driver_msgs_s.ep.rosidl_typesupport_introspection_c.c
[0.619s] -- Up-to-date: /home/joar/subvision_ws/install/ds4_driver_msgs/local/lib/python3.10/dist-packages/ds4_driver_msgs/_ds4_driver_msgs_s.ep.rosidl_typesupport_fastrtps_c.c
[0.619s] -- Up-to-date: /home/joar/subvision_ws/install/ds4_driver_msgs/local/lib/python3.10/dist-packages/ds4_driver_msgs/libds4_driver_msgs__rosidl_generator_py.so
[0.619s] -- Up-to-date: /home/joar/subvision_ws/install/ds4_driver_msgs/local/lib/python3.10/dist-packages/ds4_driver_msgs/ds4_driver_msgs_s__rosidl_typesupport_fastrtps_c.cpython-310-x86_64-linux-gnu.so
[0.619s] -- Up-to-date: /home/joar/subvision_ws/install/ds4_driver_msgs/local/lib/python3.10/dist-packages/ds4_driver_msgs/ds4_driver_msgs_s__rosidl_typesupport_introspection_c.cpython-310-x86_64-linux-gnu.so
[0.619s] -- Up-to-date: /home/joar/subvision_ws/install/ds4_driver_msgs/local/lib/python3.10/dist-packages/ds4_driver_msgs/msg
[0.619s] -- Up-to-date: /home/joar/subvision_ws/install/ds4_driver_msgs/local/lib/python3.10/dist-packages/ds4_driver_msgs/msg/_status_s.c
[0.620s] -- Up-to-date: /home/joar/subvision_ws/install/ds4_driver_msgs/local/lib/python3.10/dist-packages/ds4_driver_msgs/msg/__init__.py
[0.620s] -- Up-to-date: /home/joar/subvision_ws/install/ds4_driver_msgs/local/lib/python3.10/dist-packages/ds4_driver_msgs/msg/_feedback_s.c
[0.620s] -- Up-to-date: /home/joar/subvision_ws/install/ds4_driver_msgs/local/lib/python3.10/dist-packages/ds4_driver_msgs/msg/_feedback.py
[0.620s] -- Up-to-date: /home/joar/subvision_ws/install/ds4_driver_msgs/local/lib/python3.10/dist-packages/ds4_driver_msgs/msg/_trackpad_s.c
[0.620s] -- Up-to-date: /home/joar/subvision_ws/install/ds4_driver_msgs/local/lib/python3.10/dist-packages/ds4_driver_msgs/msg/_report_s.c
[0.620s] -- Up-to-date: /home/joar/subvision_ws/install/ds4_driver_msgs/local/lib/python3.10/dist-packages/ds4_driver_msgs/msg/_report.py
[0.620s] -- Up-to-date: /home/joar/subvision_ws/install/ds4_driver_msgs/local/lib/python3.10/dist-packages/ds4_driver_msgs/msg/_status.py
[0.620s] -- Up-to-date: /home/joar/subvision_ws/install/ds4_driver_msgs/local/lib/python3.10/dist-packages/ds4_driver_msgs/msg/_trackpad.py
[0.648s] Listing '/home/joar/subvision_ws/install/ds4_driver_msgs/local/lib/python3.10/dist-packages/ds4_driver_msgs'...
[0.648s] Listing '/home/joar/subvision_ws/install/ds4_driver_msgs/local/lib/python3.10/dist-packages/ds4_driver_msgs/msg'...
[0.661s] -- Up-to-date: /home/joar/subvision_ws/install/ds4_driver_msgs/local/lib/python3.10/dist-packages/ds4_driver_msgs/ds4_driver_msgs_s__rosidl_typesupport_fastrtps_c.cpython-310-x86_64-linux-gnu.so
[0.662s] -- Up-to-date: /home/joar/subvision_ws/install/ds4_driver_msgs/local/lib/python3.10/dist-packages/ds4_driver_msgs/ds4_driver_msgs_s__rosidl_typesupport_introspection_c.cpython-310-x86_64-linux-gnu.so
[0.662s] -- Up-to-date: /home/joar/subvision_ws/install/ds4_driver_msgs/local/lib/python3.10/dist-packages/ds4_driver_msgs/ds4_driver_msgs_s__rosidl_typesupport_c.cpython-310-x86_64-linux-gnu.so
[0.662s] -- Up-to-date: /home/joar/subvision_ws/install/ds4_driver_msgs/lib/libds4_driver_msgs__rosidl_generator_py.so
[0.663s] -- Up-to-date: /home/joar/subvision_ws/install/ds4_driver_msgs/share/ds4_driver_msgs/msg/Feedback.idl
[0.663s] -- Up-to-date: /home/joar/subvision_ws/install/ds4_driver_msgs/share/ds4_driver_msgs/msg/Status.idl
[0.664s] -- Up-to-date: /home/joar/subvision_ws/install/ds4_driver_msgs/share/ds4_driver_msgs/msg/Report.idl
[0.664s] -- Up-to-date: /home/joar/subvision_ws/install/ds4_driver_msgs/share/ds4_driver_msgs/msg/Trackpad.idl
[0.664s] -- Up-to-date: /home/joar/subvision_ws/install/ds4_driver_msgs/share/ds4_driver_msgs/msg/Feedback.msg
[0.664s] -- Up-to-date: /home/joar/subvision_ws/install/ds4_driver_msgs/share/ds4_driver_msgs/msg/Status.msg
[0.664s] -- Up-to-date: /home/joar/subvision_ws/install/ds4_driver_msgs/share/ds4_driver_msgs/msg/Report.msg
[0.666s] -- Up-to-date: /home/joar/subvision_ws/install/ds4_driver_msgs/share/ds4_driver_msgs/msg/Trackpad.msg
[0.666s] -- Up-to-date: /home/joar/subvision_ws/install/ds4_driver_msgs/share/ament_index/resource_index/package_run_dependencies/ds4_driver_msgs
[0.666s] -- Up-to-date: /home/joar/subvision_ws/install/ds4_driver_msgs/share/ament_index/resource_index/parent_prefix_path/ds4_driver_msgs
[0.666s] -- Up-to-date: /home/joar/subvision_ws/install/ds4_driver_msgs/share/ds4_driver_msgs/environment/ament_prefix_path.sh
[0.666s] -- Up-to-date: /home/joar/subvision_ws/install/ds4_driver_msgs/share/ds4_driver_msgs/environment/ament_prefix_path.dsv
[0.666s] -- Up-to-date: /home/joar/subvision_ws/install/ds4_driver_msgs/share/ds4_driver_msgs/environment/path.sh
[0.666s] -- Up-to-date: /home/joar/subvision_ws/install/ds4_driver_msgs/share/ds4_driver_msgs/environment/path.dsv
[0.666s] -- Up-to-date: /home/joar/subvision_ws/install/ds4_driver_msgs/share/ds4_driver_msgs/local_setup.bash
[0.666s] -- Up-to-date: /home/joar/subvision_ws/install/ds4_driver_msgs/share/ds4_driver_msgs/local_setup.sh
[0.666s] -- Up-to-date: /home/joar/subvision_ws/install/ds4_driver_msgs/share/ds4_driver_msgs/local_setup.zsh
[0.666s] -- Up-to-date: /home/joar/subvision_ws/install/ds4_driver_msgs/share/ds4_driver_msgs/local_setup.dsv
[0.667s] -- Installing: /home/joar/subvision_ws/install/ds4_driver_msgs/share/ds4_driver_msgs/package.dsv
[0.667s] -- Up-to-date: /home/joar/subvision_ws/install/ds4_driver_msgs/share/ament_index/resource_index/packages/ds4_driver_msgs
[0.668s] -- Up-to-date: /home/joar/subvision_ws/install/ds4_driver_msgs/share/ds4_driver_msgs/cmake/export_ds4_driver_msgs__rosidl_generator_cExport.cmake
[0.668s] -- Up-to-date: /home/joar/subvision_ws/install/ds4_driver_msgs/share/ds4_driver_msgs/cmake/export_ds4_driver_msgs__rosidl_generator_cExport-noconfig.cmake
[0.668s] -- Up-to-date: /home/joar/subvision_ws/install/ds4_driver_msgs/share/ds4_driver_msgs/cmake/export_ds4_driver_msgs__rosidl_typesupport_fastrtps_cExport.cmake
[0.669s] -- Up-to-date: /home/joar/subvision_ws/install/ds4_driver_msgs/share/ds4_driver_msgs/cmake/export_ds4_driver_msgs__rosidl_typesupport_fastrtps_cExport-noconfig.cmake
[0.669s] -- Up-to-date: /home/joar/subvision_ws/install/ds4_driver_msgs/share/ds4_driver_msgs/cmake/export_ds4_driver_msgs__rosidl_generator_cppExport.cmake
[0.669s] -- Up-to-date: /home/joar/subvision_ws/install/ds4_driver_msgs/share/ds4_driver_msgs/cmake/export_ds4_driver_msgs__rosidl_typesupport_fastrtps_cppExport.cmake
[0.669s] -- Up-to-date: /home/joar/subvision_ws/install/ds4_driver_msgs/share/ds4_driver_msgs/cmake/export_ds4_driver_msgs__rosidl_typesupport_fastrtps_cppExport-noconfig.cmake
[0.669s] -- Up-to-date: /home/joar/subvision_ws/install/ds4_driver_msgs/share/ds4_driver_msgs/cmake/ds4_driver_msgs__rosidl_typesupport_introspection_cExport.cmake
[0.669s] -- Up-to-date: /home/joar/subvision_ws/install/ds4_driver_msgs/share/ds4_driver_msgs/cmake/ds4_driver_msgs__rosidl_typesupport_introspection_cExport-noconfig.cmake
[0.669s] -- Up-to-date: /home/joar/subvision_ws/install/ds4_driver_msgs/share/ds4_driver_msgs/cmake/ds4_driver_msgs__rosidl_typesupport_cExport.cmake
[0.669s] -- Up-to-date: /home/joar/subvision_ws/install/ds4_driver_msgs/share/ds4_driver_msgs/cmake/ds4_driver_msgs__rosidl_typesupport_cExport-noconfig.cmake
[0.669s] -- Up-to-date: /home/joar/subvision_ws/install/ds4_driver_msgs/share/ds4_driver_msgs/cmake/ds4_driver_msgs__rosidl_typesupport_introspection_cppExport.cmake
[0.669s] -- Up-to-date: /home/joar/subvision_ws/install/ds4_driver_msgs/share/ds4_driver_msgs/cmake/ds4_driver_msgs__rosidl_typesupport_introspection_cppExport-noconfig.cmake
[0.669s] -- Up-to-date: /home/joar/subvision_ws/install/ds4_driver_msgs/share/ds4_driver_msgs/cmake/ds4_driver_msgs__rosidl_typesupport_cppExport.cmake
[0.669s] -- Up-to-date: /home/joar/subvision_ws/install/ds4_driver_msgs/share/ds4_driver_msgs/cmake/ds4_driver_msgs__rosidl_typesupport_cppExport-noconfig.cmake
[0.669s] -- Up-to-date: /home/joar/subvision_ws/install/ds4_driver_msgs/share/ds4_driver_msgs/cmake/export_ds4_driver_msgs__rosidl_generator_pyExport.cmake
[0.669s] -- Up-to-date: /home/joar/subvision_ws/install/ds4_driver_msgs/share/ds4_driver_msgs/cmake/export_ds4_driver_msgs__rosidl_generator_pyExport-noconfig.cmake
[0.669s] -- Up-to-date: /home/joar/subvision_ws/install/ds4_driver_msgs/share/ds4_driver_msgs/cmake/rosidl_cmake-extras.cmake
[0.669s] -- Up-to-date: /home/joar/subvision_ws/install/ds4_driver_msgs/share/ds4_driver_msgs/cmake/ament_cmake_export_dependencies-extras.cmake
[0.670s] -- Up-to-date: /home/joar/subvision_ws/install/ds4_driver_msgs/share/ds4_driver_msgs/cmake/ament_cmake_export_include_directories-extras.cmake
[0.670s] -- Up-to-date: /home/joar/subvision_ws/install/ds4_driver_msgs/share/ds4_driver_msgs/cmake/ament_cmake_export_libraries-extras.cmake
[0.670s] -- Up-to-date: /home/joar/subvision_ws/install/ds4_driver_msgs/share/ds4_driver_msgs/cmake/ament_cmake_export_targets-extras.cmake
[0.670s] -- Up-to-date: /home/joar/subvision_ws/install/ds4_driver_msgs/share/ds4_driver_msgs/cmake/rosidl_cmake_export_typesupport_targets-extras.cmake
[0.670s] -- Up-to-date: /home/joar/subvision_ws/install/ds4_driver_msgs/share/ds4_driver_msgs/cmake/rosidl_cmake_export_typesupport_libraries-extras.cmake
[0.671s] -- Up-to-date: /home/joar/subvision_ws/install/ds4_driver_msgs/share/ds4_driver_msgs/cmake/ds4_driver_msgsConfig.cmake
[0.671s] -- Up-to-date: /home/joar/subvision_ws/install/ds4_driver_msgs/share/ds4_driver_msgs/cmake/ds4_driver_msgsConfig-version.cmake
[0.671s] -- Up-to-date: /home/joar/subvision_ws/install/ds4_driver_msgs/share/ds4_driver_msgs/package.xml
[0.674s] Invoked command in '/home/joar/subvision_ws/build/ds4_driver_msgs' returned '0': CMAKE_PREFIX_PATH=${CMAKE_PREFIX_PATH}:/home/joar/subvision_ws/install/subvision:/opt/ros/humble /usr/bin/cmake --install /home/joar/subvision_ws/build/ds4_driver_msgs
