[0.019s] Invoking command in '/home/joar/subvision_ws/build/p9n_interface': CMAKE_PREFIX_PATH=${CMAKE_PREFIX_PATH}:/home/joar/subvision_ws/install/subvision:/opt/ros/humble /usr/bin/cmake --build /home/joar/subvision_ws/build/p9n_interface -- -j16 -l16
[0.062s] [35m[1mConsolidate compiler generated dependencies of target p9n_interface[0m
[0.080s] [100%] Built target p9n_interface
[0.265s] Invoked command in '/home/joar/subvision_ws/build/p9n_interface' returned '0': CMAKE_PREFIX_PATH=${CMAKE_PREFIX_PATH}:/home/joar/subvision_ws/install/subvision:/opt/ros/humble /usr/bin/cmake --build /home/joar/subvision_ws/build/p9n_interface -- -j16 -l16
[0.306s] Invoking command in '/home/joar/subvision_ws/build/p9n_interface': CMAKE_PREFIX_PATH=${CMAKE_PREFIX_PATH}:/home/joar/subvision_ws/install/subvision:/opt/ros/humble /usr/bin/cmake --install /home/joar/subvision_ws/build/p9n_interface
[0.314s] -- Install configuration: ""
[0.314s] -- Up-to-date: /home/joar/subvision_ws/install/p9n_interface/include
[0.314s] -- Up-to-date: /home/joar/subvision_ws/install/p9n_interface/include/p9n_interface
[0.314s] -- Up-to-date: /home/joar/subvision_ws/install/p9n_interface/include/p9n_interface/ps4_dualshock4.hpp
[0.314s] -- Up-to-date: /home/joar/subvision_ws/install/p9n_interface/include/p9n_interface/ps5_dualsense.hpp
[0.314s] -- Up-to-date: /home/joar/subvision_ws/install/p9n_interface/include/p9n_interface/hw_types.hpp
[0.314s] -- Up-to-date: /home/joar/subvision_ws/install/p9n_interface/include/p9n_interface/p9n_interface.hpp
[0.314s] -- Up-to-date: /home/joar/subvision_ws/install/p9n_interface/include/p9n_interface/ps3_dualshock3.hpp
[0.314s] -- Up-to-date: /home/joar/subvision_ws/install/p9n_interface/share/p9n_interface/environment/library_path.sh
[0.314s] -- Up-to-date: /home/joar/subvision_ws/install/p9n_interface/share/p9n_interface/environment/library_path.dsv
[0.314s] -- Up-to-date: /home/joar/subvision_ws/install/p9n_interface/lib/libp9n_interface.a
[0.314s] -- Up-to-date: /home/joar/subvision_ws/install/p9n_interface/share/ament_index/resource_index/package_run_dependencies/p9n_interface
[0.315s] -- Up-to-date: /home/joar/subvision_ws/install/p9n_interface/share/ament_index/resource_index/parent_prefix_path/p9n_interface
[0.315s] -- Up-to-date: /home/joar/subvision_ws/install/p9n_interface/share/p9n_interface/environment/ament_prefix_path.sh
[0.315s] -- Up-to-date: /home/joar/subvision_ws/install/p9n_interface/share/p9n_interface/environment/ament_prefix_path.dsv
[0.315s] -- Up-to-date: /home/joar/subvision_ws/install/p9n_interface/share/p9n_interface/environment/path.sh
[0.315s] -- Up-to-date: /home/joar/subvision_ws/install/p9n_interface/share/p9n_interface/environment/path.dsv
[0.315s] -- Up-to-date: /home/joar/subvision_ws/install/p9n_interface/share/p9n_interface/local_setup.bash
[0.315s] -- Up-to-date: /home/joar/subvision_ws/install/p9n_interface/share/p9n_interface/local_setup.sh
[0.315s] -- Up-to-date: /home/joar/subvision_ws/install/p9n_interface/share/p9n_interface/local_setup.zsh
[0.315s] -- Up-to-date: /home/joar/subvision_ws/install/p9n_interface/share/p9n_interface/local_setup.dsv
[0.315s] -- Installing: /home/joar/subvision_ws/install/p9n_interface/share/p9n_interface/package.dsv
[0.315s] -- Up-to-date: /home/joar/subvision_ws/install/p9n_interface/share/ament_index/resource_index/packages/p9n_interface
[0.315s] -- Up-to-date: /home/joar/subvision_ws/install/p9n_interface/share/p9n_interface/cmake/ament_cmake_export_dependencies-extras.cmake
[0.315s] -- Up-to-date: /home/joar/subvision_ws/install/p9n_interface/share/p9n_interface/cmake/ament_cmake_export_include_directories-extras.cmake
[0.315s] -- Up-to-date: /home/joar/subvision_ws/install/p9n_interface/share/p9n_interface/cmake/ament_cmake_export_libraries-extras.cmake
[0.315s] -- Up-to-date: /home/joar/subvision_ws/install/p9n_interface/share/p9n_interface/cmake/p9n_interfaceConfig.cmake
[0.315s] -- Up-to-date: /home/joar/subvision_ws/install/p9n_interface/share/p9n_interface/cmake/p9n_interfaceConfig-version.cmake
[0.315s] -- Up-to-date: /home/joar/subvision_ws/install/p9n_interface/share/p9n_interface/package.xml
[0.317s] Invoked command in '/home/joar/subvision_ws/build/p9n_interface' returned '0': CMAKE_PREFIX_PATH=${CMAKE_PREFIX_PATH}:/home/joar/subvision_ws/install/subvision:/opt/ros/humble /usr/bin/cmake --install /home/joar/subvision_ws/build/p9n_interface
