[0.583s] Invoking command in '/home/joar/ros2_ws/src/subvision': PYTHONPATH=/home/joar/ros2_ws/build/subvision/prefix_override:/usr/lib/python3/dist-packages/colcon_core/task/python/colcon_distutils_commands:/home/joar/ros2_ws/install/subvision/lib/python3.10/site-packages:${PYTHONPATH} /usr/bin/python3 -W ignore:setup.py install is deprecated setup.py egg_info --egg-base ../../build/subvision build --build-base /home/joar/ros2_ws/build/subvision/build install --record /home/joar/ros2_ws/build/subvision/install.log --single-version-externally-managed install_data
[0.761s] running egg_info
[0.761s] creating ../../build/subvision/subvision.egg-info
[0.762s] writing ../../build/subvision/subvision.egg-info/PKG-INFO
[0.762s] writing dependency_links to ../../build/subvision/subvision.egg-info/dependency_links.txt
[0.762s] writing entry points to ../../build/subvision/subvision.egg-info/entry_points.txt
[0.762s] writing requirements to ../../build/subvision/subvision.egg-info/requires.txt
[0.762s] writing top-level names to ../../build/subvision/subvision.egg-info/top_level.txt
[0.762s] writing manifest file '../../build/subvision/subvision.egg-info/SOURCES.txt'
[0.764s] reading manifest file '../../build/subvision/subvision.egg-info/SOURCES.txt'
[0.764s] writing manifest file '../../build/subvision/subvision.egg-info/SOURCES.txt'
[0.765s] running build
[0.765s] running build_py
[0.765s] creating /home/joar/ros2_ws/build/subvision/build
[0.765s] creating /home/joar/ros2_ws/build/subvision/build/lib
[0.765s] creating /home/joar/ros2_ws/build/subvision/build/lib/subvision
[0.765s] copying subvision/__init__.py -> /home/joar/ros2_ws/build/subvision/build/lib/subvision
[0.765s] running install
[0.765s] running install_lib
[0.766s] creating /home/joar/ros2_ws/install/subvision/lib/python3.10/site-packages/subvision
[0.766s] copying /home/joar/ros2_ws/build/subvision/build/lib/subvision/__init__.py -> /home/joar/ros2_ws/install/subvision/lib/python3.10/site-packages/subvision
[0.766s] byte-compiling /home/joar/ros2_ws/install/subvision/lib/python3.10/site-packages/subvision/__init__.py to __init__.cpython-310.pyc
[0.767s] running install_data
[0.767s] creating /home/joar/ros2_ws/install/subvision/share/ament_index
[0.767s] creating /home/joar/ros2_ws/install/subvision/share/ament_index/resource_index
[0.767s] creating /home/joar/ros2_ws/install/subvision/share/ament_index/resource_index/packages
[0.767s] copying resource/subvision -> /home/joar/ros2_ws/install/subvision/share/ament_index/resource_index/packages
[0.767s] copying package.xml -> /home/joar/ros2_ws/install/subvision/share/subvision
[0.767s] running install_egg_info
[0.769s] Copying ../../build/subvision/subvision.egg-info to /home/joar/ros2_ws/install/subvision/lib/python3.10/site-packages/subvision-0.0.0-py3.10.egg-info
[0.770s] running install_scripts
[0.788s] writing list of installed files to '/home/joar/ros2_ws/build/subvision/install.log'
[0.830s] Invoked command in '/home/joar/ros2_ws/src/subvision' returned '0': PYTHONPATH=/home/joar/ros2_ws/build/subvision/prefix_override:/usr/lib/python3/dist-packages/colcon_core/task/python/colcon_distutils_commands:/home/joar/ros2_ws/install/subvision/lib/python3.10/site-packages:${PYTHONPATH} /usr/bin/python3 -W ignore:setup.py install is deprecated setup.py egg_info --egg-base ../../build/subvision build --build-base /home/joar/ros2_ws/build/subvision/build install --record /home/joar/ros2_ws/build/subvision/install.log --single-version-externally-managed install_data
