[0.563s] Invoking command in '/home/joar/ros2_ws/src/subvision': PYTHONPATH=/home/joar/ros2_ws/src/subvision/build/subvision/prefix_override:/usr/lib/python3/dist-packages/colcon_core/task/python/colcon_distutils_commands:/home/joar/ros2_ws/src/subvision/install/subvision/lib/python3.10/site-packages:${PYTHONPATH} /usr/bin/python3 -W ignore:setup.py install is deprecated setup.py egg_info --egg-base build/subvision build --build-base /home/joar/ros2_ws/src/subvision/build/subvision/build install --record /home/joar/ros2_ws/src/subvision/build/subvision/install.log --single-version-externally-managed install_data
[0.747s] running egg_info
[0.747s] creating build/subvision/subvision.egg-info
[0.748s] writing build/subvision/subvision.egg-info/PKG-INFO
[0.749s] writing dependency_links to build/subvision/subvision.egg-info/dependency_links.txt
[0.749s] writing entry points to build/subvision/subvision.egg-info/entry_points.txt
[0.749s] writing requirements to build/subvision/subvision.egg-info/requires.txt
[0.749s] writing top-level names to build/subvision/subvision.egg-info/top_level.txt
[0.749s] writing manifest file 'build/subvision/subvision.egg-info/SOURCES.txt'
[0.751s] reading manifest file 'build/subvision/subvision.egg-info/SOURCES.txt'
[0.751s] writing manifest file 'build/subvision/subvision.egg-info/SOURCES.txt'
[0.752s] running build
[0.752s] running build_py
[0.752s] creating /home/joar/ros2_ws/src/subvision/build/subvision/build
[0.752s] creating /home/joar/ros2_ws/src/subvision/build/subvision/build/lib
[0.752s] creating /home/joar/ros2_ws/src/subvision/build/subvision/build/lib/subvision
[0.752s] copying subvision/__init__.py -> /home/joar/ros2_ws/src/subvision/build/subvision/build/lib/subvision
[0.752s] copying subvision/read_controller.py -> /home/joar/ros2_ws/src/subvision/build/subvision/build/lib/subvision
[0.752s] running install
[0.753s] running install_lib
[0.753s] creating /home/joar/ros2_ws/src/subvision/install/subvision/lib/python3.10/site-packages/subvision
[0.753s] copying /home/joar/ros2_ws/src/subvision/build/subvision/build/lib/subvision/__init__.py -> /home/joar/ros2_ws/src/subvision/install/subvision/lib/python3.10/site-packages/subvision
[0.753s] copying /home/joar/ros2_ws/src/subvision/build/subvision/build/lib/subvision/read_controller.py -> /home/joar/ros2_ws/src/subvision/install/subvision/lib/python3.10/site-packages/subvision
[0.754s] byte-compiling /home/joar/ros2_ws/src/subvision/install/subvision/lib/python3.10/site-packages/subvision/__init__.py to __init__.cpython-310.pyc
[0.754s] byte-compiling /home/joar/ros2_ws/src/subvision/install/subvision/lib/python3.10/site-packages/subvision/read_controller.py to read_controller.cpython-310.pyc
[0.755s] running install_data
[0.755s] creating /home/joar/ros2_ws/src/subvision/install/subvision/share/ament_index
[0.755s] creating /home/joar/ros2_ws/src/subvision/install/subvision/share/ament_index/resource_index
[0.755s] creating /home/joar/ros2_ws/src/subvision/install/subvision/share/ament_index/resource_index/packages
[0.755s] copying resource/subvision -> /home/joar/ros2_ws/src/subvision/install/subvision/share/ament_index/resource_index/packages
[0.755s] copying package.xml -> /home/joar/ros2_ws/src/subvision/install/subvision/share/subvision
[0.755s] running install_egg_info
[0.757s] Copying build/subvision/subvision.egg-info to /home/joar/ros2_ws/src/subvision/install/subvision/lib/python3.10/site-packages/subvision-0.0.0-py3.10.egg-info
[0.757s] running install_scripts
[0.777s] Installing runROV script to /home/joar/ros2_ws/src/subvision/install/subvision/lib/subvision
[0.777s] writing list of installed files to '/home/joar/ros2_ws/src/subvision/build/subvision/install.log'
[0.828s] Invoked command in '/home/joar/ros2_ws/src/subvision' returned '0': PYTHONPATH=/home/joar/ros2_ws/src/subvision/build/subvision/prefix_override:/usr/lib/python3/dist-packages/colcon_core/task/python/colcon_distutils_commands:/home/joar/ros2_ws/src/subvision/install/subvision/lib/python3.10/site-packages:${PYTHONPATH} /usr/bin/python3 -W ignore:setup.py install is deprecated setup.py egg_info --egg-base build/subvision build --build-base /home/joar/ros2_ws/src/subvision/build/subvision/build install --record /home/joar/ros2_ws/src/subvision/build/subvision/install.log --single-version-externally-managed install_data
