[0.559s] Invoking command in '/home/joar/ros2_ws/src/subvision': PYTHONPATH=/home/joar/ros2_ws/build/subvision/prefix_override:/usr/lib/python3/dist-packages/colcon_core/task/python/colcon_distutils_commands:/home/joar/ros2_ws/install/subvision/lib/python3.10/site-packages:${PYTHONPATH} /usr/bin/python3 -W ignore:setup.py install is deprecated setup.py egg_info --egg-base ../../build/subvision build --build-base /home/joar/ros2_ws/build/subvision/build install --record /home/joar/ros2_ws/build/subvision/install.log --single-version-externally-managed install_data
[0.743s] running egg_info
[0.743s] writing ../../build/subvision/subvision.egg-info/PKG-INFO
[0.744s] writing dependency_links to ../../build/subvision/subvision.egg-info/dependency_links.txt
[0.744s] writing entry points to ../../build/subvision/subvision.egg-info/entry_points.txt
[0.744s] writing requirements to ../../build/subvision/subvision.egg-info/requires.txt
[0.744s] writing top-level names to ../../build/subvision/subvision.egg-info/top_level.txt
[0.746s] reading manifest file '../../build/subvision/subvision.egg-info/SOURCES.txt'
[0.747s] writing manifest file '../../build/subvision/subvision.egg-info/SOURCES.txt'
[0.747s] running build
[0.747s] running build_py
[0.747s] running install
[0.748s] running install_lib
[0.749s] running install_data
[0.749s] running install_egg_info
[0.750s] removing '/home/joar/ros2_ws/install/subvision/lib/python3.10/site-packages/subvision-0.0.0-py3.10.egg-info' (and everything under it)
[0.751s] Copying ../../build/subvision/subvision.egg-info to /home/joar/ros2_ws/install/subvision/lib/python3.10/site-packages/subvision-0.0.0-py3.10.egg-info
[0.751s] running install_scripts
[0.772s] Installing runROV script to /home/joar/ros2_ws/install/subvision/lib/subvision
[0.772s] writing list of installed files to '/home/joar/ros2_ws/build/subvision/install.log'
[0.824s] Invoked command in '/home/joar/ros2_ws/src/subvision' returned '0': PYTHONPATH=/home/joar/ros2_ws/build/subvision/prefix_override:/usr/lib/python3/dist-packages/colcon_core/task/python/colcon_distutils_commands:/home/joar/ros2_ws/install/subvision/lib/python3.10/site-packages:${PYTHONPATH} /usr/bin/python3 -W ignore:setup.py install is deprecated setup.py egg_info --egg-base ../../build/subvision build --build-base /home/joar/ros2_ws/build/subvision/build install --record /home/joar/ros2_ws/build/subvision/install.log --single-version-externally-managed install_data
